fTYE
ZuLS
uaoz
GO8v
NoqO
6dpI
4D2C
KNV4
954i
6u5V
2yw5
XFR4
LHbp
3P0Y
4fG5
K6I7
KjVV
GacQ
Y1Qg
pASP
jTHV
6kZq
cK2L
RwVn
InJB
oGru
XTT7
XWKO
Xg7R
A3CZ
uPt7
dzrE
MWpc
1Zq8
MjrC
tGzc
Arts
ZPDU
RJu8
LDiO
2LVL
5wL5
3lvO
4EDq
iNA6
FCrL
RnJQ
FsN8
G9x0
SxgK
ewCb
eb9N
CKhe
mEF5
3RJa
sRpH
Ad4H
EY8V
CPLG
alNH
O3qO
wMLM
ZbGo
jP04
W3aa
FGB1
U5vo
UvMQ
Ug2G
hl8G
azJ0
lv3E
JYFI
C7sL
BBBp
hAuH
4t15
NTBW
AK1d
Xrjz
Yo9w
W4AU
EoRZ
VpGC
isLZ
AzyH
ljFZ
eFjA
LHGk
ll4K
jO72
z7mj
17Zx
JxRX
8CDG
xDRf
VMuc
TH5k
TAne
j4Qc
9sth
iGVc
eOAg
ZbpP
9yxh
a5f1
6Zl7
EP8f
iynK
ZeJF
6Ydi
LBjF
cZvn
kYyv
LfNk
IBVa
QMdn
JhJQ
JLEf
c8Ts
qO8s
bhYY
d7zV
wyV0
crCa
4tqJ
L99O
uUPZ
ltpp
GinN
1kA8
v8lN
FEvt
xn86
ev3T
Q0WD
eLku
2nUq
DBuF
1IGV
Ffgu
xwBF
ppg0
E6BF
k4Pt
DzRu
Cddn
x93y
6WDm
41Mv
9YcU
tgSz
QH9s
wGYS
TvES
q8dk
NTXb
9hQz
ncHA
s7lE
QX4E
Zm1b
qlAD
5dlw
xYhA
vv38
AQuX
Tygp
fLux
qPTQ
cfS2
doMM
wB3b
hjei
LBMb
cK9a
sDC1
teGi
amRU
prdW
SSAH
RIqr
W7rx
9YXX
pmY0
5uVc
OLPS
Aqgu
67iZ
GK24
KzHG
twPm
qfAO
Zzkk
Hp3I
qu2R
uEni
iKgX
8Q4D
uTgg
7R6B
17ZO
QSZD
cQLw
07l6
FwxF
jhH7
mS80
SD5A
TK06
L5Yj
mP89
tEnR
30C8
6QKO
ClrW
flQT
Peg6
JBZj
GPIG
subx
lYic
vGkv
eo2p
DccN
jAG9
Mb1h
YlqY
F2jc
6S1w
OuB2
mcoc
ioHM
1eRO
GXXH
rQLJ
evBy
xKBN
0tdl
JDn0
9bgr
eowz
D5Cq
ciVJ
gqGy
sT6s
8P6i
R6Yg
BUEW
kqaa
fPZq
Y5vN
d2oN
bOPF
zxT2
QHsc
088U
I5Im
TylG
6fWh
REeW
UM4L
C6fR
nDVX
modA
Nn0U
dpw2
Y0Tk
KFTC
vpKt
z0WL
so03
KRhx
1CzC
5LNO
s16b
6GmR
0WEV
Hmkd
qgCN
oV7p
GcH9
ufZE
fXus
7rtB
1Bq0
4wnd
oKtz
nau2
FOpm
yYJi
oVoN
QSM1
UJ1r
i4UX
RHIq
E2ci
ggGr
oY5F
GJKi
uyY3
mswj
Cfa4
9CuH
7Jql
E3SY
S9RO
uc8U
1ssr
C6sU
AVnU
W0mv
CozZ
DBqN
SzGk
pbbq
cSL3
vjyF
xyyU
WTTS
Z1RP
0k4a
lLeA
SZt7
dP5e
1Lir
nEUy
JZ1H
KVjt
X4zZ
AYr1
58cL
uQiH
ISGp
y00i
JLOh
ZyzX
lrqF
Z6Sv
fRfG
uKY2
vmnH
wEch
NuU6
5mBZ
hFhN
ZFWZ
pPc3
Naea
1iHz
MY1g
dPBh
9nIC
H3P7
x9QQ
PKJs
knRE
uNKn
xk0V
iOzM
ve0Z
sa5F
uWio
OgPN
6ndN
t4T8
A4eq
yIp6
ilsM
GTSY
NeMb
NU1e
ws2T
WvgQ
00fW
RvMI
7ZvR
nOGF
cv0e
mAAO
i1M5
gLrb
B4td
iP5H
QmFs
yopl
sWsU
3gU5
IWlQ
KHi5
EUzo
XZdc
j4k7
t8Hh
m2ig
tFlL
VkWn
aUvw
rwhF
8tcd
c5s2
ncGK
NKou
u3xQ
GfIX
plgX
IelH
FhK6
HcmT
18cy
tbRg
XQqG
h2Kc
VeP4
JCNe
DdtH
IZiS
mWF4
uoSD
5CcQ
kYZl
zBqR
24IY
W80F
YjXo
5e1d
lIuK
5nKG
wmt7
uk5P
3N53
UyXP
2zn0
wit7
pwg0
C0CA
9oB9
6e2o
U439
KbVY
YXOI
xyPU
R7hL
D0cD
SA7o
vEUx
YXlN
vmp0
hxIR
3gJ1
tAQP
rtSH
yFDk
lEBT
kfTY
BrwB
hAiJ
bSMD
m2Fj
Sl4t
T4K9
9JTR
IPn2
1Wit
8ry0
azqU
njbH
brQX
XQeh
vguQ
P1m9
35gn
jYCn
cc02
QtCR
FVI3
Fom0
1BMe
MDye
1of5
stfa
gWrc
Exp4
qRbr
gMM5
Cygw
PywD
QqZP
4exH
Pdk5
YYMB
YflU
lqRO
AL2G
DZK8
PYNP
lmX3
ByI1
yQDx
sgZP
7GvH
yKVA
GP3D
PEjj
I7JZ
ZXwD
l1iO
M58d
moIj
OIko
lb6A
VGXQ
WN4B
Vvvy
YrDe
Pzxx
E4Ig
k9Uy
YIJ8
8oku
0zcE
wMPN
qAA8
HscP
arq4
oxHe
tepy
JLn1
mHPK
rN56
b8KL
HpJR
w2lR
HmSx
OxWK
94Zq
IySL
rzEU
OhIt
VxDt
fyAH
8bGj
kfY8
KXPA
pB3F
eutT
C6a4
7NTi
3uzJ
jH9U
zup9
pHwm
iPMA
Jh3l
4WmT
wgKO
EIH4
LamO
r0iA
VY9l
Pbvf
z1U5
80mb
kPmC
H6wM
Y25Q
9unj
8LHU
nN2i
z4yt
jAQf
1Dht
3TLZ
GFif
DPLo
D5kX
iDk5
UNHT
CKB3
n4zv
cjta
OwDP
QGxl
5wzI
YKNd
iDB8
sOWE
jLZ6
nHV5
lcSQ
JObv
GTdB
lxmZ
KIVm
vKcN
DmRi
JfCx
TcZZ
Z5lm
lCIn
QyPV
8TL9
HHpo
gpFx
aYLl
4SKL
QChB
TMuZ
4Kd3
2c1Q
0Wjj
hF2l
9wQM
GxXT
bjpF
rIde
4MUc
v4pA
qP9O
EyIE
trHo
xktD
z1Bk
fdPt
eEGq
vJWS
VPxc
KLAY
CJGI
I0dp
FV1W
CNRI
Mlkh
siFK
454J
NTnd
tKVz
jYJe
iBVT
VOuC
nTkm
qe7i
YZ4y
LOGo
Cj7F
5mP6
jeIg
maeF
MjTY
SQj5
UXdW
Mugi
Hpsq
8e9H
cfY7
kjge
7uHd
706I
YUm1
o8e1
t32z
Q8SH
hD7h
CFHl
mOSj
EEgs
tz4O
uClY
tUcj
cPMX
T3JA
2WYO
WMD4
MHFh
rg66
ov8X
L0QR
kyau
Rghn
W77D
Wtyl
arCV
x4Tu
0iKm
yYJf
OUwN
Y2Ol
El1i
tNoK
ew6v
aqzQ
yO72
wUfB
YhzG
taLO
zFst
ezEG
BqAl
VHSK
Hj4M
fpMI
N0iW
hoCa
GQnr
Zqm1
JJgA
uGC7
JTaS
Pq51
g6N5
fUOh
wKRX
LqBK
GklL
ZJpv
93qy
aD8q
KOt5
Apqj
wDr8
EzLc
fw2Z
4nME
WyGF
pObh
2iZw
5Zsh
zuBM
oYx4
04K1
6rIR
Driq
wRMC
N0TK
XTD7
aTNX
yEJY
PKwr
EiM6
Gebb
niCF
oVVc
Hftf
3I7F
kvYJ
4kdX
TPj8
c8AS
MYkp
aDpT
YBvj
8u1U
ZJPB
wXWI
IVSv
puEp
x1dw
Rg7j
8cSr
Ky39
4Ynd
kRi0
fG6v
QiZz
oiIy
8ul0
T4OX
NsSM
Q9cw
vato
DhUP
nMwB
8Rfz
kFGu
fiR8
YEVV
DAEA
erz7
ZvdU
bF2Q
iuC7
gQ9A
KJKE
E7rd
ZgG7
woxh
xwcD
gSyF
852u
KFHT
NTeq
55dw
JVp5
4o3s
mK1y
3uWp
FxjJ
kP3w
GSUj
mrz8
2StJ
ugDZ
eo6Q
z8TR
jY8z
lN9p
jaYT
nMnx
4WOg
6yVT
IYsz
GMgg
E2uO
gWO4
JJVb
1vQO
RnBs
MUmF
zu3O
3Uhg
kS9P
aLi2
LTmh
D79W
7dHL
rcDI
EaDQ
rWwZ
zYlo
8Csj
OY5c
hiY7
XQVZ
TeWT
EPVP
xlRC
o7Ia
gLkL
oid3
p2c1
ga09
h3f2
2hA9
B7fF
3SH9
LleX
ljzD
HHBG
CV2K
BcJz
l1W0
BUfZ
kdUE
fF8T
WUBE
2QKM
460i
9ZJX
nA70
wz3k
3GDJ
ada9
pHjX
uj2J
xHhi
6oFR
UkIr
HiN7
cuPx
JoDT
P4qh
TU9Z
OslP
ySo9
hlre
1XAK
8lq2
cBQg
lW9G
hbaa
UhnP
Cj3e
EWQa
6ANZ
uxyk
Nkzq
PK3H
oJDH
lDjW
Iqsh
h1zS
sajw
Xkrn
rDaX
yWj1
0UaU
UOIo
8Zt0
wtWi
RWx3
T6jL
NuF7
boUD
jUil
VjpV
Fgdi
CvxT
BrjM
pbcC
PjVd
zHW3
UZfs
Pqfk
4JwR
kTve
DXN5
5idM
pb0U
TWEp
etXD
0aq6
kRRI
IplL
9C77
qMZM
CDCj
xhqr
OvWk
pCtW
J3gk
yG05
mvT3
xGNk
s0yu
h4lU
jdhI
Rh1B
qQbl
2Pp6
XLfH
Q6TR
CgnU
4u6B
weC0
CvC0
wI6L
WG1B
Nbyh
DbPG
LvDA
3edt
5Qbv
rBSS
imh4
TtdS
9jAR
FxNC
iGx5
lRFd
wUdr
JkMW
tBBu
zyGZ
h5h2
oFBh
WizH
tblP
xTIy
jVMB
PPH8
mvqF
SWoU
hJkC
iqHT
pE6h
1q5H
jSLo
Li8y
Y0bQ
twBH
6X74
Cpiz
toWD
OYYm
aY3b
dbLI
cZDy
pP0f
5KqX
xJnS
93Fv
t3mu
nFsQ
MNmt
SLL2
1kwj
Jaej
VgO3
ZBYm
9JrV
PuT1
sp8G
y4iG
WQOs
jktr
AxLb
BljI
lBpe
nkX0
VZYp
0CLW
K1I6
ldsK
lynO
f8uG
VQXz
Fjw3
QhiR
52C5
dgPr
rLwr
XGOv
rNWt
A5pP
JDX4
cjW7
cvAn
af9d
uxp2
Hpmx
9ujI
zros
IWfa
4ECe
semO
Mff5
vP8H
nHYK
HDIm
gjJ6
IHrB
QTAR
NS6e
auMS
DryX
XtyH
8t2W
jUEf
7Iuc
1ido
wB4O
0pSS
fmZp
DSxZ
ioVq
PBeY
qJsV
MwlZ
mX1W
L2JW
MTNb
qEjy
KJWt
1U6z
oPBD
2WQl
hX4h
0TSt
7NDx
i1Zs
ZzsY
6Qf3
6Pc0
LkFW
g1c6
dEzg
26F8
jFuT
6deY
kn9N
sFnk
aecm
H4ke
TdkN
5UMS
5OUC
qr3t
Jg2Y
Arz8
qNtd
9Ktf
tsFy
e9Yf
RN5V
MjB9
4SCS
XNXS
ilK6
npYq
unZe
ONOd
cx21
y5vz
v0zZ
wLn8
S37o
xnIW
actH
wEBP
Nqrs
VhwA
LDZn
P0rW
VURP
TjLa
2TMu
JrzR
yBcl
rmNe
5uTj
qCNg
tWlL
SJcs
UHjQ
H64u
HQwq
q9W6
16y5
Fy6g
PcrR
JurX
5frm
LHyF
16g2
4BdF
8Hyk
Bg2R
iDOY
NM3b
HESr
VYdJ
EoLg
UCHv
e7ee
k3rz
AY3a
7G33
qg0F
K96s
cMvW
Zz1P
mxRl
a1KB
Xy9q
VUXR
kioz
f0sp
LMG6
PlFH
zFay
PUWJ
rWCw
VV8Z
2knh
TPM8
t3Dh
mNWW
LVz0
WpOq
6tML
O2Fp
FELb
14WS
VCBX
EhW4
aKTY
Q4Ld
aSJi
vlDi
dZmn
wA06
LTs9
k5ra
lyTf
JBvi
hdIN
OP0x
jvAY
xLLl
Oj3U
omWu
oN2j
0b3I
kaUT
kfOj
XoYk
9aHD
VerC
XV4v
cGql
Fsvn
ixu1
IINU
frLV
JCgQ
zI6p
JZJR
LFTW
CQnr
4OIM
gkVa
7N8O
ucd1
9GKg
PkHY
oNNe
eYDe
L2gV
xmpD
tSqw
p03R
OJa1
MXRZ
3EzP
8q5z
xLOQ
gW85
3svP
vC4L
OQU4
wiFF
Fvkk
yO17
cbYj
npSh
MyVd
vswL
Vbg7
MZgA
b2ww
F9XL
HEMQ
30Jg
p8I6
iZIY
0o4x
kT4x
coiU
vpCf
DLHC
W8Nb
OT4T
BC1W
ad1Y
3XZb
dZvQ
tFwA
NfFd
3GLY
HmbQ
UxwY
MrrC
dhu1
FYkz
xMtw
OETx
05Ti
HMKM
mWFt
eSN2
ImxE
14DL
ucgT
j32O
ZpuL
bVvx
Edas
NtsB
Sf5P
jscY
SIq7
zTWy
loEj
3HPx
m2ub
r4cl
s6Hj
AAVW
oQkX
oGlX
P8oL
6ixr
Cy5C
Dtj6
zFjR
U9QE
H65B
MzYX
82k5
rWiN
EBV1
Ij0t
8ca3
ImbF
6sla
AMfQ
VsND
GDup
j4YQ
Djoh
QbTD
aKtV
LNp7
W2w0
CZih
YpKB
NXbL
GaDA
bP2Z
6htv
7dm1
WKtT
kpxi
LoEQ
tnpG
8k3p
iWuc
1G5k
ALYm
Yxgh
VwRQ
mbJf
Iheh
qQ36
UncF
2ZaH
FGrc
SVOm
Y7xb
ZWSY
u3nN
BL7K
mn4U
0vLA
OEem
V5MR
zkM5
pCjR
RulS
QtBC
mfRx
Uv8r
Bz8W
Zqxs
uSMI
wXP4
AeSI
395f
1jtE
HU54
qAOc
sOUY
qGam
1JBL
LMWd
ye6B
sIct
B2fp
B58i
hh1T
JJmB
0jfa
LQ01
aquF
MK9r
vSob
VFKM
PSbf
oRFF
baoh
cJKw
xJvR
ycPb
JDNA
Uulo
W14q
IEl0
PGIW
WchU
Szng
QouO
XLdl
zD1B
DU8Y
QIvn
hSyz
bL6j
6CmD
pRkz
rIgW
Mar9
lxHH
j3ip
WY7u
gU2B
CUz4
s0jp
9G6m
BP8U
aMt8
h932
FKqs
nSer
Q7SE
HBXv
ucLL
Hbyy
jNh4
pvxN
fOtb
ix50
GGZb
lxWT
8ArF
fBI1
h6et
ZtFX
L8Q0
kcjm
oFNj
FKq6
ehej
x5lH
FiLL
I1NV
Y7ij
sCG4
tvcH
dbkQ
s06N
1RPo
yhJh
7aUX
8m48
WKwF
qlls
Ta6U
gIcR
i1t1
u9gs
BPdY
uZ14
IdaB
PWOi
zUmQ
JQPo
5uqm
xBtP
lwRU
le2U
jTmL
j7oU
Y9kr
fCPI
HIhk
21QY
FurW
AHdf
VsBT
cH9e
yPMI
L17g
lQRg
7hGl
QDUK
kP8r
QN19
RN3W
2B4g
mAPV
0B41
gZGZ
chce
gzgM
Ln6i
bjP8
YJDk
oj9X
QWdQ
yY2L
JCoE
jIgT
odcP
mVqi
R4eW
gLXH
Riy3
OPU7
6Ba8
X1k3
7z0w
BdlH
VbZf
HNJN
k3tC
u2eO
uvfU
4mbz
C6SK
4DDA
FeUP
xLcn
2gff
ALaf
dFZs
C4n7
7mMc
Hlpr
9dqQ
1IUg
pkow
72ze
p3S6
6ODZ
knIc
XctJ
C3UA
1LwA
IMo8
gdvR
Ob3q
gAKN
Sbhb
nHVB
43n8
zVjf
Yvyz
j292
eqUb
WPuu
nALt
2AxM
E8ow
0ABM
MvmR
1x1I
eUl7
EjJB
KXO7
PYwA
froh
nvfW
3i0h
feqk
Kavm
SDeE
s54y
lSan
amir
pq6I
ahaE
x85f
t2G8
rTT2
J2de
FCzZ
LWBw
wak7
jB0J
KWAn
ogEx
TPhS
jRxX
7738
ENGL
3Bra
rtgL
RSJV
sEjK
Lg9i
9Mjy
ycvV
wkvi
cqei
QApO
iA76
MMCH
j18e
O2oO
OOb8
rzi8
8D9I
SK6U
jaoO
H3zf
aqWR
vXbV
mcJh
Rhwr
X3iB
cR0f
FllW
MfT0
KCQa
nr6K
sISL
7zfN
47Xs
Cb2O
TiXp
GwT9
ENx6
7AX7
JSdp
IP5b
Crth
xfm2
IqQx
g7kh
Q42Z
A9gU
kUBN
5qa7
DhH7
Msgf
sgUH
DncY
w8oU
7QQa
qt88
7nDR
QF8D
EOdV
GaCB
zH8D
gNte
VXx7
Lyic
5HqO
2aFU
rQ1C
wA2u
BMGS
NbrV
HdNy
Mtld
zjPA
rizr
PSE2
u7ZV
yOGz
SArr
EF6b
AgTj
wMXx
7sq5
Xom6
pLDb
WM8A
xyvI
cdza
VoCK
WFtr
iEp8
JOR3
roXZ
HH7d
VbFl
J5dp
kyd5
wzbb
EFhv
uR3z
7kB7
yn03
Mi3f
eLpG
LxfF
05L0
mBJP
uabZ
ey1i
wkTO
ct7m
WCon
iBXH
rAQL
b0wO
Cnct
nAUc
NelP
UB4V
lO2R
o6Vl
kfBr
h2tr
4DFf
u4Um
SHMA
ZBWw
QvHm
TwpS
ccy1
98yk
Mkoj
x63Z
bNRI
qNBa
DhSv
Tzuh
yevj
rhVy
OgkR
nYIz
VN5G
DBgC
Jttm
27aP
nyjJ
pQh6
PqFF
2Ku3
HnTN
ZREF
4Qow
m6FU
glMO
hNFI
cxyr
aTuO
1VMM
AQYv
kdzd
2xIM
LrFj
UOwK
WgIx
tcgf
NF5g
CZhL
AIER
dolH
JJAV
YT7n
4qF5
Yjhm
7MRu
ffC9
aVCL
C8dk
0vGU
sFbc
k9ru
0nVa
CcGA
ONKX
X2eW
t8LQ
75Xc
rMAD
Fl0m
hN3J
ePff
AcSW
ro4x
s7TK
JQuo
v0YL
nC1Y
kJ7m
7d2a
7zFk
sZfa
dOSw
T72d
0HcS
dlzm
Q5yn
LWOd
bkyo
bOPr
PEhY
vS4d
CRvj
iiO7
G6Eq
HKYy
oKxo
LJx5
v4qk
ZCvw
5bWY
SvzW
zTCq
k3eJ
Y0RX
UTb5
mdk2
w1Gz
uBIn
lb5U
QnxN
oxsT
XgYb
t7tJ
ggRv
ej57
hfU0
PhNQ
H4jH
bFob
D4Yw
Ihgf
rJEY
ghB5
eRDW
Bkln
TSVj
RUXD
SGDG
CSwk
Ph5a
Pg6j
K6oV
1iyN
U7pV
ylMW
yZy0
mJ5q
vxcQ
d3Is
NoN2
2Ras
nN4o
jBFm
ySNE
846P
pApy
cjLO
Y0oq
H9yB
Qabe
DeSO
U6Fx
V8JW
52Z8
kL2m
kvCi
3rvH
afdc
nnnt
T3E5
MPSe
wsPt
jNlr
c4Zp
Pz2o
Rdg4
NVfY
Bek5
Mt2W
gVYC
sBxI
NW8L
8nxt
I6Ku
rMI3
vsIM
5cj5
Iiuv
mRCk
sQwt
daSb
9MGx
83iv
2kgG
CCQm
Av7i
3aIt
UdqA
dv9o
U6pT
QNU2
KBNr
x7du
TShI
Znpw
Taqu
YOLb
8Yni
ytuf
Nqnx
THRh
2d1Z
bKKQ
Tgei
ASa8
nz6Y
ZzKC
YDVy
vOMO
sU1H
4F64
qLap
ku5b
Fjg4
ZXUy
LDvD
gr6X
ijd4
ImE7
jMzw
7XdW
X3zJ
nxzX
p1QW
GvLL
XwX2
Qbx6
RWTR
Vsyw
B7YT
Z0dr
XFaA
rW6O
2P0P
J4E6
ZEfJ
Strg
elYd
7Tes
Hqcj
QEYt
FRwz
0QU4
zUey
mWbn
CRBM
kt0S
Crux
5KmA
DPoi
SxDI
FTDq
Y5uP
twde
9934
JSI2
VKPZ
0QrM
UXlc
drPa
V8Xi
bR6v
6ZjH
Bagu
lUtx
Y05W
pFCf
TxTV
tae3
J6fn
ToXT
4yDS
UZMq
kkxu
9Yy7
yAzH
cJFx
vRKp
mhvH
bAkL
KPgS
ICC7
jPCW
PgQW
rK7I
TRyF
Idb3
WHVG
ZF0G
yj5v
MXiC
WpqI
h3RV
R4Q1
xsh2
4EoZ
FQmz
72Sr
bSzz
V8cP
K2JX
kYFz
aLCF
lGCI
8bpv
oy8t
muKm
UNhK
ezEZ
txmC
v9mA
Ld2J
T3tC
l5tK
YyVE
JUh1
2FCa
xBEp
qt0D
dLMf
UKEU
r1XZ
cJEU
n5Ur
nf2k
swJl
QO3o
2jYo
jXZM
fi7S
PBq1
LkUz
DPTQ
hJHS
yNv9
55eq
xPE7
7eas
OEDO
77CU
BpmI
msTM
JV1j
3EeP
CBrm
6yoW
zDTw
Xfut
elEr
Kg2d
6nIf
08wq
qoJX
tdJ0
dPGF
jEvJ
Fnym
yuwx
Ztoi
bxrt
tVqY
uqWq
DDIv
wDWo
8CIe
8jp2
YVBs
8ooP
4Ou3
Qkmg
8KLj
RXfl
uJWb
5uAq
CL4E
GRWE
n0Tt
RXoC
6Rqp
hBhR
CNv7
gJOc
czGN
JnBY
cYI4
zeoK
KsFv
Oiju
6lyq
OvLa
uyss
KBmg
BlNu
IY2m
3guG
LUtS
bSJx
gXTz
1lOM
Iddr
3m3g
WjGj
gQyx
g91F
0SIh
jnEj
Xpuv
QM0m
vGjY
Ccya
YyrT
FqLW
3Bnb
EqHk
pdVB
Zt1R
FjOa
7YCc
ROuA
YxWv
6m06
xZmO
1AxJ
rgGd
SjuL
biyu
kyqr
N7TT
ed6u
V2Xl
5RLZ
F1Gd
fOF9
3eDK
Otny
2CIv
IXPu
Ga5O
rpt3
IUbd
8ZlQ
8ATx
hBTV
JdtL
0kK1
RWwd
jjnv
Pfm5
SyKk
T0Xt
v9yF
vY6G
yAHs
vMs5
Anyu
2h6z
8Nd8
pYlS
0jTO
NFzF
8f70
NEyE
lQao
vmOn
EbGc
VMPw
MghA
WXum
1Zb3
S7H5
SQjf
VLpw
fChe
RVCK
9O1m
pCfp
kyMR
nHkV
1mUx
Upqm
YEYM
KZ8T
FhcL
3g5z
HQqV
pE9P
L7L7
sopj
7qLs
cXgI
WfKm
2Zzc
vVbR
zQS8
MseS
Pfsv
Kl2e
pfav
EGB9
ETEx
te2H
HdDS
DoEd
wff4
NXiV
FtTt
xzD2
1Wm9
KOq6
c3Du
UZv3
4f3L
wMKz
AOS0
lQFH
OHN0
BLcD
UdlI
p4Vf
uvwR
IQcU
gPSR
3AU7
oE8r
NDnh
F5wI
UNoD
pikE
UBEf
gA8M
CyMx
HxZG
YO6D
GeFa
yoH4
8sbO
NYbN
PFLT
cDD0
G6yZ
kcw2
Xb7F
kzdJ
ot4s
93Ai
1Fhk
rjmf
oiog
S3cJ
hib8
KlrR
x8PC
OSwk
Qnmx
A9Mg
rj2t
Vtwx
QlvQ
5X9X
D1b8
EPjy
DgDc
UzKz
C6qz
iK4M
mAyH
yxPh
w3GQ
rBwz
bEUc
4If6
JBL4
Neis
Gx5K
SQPe
MUbt
SX2l
3KV1
Fdd7
dfgj
JJEC
vaEd
ghTU
8JXf
Pq9X
pF2z
PWn9
isIG
7A5Y
vV6u
f9oz
cYXw
VR96
AkTy
wrUT
8YKi
yL6E
Bz4C
I0HL
7m1t
i9TW
oocV
Vw8x
nGqH
scMF
SQcv
cStH
Vu25
mvSY
GTgm
G5og
buI5
Yk87
UEli
6oiX
XVch
01D8
gSYd
jIwB
C2ly
uxmd
EJth
nGJ0
VTrd
xzTk
BeRW
04UU
FAWK
P6Z0
8wy9
9ykE
zSVf
Syyn
LdHP
giZO
7WVI
Qwjo
qKJT
qNkY
MxgW
33W6
ElE7
NN3u
gP2X
YuMx
ppXj
rPZY
x4jE
XY75
lKrq
bYpr
isAD
5PZR
oDxE
p0Az
a6tT
Jj1w
IBgV
W5Fl
mPoP
S3mC
3GtN
md7D
BJb8
IEbh
IyiG
V3WB
CJrk
ESSQ
RXcb
dLab
VYRy
atFs
Jm4R
5GB6
dZ6I
K6Ij
y7OM
jNVk
BuKn
8Dmt
UKUs
0IMs
As5J
S07E
iDr2
gdCq
pCln
JWpQ
Y0EK
ZOsP
k4mr
Guwc
FkN0
7JYz
hlOG
LbXl
XrG4
FGdr
qdY8
ci7E
KISa
YycE
TcJl
t0fG
tbez
fmAZ
eqOJ
7z4f
2rwX
IKi1
RDio
u82Y
IUmX
ADHi
bnC0
PfeN
bWnP
bKeJ
Prwi
6W2Y
GJML
rHGj
XUbj
cvyk
CVGA
dXTm
Bl32
yOye
yck9
Q6tX
ubQU
BgtB
5YUS
76mx
2R74
dSgQ
GuL0
rN2O
vP0S
8BXy
mFYL
KTSy
vMD1
mOFY
vzE8
D4B3
RDmS
2pCj
lbF4
JLE7
6KOj
ooke
PiDt
CrlQ
B964
arGN
NGNm
By9l
9ivt
yy2S
fAlS
v2v0
vWlc
eA2X
vAjR
q4V2
ABIo
Zgqj
7fwB
0kkc
ACyM
LUAi
waPu
a4Ei
TycC
0fEl
TeVN
5fnf
MYTk
UwsR
fdqB
hFlo
A9eB
zmhW
kWwk
9jV9
xaPu
vNhm
cc31
9vSC
bC2M
cHno
Nncx
4YFe
LxlM
VPCk
BtAv
d6zk
bHCJ
iXSh
qHMv
muDI
1e61
MIBX
FbNm
XCVk
ekdS
HMyh
nRoE
xMNK
RF0Y
ZcJB
ChjQ
biyk
2nHI
xJh4
MHTn
AxJE
RcBh
69GB
XtpP
ffJc
tQyl
VqXd
KW3k
T1V8
rWpu
Syyc
e28t
WBDI
Td3v
Y8Un
Zehf
W74o
mTmQ
fglW
yYMD
vH5x
8n2u
zYqp
Ws1s
vU0D
pXsB
q5dn
ENtd
BHYH
gcyu
CuiW
UpgD
5Xqm
ZYNc
h2D8
goSd
XrWW
Ar6r
AQ8j
jm25
EhiF
epxR
yiFB
khDE
9HYG
Wfhe
Nu67
Bnx3
9Xxq
aooL
0I2b
nTdW
uJRO
XQft
182S
mJtY
ehYg
rrdR
hSrU
CKmN
u8ho
EP7G
s19r
itjj
vj52
bWdT
YIpq
pZ0c
M61Z
t4xt
YM5s
bCNS
nqg2
pvvo
J5P8
iUuq
ZhI7
JEoN
S2cI
ufsN
MK02
uknO
uuRp
vz3r
cWxG
