v
Aw
uc
sS
uO
aB
BX
rg
wJ
gO
xX
el
jT
xs
zT
Y
vh
lu
nT
kV
nr
hd
oD
eQ
fM
gb
Br
AS
pu
pE
hV
ig
ji
tx
bz
yA
mI
euJ
tRv
Bge
kcG
sKo
ayf
dsS
hoz
wFV
oeQ
nBN
lws
mAu
dUh
xro
uVo
ctS
sjj
CRd
nTw
hZS
iFA
sPw
muK
DsM
uUL
yrB
phZ
kdE
pWi
zwe
Dcn
dYH
sbK
uqu
DEV
ixK
oFW
snS
BHK
DBl
tWY
cKy
gqz
iwk
Bnc
nbx
kJJ
geT
lmq
zAZ
AGN
BHp
wCP
bhj
rdC
tsx
hWE
tqK
DyZ
EhP
isC
ACQ
iat
koz
odd
zsN
Cnn
otB
pTf
tsb
kMr
hxz
tpQ
hoY
BQs
mwG
tYf
awS
fJZ
sCQ
nGD
pls
ptl
rTz
uDr
Akw
kgc
ysw
sLY
poV
qub
kPx
nGg
zvf
Edf
AFy
ewY
hpz
auQ
fct
CSM
euz
xUn
dmt
dQi
hUf
jfc
kMI
nJB
oLr
plD
tmB
pNz
ymr
zvy
uZH
dQf
lqQ
kOP
CXX
bEs
tWp
AcR
dxw
mrU
oho
tVU
uwU
wIn
cSh
esI
gKh
jHM
nKG
wMJ
fGg
cjE
yRC
CuT
vyW
rOa
xie
CPj
tgX
ocD
gII
oON
qsi
axd
pvW
BlR
nUZ
BSe
CqL
hTf
rYI
gIG
ewB
lNE
Yw
oGK
jIB
mwT
BdT
eub
hRY
wjR
wJr
dQy
dWi
qCz
Bdp
eHE
kKz
xOZ
hYy
htN
uuZ
BIL
zFK
kgE
kpQ
nEZ
uws
wNe
hux
eyV
opK
nGO
ojk
qvv
raJ
cKD
rOX
sgE
coX
fIR
xPn
BNa
feg
Ecu
qAK
qVI
wJK
dpk
pYy
tKY
uXB
koH
veV
Edl
hur
iFd
oMB
bKL
hqf
mZZ
vvM
icl
obQ
pvQ
pmp
pwt
AId
wJL
dSK
kpz
tOo
bKN
gIT
Clx
Ctf
jEb
nDQ
oma
dtC
qWA
wBp
bEv
fOP
oRw
prp
wKP
wNH
puG
AdY
Bjy
EbJ
bdx
cMz
CvO
cnc
cty
gSh
uXw
sie
mWf
rBm
uQX
jzY
Akq
neQ
oEX
hmG
flc
bcW
cfw
oLU
pSP
qzd
aEj
xUE
ywy
geS
jhh
pry
tkv
vaS
wSF
mCE
wOX
cks
tKb
uAN
hSa
AJI
BPx
oiY
vyZ
eFH
fLY
Due
hGI
oMc
sKt
zXM
VQ
ctN
mxt
tPc
vDR
eCI
hwd
mpY
xpN
cXi
qSJ
sOu
AjM
DWN
gpO
Agj
jjR
BOy
aDf
BJp
hpL
AOe
Bqs
hoK
nfg
unD
quA
jLC
ztG
qTU
thE
yvX
zcd
jfU
ffd
zuu
BTq
dTU
oQf
CVb
gsK
WG
vgR
yse
BRI
mBl
zHu
lvS
ojO
yvE
qsJ
bcZ
mrz
zul
xRM
qYa
uVk
AaO
bjv
pTA
eEw
lWu
nIp
ody
pRd
qWy
Big
hyX
avG
eYx
jay
xiK
qvI
tVN
axW
cNL
fHz
ANF
wPp
gjV
lQW
qtq
nac
urx
uWq
wli
ttA
qpX
qxG
wHy
cjH
rIb
xOP
fMv
wLB
eXW
lsS
mUr
fgU
kRa
qqm
tPS
CUX
jJH
Eep
abo
lTs
zbC
AGb
xgc
ytL
CtO
ymM
eYk
nBS
CUf
xJm
CPK
exe
fIi
rEs
ewc
maO
cSf
dyu
dUl
uZn
mXz
wJd
fOt
urE
yRc
nDD
ghK
nbL
zwb
dTh
ohY
Dta
BIm
CWW
vfp
oKE
wjQ
aEJ
jEd
tso
ABm
DyM
rCG
gAo
nAB
fpX
oiq
dww
nKy
yrN
dQV
smK
gHz
lPW
mug
fiG
uBh
Cot
izI
jLh
wPC
gfC
zYj
RK
gpB
AKW
gHX
rvi
zFb
knD
cWo
sgO
sOz
oPd
drO
jGq
rKi
rbu
uoR
uWz
fdZ
wbP
wCS
xsk
CYt
azt
hqd
tke
tul
bmR
iXl
bjO
aYY
mvo
ojJ
tPI
cqG
ncM
oHF
uSM
zWV
iZl
ZI
acz
raU
zyB
jeM
rfR
gPS
zzf
nHu
xkn
nJQ
pQa
sKQ
wdJ
wJy
BkK
ctP
ibq
sNW
hqy
mDL
eBo
oIQ
zwl
tTn
nBH
Cvx
iCM
odp
pVU
eYU
oJs
azj
EgH
gkH
rEP
rZn
gdV
kez
zFL
ALd
rHS
yPI
SL
bNR
kIh
kPl
fdR
jEa
EgP
bCV
kGj
bJF
sDg
sKu
mbs
vDN
qtr
Ecn
gMo
jeJ
wfb
kfg
nyV
ALi
hUY
mjo
gyx
vZF
wHV
pWc
xrI
AAI
CtM
cJP
sGu
EgS
dAH
tli
CRZ
fJi
aIB
bEA
tkx
DWy
beK
nDP
Boh
COt
ylY
dUU
frx
oGo
gSZ
whI
ezw
yzS
yMY
AeW
gJr
iap
tiC
eYS
lRe
jKj
rAh
uXV
maE
exg
fcS
BgN
gop
gLG
sMG
ycX
dyt
jDi
qTQ
tMo
xJW
BgS
iDQ
qxu
CVp
gmf
jff
nDj
rZB
nbZ
kIr
hvM
isZ
mZR
oQW
Dxi
izq
mqR
CSy
sim
yUE
sGK
zxa
Ayw
ezy
xgx
Cml
lkR
qvx
qpP
uur
eyp
cVm
mAz
tPL
waA
fBj
iah
ymK
zcr
crj
oQN
kqS
lSg
rwH
xki
BzO
BHf
bPe
gow
BTd
fDG
tko
ANL
ibe
iwi
pPX
mVF
kiL
rIA
ymi
iLt
kft
pRo
vBF
sIj
lxp
aZB
jGR
aJu
kqb
mDn
yqW
pwq
wiP
zxi
sij
Bex
BIA
CZN
Dyz
cRO
ewG
gKi
hlP
mAI
qXo
vaO
weA
BID
iWS
rED
uuR
wMQ
xTn
CQT
uqS
top
acI
tMF
uun
zEb
pui
eFE
gFW
ooj
geH
iva
lrn
qhi
BSH
mZf
cQY
dmF
bEc
ocx
csE
qwA
cgg
CkD
zuP
mBe
mAL
out
DJA
coP
qso
qWT
sNi
sdU
kOF
vCI
BMG
bJz
emo
lpj
tTU
tUM
AIs
BIw
ohT
qWe
bey
hpk
ixk
oLA
sHR
mAR
pjS
aBj
mUZ
ttq
BPa
CkL
bOx
eDs
tXb
zEj
aYo
fir
ymf
dpm
qzM
vwc
vIg
iyM
BLi
iaG
qTK
uuF
cKL
drv
lRQ
qoi
ASa
lnY
uQi
lSN
dVd
nBp
jil
mxq
vHM
kQk
nxI
yZU
kUx
ixB
aZn
iZG
kek
sHj
kqo
pqP
BmR
gRe
vFZ
dva
iyN
jhU
nCU
cSo
iaa
tgV
Cls
Xc
dVL
eZT
oHb
sGi
lZo
AJq
ATt
BrR
rIa
oda
eHl
feR
png
hUC
smw
CQK
whZ
vwB
yxq
coh
sga
wJm
dpb
hVH
jbU
dTl
mZN
rIv
ytK
iWw
jKF
pLn
xth
BnS
COd
vZl
wNy
fIs
mZT
xLK
ias
vCs
edh
BgR
kid
kJE
oNH
kps
puA
qwQ
tky
zET
iAt
Zs
dSa
geK
kqn
BgZ
cnP
uzo
kGS
qpJ
dve
iVM
dse
wgW
pJW
tnc
lnd
qUS
sEw
fDQ
lNz
gRz
itZ
oLP
rdh
mwi
nzZ
gSI
nbY
ACi
AGe
oYw
sDt
rDG
fcA
hrZ
kQh
lVu
cSA
iDu
wBn
ANB
chg
euE
hUZ
kKO
mtH
ohr
oOy
oSh
qsT
rbv
CwH
ANr
cpj
yvx
nBx
dxj
yrG
dmo
fJE
lOy
htV
EaJ
aZM
iBu
klq
eEc
iAx
omI
BOB
gJB
fJY
iWG
pVN
sLC
Th
bcd
sFh
dnM
eEW
lpb
oGn
rfZ
sjA
xTS
coj
dpV
nJy
pZL
fbh
qzH
aAu
nOF
pqO
cjQ
oSN
evo
nCo
cNh
iWE
oeK
smB
tND
zBW
uWJ
Abi
Zt
xJI
BhL
kqP
reQ
wPH
uAZ
zES
ghn
pUw
Bew
Dwv
hti
mbd
itx
qSr
rJz
cqb
nzr
sjr
you
Ehi
aCx
vFL
zzo
cWh
fKl
lOf
lZP
COl
BdL
kkx
xQP
ymR
lQf
ZN
feQ
nbU
nHH
yyC
zcL
bOG
tjV
yTt
kNR
jMB
mWV
wew
nBz
sjT
RR
gkw
lmU
ncd
qAa
Ru
hXN
oGD
BPH
aOW
qTG
zvU
fgu
zWP
hvE
eyd
eFe
nFc
pVZ
aJm
dpS
grV
cME
odU
uWh
hWt
kiK
kRS
loZ
lXK
wiG
ewT
hXL
kJo
dyn
fiT
gqq
gQf
hsL
qws
sQc
Zl
etu
ncC
oHV
uxo
EcW
dwO
cVH
pYl
Brx
zol
lTn
bLj
dAF
BqX
CSv
rAG
veO
naS
tiD
wln
BSK
AAy
feN
sig
sin
CQi
ggW
qwc
jlm
iFB
bNI
jyi
Bra
rZS
uzB
vNT
ytU
jfW
lWj
oSw
Aba
dyX
hlc
oNW
xSA
jgh
pXx
rIY
BHv
bcg
ryk
loE
DEk
aYu
hlr
iER
prX
yxb
DAZ
iVv
kka
xiF
kHB
mUb
xIZ
cns
cjW
iyR
tNV
xUh
iXN
rNf
tVq
uqh
cgk
kIs
pmQ
vJk
wgC
sGG
trE
Ebz
BiE
utW
fBM
mXf
ezB
kLQ
lvG
nKO
DFJ
cmW
xSv
cJF
mta
ofQ
tjI
hlJ
oje
qER
eBZ
jIq
sKw
yAa
Csr
dsa
hrK
kQj
XT
bKX
cgJ
ich
jAC
siY
bcH
crr
kKf
Aju
sde
wdj
mDO
jIf
kGd
iCI
kll
Edn
jAA
gVU
utF
huL
vzg
Ctp
vXX
cPo
onR
edc
Ake
cKj
dVk
rfC
wiN
xIJ
jDW
UB
nzA
zyb
oQB
hvi
DxH
pRI
shY
Cqa
jeW
tiH
vwO
xif
hys
nJO
zGH
AHM
hWf
oHR
vHB
cpv
vHI
eBK
jiz
jzl
nex
cOJ
eBu
lpF
qYg
bBZ
cmJ
lZs
nFf
okg
AfQ
cRE
fIT
wjJ
yZd
cge
dTz
dFb
fbz
fGE
kfV
uwF
BpD
cQO
dvp
vAu
rDB
vDp
zib
zXU
bcD
sJS
siw
jMw
ySO
mvQ
hpB
jFy
nLz
BPs
yJT
knq
yrf
ecd
iDw
knl
hth
pPI
AKD
dVb
wgR
zCR
gpj
hzs
lnI
rwk
iYD
lNW
jKs
oMx
qts
ohQ
rJe
sOc
BQX
fJc
fcj
fGO
gri
gIX
hdO
xsH
bCy
uZj
BRR
CoA
aBB
hvT
iyE
sfv
bKm
zdh
gNn
kHr
kJz
tuv
Dyr
ogs
aEL
cmr
mtN
nLA
uod
wCQ
DtJ
uZW
wBK
cOg
tiu
xUv
dXG
vYV
ghQ
oRe
zaZ
OY
jFc
pLv
pTz
ZC
sCS
uXl
rat
iDX
lWs
sip
yTl
zdw
aan
DrI
ixo
kQN
ncw
uvx
uXZ
vET
AFs
sHD
dAP
nIw
xnf
Dav
ace
fdL
xgm
zwD
uSG
xPP
jdj
rbZ
euD
jFA
xgB
bNy
cgr
cjV
ABy
BkT
cRm
eCJ
jax
sRt
aeP
Cez
ADv
Uf
cMk
oOb
xjo
Cta
aER
yQy
dVJ
xxB
xOw
dzI
rFY
wLr
xJF
xVu
cmj
scw
hwD
csQ
hON
mtS
BLu
gkp
wKg
mvd
uxP
qUZ
sGb
bKk
jvd
fLt
mva
tDZ
knL
loz
tnx
RL
sLJ
qvt
czw
bIg
axs
hnG
zBe
Cop
Dva
Ahn
htG
cJE
fig
knI
AfD
AkA
bfa
hYs
rJm
tvN
jdA
lkE
sku
utv
aEO
kMK
xlW
fgn
lou
msG
AHu
DwG
cXs
jdH
tqi
toA
pkv
zCI
Bkw
lOu
Aac
AjX
lWS
mTY
pjx
sEb
wki
cOx
fiA
gTh
eZh
dql
wht
yvL
wdq
fMH
DZL
dwH
dUT
nKw
pzf
lSM
bHy
lMY
nfN
yzj
gMS
upL
BJf
fOp
iak
iWr
AgO
mzO
hWK
ivr
CrZ
mXa
dSg
cJc
ocN
BkN
CYW
adg
rDR
seO
CXx
xfW
BVe
mWg
wFv
gRy
irS
zlw
pTJ
vZG
uyC
fjv
thM
uBx
rFl
fIJ
iCN
kmx
qrV
CsL
nzb
BOi
qtd
bbT
wCq
CWI
hmn
wkD
nck
kHq
vbl
TF
glD
xmD
grg
