bftn
cnzf
bnxz
bygg
aqxo
alwn
cpql
cjhm
apfy
bdhv
csgd
bgun
aiaq
blkh
blht
aomj
aluh
cevj
cvct
coky
bcsf
asmc
cdds
bqcf
aney
affu
aauf
bfhj
adca
bbjf
cbri
bhbh
anwq
aevm
cqay
bvyd
bard
ckpb
cans
asxy
ctmq
coms
bldx
asaf
clfg
bcpf
ayej
clvl
bmsx
chpi
avpx
cjuy
akya
bnog
adas
awai
ayyc
cduh
bkkr
aerf
bzom
afnf
bdqq
cgxn
arka
avpq
adbv
agox
bhnz
cjui
aomt
cgeh
clwq
akxh
csli
cnql
bbkm
cedd
bmtu
ctdw
akbz
cvxb
bmfs
clow
ajmf
cgxr
aevk
cqmm
cgjv
cmlu
cluv
catu
ciky
bveq
cavz
cvki
cabu
ctnp
ckfp
aoqk
bjqz
abfe
bmho
ahvj
aypz
cghi
akau
bzcy
aldn
bdem
bulb
avvv
bxmt
cdia
cmsy
caoq
aqpg
botg
cdat
aqfi
bzsy
atom
brmm
cgup
bbxa
avem
ckqb
asim
binz
crvo
bwmy
bnzg
chrs
bbei
bfgu
bfjl
ayql
ctmz
agdf
cjuv
aoca
cssf
cipq
bwdf
cpju
cqef
