2260
16125
15279
24562
29265
9698
37441
5290
9265
26544
14235
26625
12358
31994
15855
18046
7089
12227
3517
25540
38865
23887
35388
36344
20797
17981
14911
35739
21946
39146
5883
10738
22503
26630
20739
37281
3572
22886
19102
10436
14658
38970
7034
33255
14340
4998
22043
30156
30600
39526
39594
38463
2552
15432
13074
19776
37204
7978
30171
34402
36886
4738
2662
32880
8343
9837
7183
39542
29415
33831
27454
34031
39996
10366
11530
9906
4923
14278
10826
16752
18342
23808
11143
38750
33698
14863
28221
10630
25390
38255
32730
17090
12777
15914
19165
27581
24026
16343
16612
26491
12665
13990
27198
30033
24909
22109
38263
14319
1253
29445
25930
2912
27471
9279
27549
32068
413
972
31858
38277
2690
16572
4655
37989
11660
25287
6827
943
11721
32478
21267
8033
6272
14100
230
21987
29979
3235
9147
35543
14336
23319
22695
13604
1184
34184
21498
11799
19401
30766
18194
13164
37759
35913
27557
32497
32237
4758
34702
12676
13369
19312
26500
6958
20560
29645
26193
23275
2999
29621
39519
13865
5239
22855
10780
29534
25005
35545
6667
22303
38775
28476
39620
19058
15598
22774
38535
1807
9032
23019
37624
34385
37238
11429
38817
27904
31485
5839
30671
33740
7022
38417
15410
29987
21983
1101
14997
12416
7705
29239
11744
19084
33821
26437
32214
24235
2540
23404
31409
10208
24321
39908
31003
2469
27923
8317
11440
20865
35568
37626
26857
23888
10066
2528
403
34067
37658
23305
12114
27608
22333
13163
8577
34973
32594
34983
28336
30918
9765
39912
30696
34889
6363
27506
19486
36936
8399
35603
33243
29769
8503
25795
29657
39381
28910
2684
39420
26352
34104
22495
13651
1487
12757
2291
34360
26692
33210
158
34430
1394
1933
27208
32784
36357
659
1435
12768
14040
2562
9006
30371
37375
12853
25767
28576
15733
24288
22634
9822
26783
2596
1012
28844
8759
34452
37194
9705
16105
39499
38987
15430
31801
14237
15600
38342
35169
38587
17906
16519
11567
6593
799
13389
23685
5083
15080
34629
21846
5513
20449
38242
39261
38937
11869
29192
16336
21445
6233
25712
36584
25871
33999
24381
29013
14179
11333
28124
18995
1257
13458
6808
17554
33335
7921
37860
1132
12923
26103
21158
32740
8807
35197
32165
650
13589
34790
6580
35126
39621
38131
21794
20321
29090
24130
1531
8458
4708
27806
35128
31353
36918
11971
21915
18814
11211
3035
9682
23846
9880
15456
38616
32765
10808
32585
22683
7113
8235
14008
27398
9752
28043
20405
20673
37521
11088
8213
34480
17751
9063
38757
19907
20555
19882
4066
5941
5841
38218
10175
12473
19085
8434
32319
35698
33021
30447
9736
27046
14796
20679
5652
36483
11490
345
33732
17912
26730
3953
6631
2201
39696
35302
14447
22965
31107
13570
23923
24099
7512
38411
3146
32393
36150
1026
9677
22609
19905
11197
14943
39406
25920
10648
10421
37216
21382
17370
24619
12342
15453
21704
19399
20326
17120
1137
7955
37642
4255
19260
9442
24946
18364
30663
12349
8626
28822
7810
14150
15794
7307
15738
4574
2854
19357
27354
22749
7275
29349
24581
112
23321
13207
19766
3379
15213
24520
15433
16707
32916
14962
35391
32066
2746
20788
25061
21367
21588
15021
39880
1948
11864
23432
15513
20192
2536
37724
8133
16520
2111
8333
34534
38846
38902
5280
25557
26912
4433
20523
73
1670
963
31472
17259
26779
34666
35740
29984
18660
37687
87
27567
18495
25360
24077
3465
30546
4045
9636
5599
24679
25745
11422
8655
1872
15788
28876
15415
31386
12695
22677
9591
36407
21784
6356
38097
2029
20382
20025
23419
37393
16618
26276
37751
31111
228
30603
36916
13654
17544
13546
8653
24098
35773
8629
3446
9296
37249
17004
23385
11075
25457
10326
32341
35704
18216
30417
20756
35655
33069
5506
10605
16034
623
39159
8251
15504
36687
9651
30859
3490
20072
23245
38689
14173
12725
9028
28380
34693
3262
6178
29449
30124
13971
33129
27460
15198
17219
6659
2274
39475
38368
12924
8090
5632
22471
19556
20203
12398
14406
35924
23965
14888
25379
14129
27287
35978
20693
5826
12779
3750
20381
39366
37313
37960
26409
16927
6752
33670
31670
19061
15136
4247
9300
17771
36448
4563
6928
31089
23117
13786
29204
24406
13286
37343
21040
5687
2240
19917
6725
13643
29341
17031
38156
24212
32038
10728
30952
38833
22427
15591
38506
9236
28771
20974
38195
6822
22489
19648
3519
31666
25330
35845
14342
19078
25737
27856
19110
31400
6005
24083
29813
24548
14231
37878
16054
18357
1286
6526
22012
9755
19491
28327
24768
17631
13883
26155
21099
13201
32583
6880
33139
2409
12322
30420
16697
26996
33055
20119
331
34276
33748
32954
33758
29633
4640
22764
24439
22846
224
39682
3690
33898
7304
32201
10836
14655
8432
6210
16267
4979
17793
23103
9847
1984
27743
30331
34237
26195
21813
5201
10590
38427
15025
18507
19009
8930
28062
38808
267
10068
565
27207
4401
21349
16193
5521
8800
2447
21831
11511
35133
19573
944
20287
22844
39101
25214
1273
4398
1040
28591
13225
3649
9404
24315
20891
2871
39386
37414
495
639
766
25911
27657
35561
36376
2863
425
16337
34905
12002
8045
328
35307
21592
21894
12855
67
33460
26045
6202
23362
19070
10445
14755
10549
35142
21188
26657
24841
8523
14463
16365
31247
15521
7056
5169
11270
28139
16158
4535
32270
10260
3579
22579
31834
20967
23278
32984
34028
28536
16566
31878
13690
3696
20897
30046
3057
31985
19878
14945
24062
9728
26607
19765
3599
31402
1892
9133
8221
33783
26696
22246
12715
39086
31276
14544
37978
519
16434
25175
38873
35065
2039
13349
22009
35159
32550
9335
35890
36701
31373
27866
36949
30155
27297
1133
21669
18142
37666
27996
30541
307
1483
3761
36250
19826
36573
38788
9622
10959
917
26835
11742
25118
35429
5653
6331
38017
28625
16295
32470
21275
18559
36653
10566
25569
27462
23712
22953
1716
26886
29321
24599
13147
37057
9946
20676
13255
37783
34365
22362
24059
34153
12160
10827
13025
1963
8794
36169
33989
36030
39994
20355
17791
23513
1866
29033
323
19105
39376
16516
31226
5130
33671
14093
28649
15679
5297
6512
27812
27218
22519
16127
37870
19605
2549
8963
7709
11477
2414
12564
26033
34977
558
21295
29631
19210
28878
9720
27721
30299
37511
31945
34837
29463
9582
37198
25199
11016
1492
19599
32125
31924
29355
18383
35512
24568
1238
21691
30605
21722
34377
39821
15643
39177
10263
14419
35519
14857
21000
27304
24397
31476
19309
34541
11025
14941
21682
31234
32212
19103
23694
11873
30091
31117
25132
15876
3013
27073
1970
12849
23361
35553
5890
33896
26496
20626
33043
7340
39775
22463
30342
36208
10234
29036
22856
24607
31525
30288
38206
38671
34180
9136
24755
27308
22720
21791
23840
26324
6147
2345
24460
13177
245
8960
1857
38534
30849
35236
14904
27407
6599
13833
30548
14876
33963
14247
13926
27484
19255
21981
28676
17946
2432
5900
26089
32282
35531
13600
32820
31700
12191
668
38939
129
25857
19323
15234
12413
12448
18250
33198
25057
23360
38900
29634
17320
6172
19955
36365
35052
16178
24745
15069
18898
25098
12362
26691
14672
11969
19308
5913
152
10683
30047
30687
26849
36780
14120
2349
3085
35666
8806
10547
853
26023
20718
142
29639
29527
33034
5703
16673
6004
13732
36241
20953
12232
23196
17708
3396
16869
47
35221
27239
35406
18684
38508
2806
33070
11875
9134
6978
28883
34738
26134
15674
30631
9821
21549
12430
39074
33974
9139
35629
24796
8682
32266
9808
26082
18288
29885
29928
38282
14708
5563
24349
28769
33799
30448
26774
35412
6092
19036
26966
11304
9905
36395
22476
25474
16512
18311
14881
8037
12067
1160
8375
25677
21022
4072
18520
5982
22484
27389
17301
21539
7379
25454
25002
38658
31228
30101
26240
1809
37410
39302
19318
30453
23913
39142
36214
36731
23279
4038
23588
15791
17561
1863
14930
36268
20162
39123
25876
26536
27256
4969
35895
29500
17724
7995
37220
6966
20331
33187
11395
31352
12151
21314
33199
29351
26302
13220
10700
38680
4070
15000
26787
14030
16080
5504
36097
1517
39147
4475
8186
38961
24648
21544
24045
15549
18151
8582
23696
37816
17514
5490
14522
5973
38376
13126
29195
38157
34151
29135
9713
21641
6437
10347
36337
33986
13067
22390
37524
9347
38086
11282
17704
22690
12750
24044
25440
27960
25206
36660
17765
13912
29499
32054
7614
26519
18657
18123
11785
38631
16998
32958
14060
16688
28260
17682
20713
19444
17350
31931
36696
3333
22604
36305
26162
17732
27786
21088
2119
34090
5500
30441
34376
18795
15942
18809
983
10295
30048
30610
18443
24997
8292
30209
32442
4525
6294
18690
29485
26933
29489
1949
13560
15908
16314
14300
27049
32671
36530
24877
13963
30358
21838
8283
16925
5090
23665
8834
15956
12885
23954
10684
37806
1152
11680
35941
24236
423
34558
5100
8360
31420
22881
13630
1936
7132
35610
11264
8791
29338
21883
16110
32001
36926
17373
11396
36739
2740
23563
18137
38264
39541
8185
25283
32586
28403
18858
26641
35118
22308
8824
3975
29362
34669
31505
19053
7885
5480
12173
9944
39607
12830
6170
15852
15683
24069
22906
17033
4300
33654
7664
29352
23825
34705
33349
29065
7236
2839
26891
7988
30937
9973
12045
17052
30863
28981
32288
11792
7422
37811
13718
39721
11999
31761
15459
27965
27457
15619
22814
25865
6616
17735
1681
38789
23020
29328
6663
32534
11928
4829
17427
35230
18859
20006
14689
28326
10799
37225
1278
37169
11886
16035
24351
16720
35723
21944
10840
27067
9618
19629
10453
1455
1223
27052
6302
8264
33560
13374
2843
2851
796
2116
2842
26270
30250
26368
34934
31827
33251
15985
15475
26044
39436
3308
19489
33838
35613
36485
37029
10686
28586
11144
32499
25615
10043
39713
31303
9297
11216
36340
13023
295
38751
31395
27491
2904
15582
20021
16551
149
33870
20595
18084
2698
36908
33549
8349
20505
18604
21945
3721
5339
25041
17462
18715
1712
16039
36946
3646
25133
31262
18771
36462
14147
5216
10309
9164
30958
2003
37864
881
31879
27625
17238
35757
32150
14828
38132
24008
24668
11335
13661
7298
6724
27148
2355
28272
32633
15354
25241
37419
1025
30878
32457
10082
23793
27517
11056
1366
34132
19852
28448
3307
24829
11102
26014
14420
31751
37266
30752
17480
4253
39680
26710
12006
33047
13193
9078
34446
36466
8892
15165
27631
6582
39905
14071
11265
26386
33472
38067
5510
3910
13548
38514
28151
39532
26512
27450
29725
9149
9936
3700
37155
34154
25328
10404
26047
32296
25406
32088
12819
10856
18410
28656
9173
26591
37212
2995
25042
15451
24887
29170
19786
5077
1554
17761
34672
8088
9433
37162
6413
36101
25614
21075
20460
27387
35726
34325
21178
187
22669
37527
6108
8191
33217
111
34899
32686
31575
38015
20022
1245
20483
8453
4950
19928
9523
19886
31436
28441
13753
2166
25773
31309
8421
11989
22110
12426
7046
31842
12660
34330
3543
10812
5475
4723
28537
27322
14942
25549
13530
37981
22072
27704
13068
24571
2190
37257
22895
6287
21612
12099
33803
6474
26875
21351
20142
4863
32838
39843
39704
2794
4239
39871
8872
5
12985
28300
10496
2103
35994
6612
26803
18785
39484
33002
20655
26468
28276
18245
10499
36963
10852
9463
7583
10363
21617
18929
12305
21490
6776
17591
12599
22235
4222
18610
34663
14970
645
25907
27087
32451
36273
37065
19743
2045
18480
16403
38119
22270
31562
15735
21144
5186
20562
29457
21127
17331
15843
28894
3191
38343
22213
19172
30276
25649
13688
36583
745
27512
12405
31953
15963
4579
29651
2420
3886
14337
31431
38719
13415
38083
32565
17376
3412
23300
37891
31978
33261
5969
22069
22015
1164
21269
22490
26306
35882
24374
22761
30376
26328
22085
25798
6762
28023
22750
12871
1259
34593
24831
8450
6274
16886
15530
21255
19726
6256
12030
18180
34383
38327
24918
36174
23480
18431
39774
33723
30196
33752
20773
34149
10431
1877
25479
7721
9686
18232
39833
24372
7233
9129
5925
35560
37339
16491
8329
8911
33535
31336
22631
10571
36631
6087
28060
24895
27663
5518
7904
14877
29542
2311
1900
18985
3210
1890
17816
20468
39306
37827
17030
21101
31411
21537
12689
1762
26767
19596
32461
31027
23054
13465
14954
7071
10500
31905
28892
3587
12523
23788
33790
4792
34426
37933
4945
593
21412
31467
4584
18112
37168
7574
23850
24179
33902
36787
15630
13978
7508
35498
2551
11152
27264
35774
18855
14461
11322
11224
21953
22161
27056
11556
5371
27763
21405
12023
14644
10055
32036
27628
3189
37628
2258
22583
36595
14492
15827
5333
32612
22641
11334
335
11752
19906
34976
33241
28890
23309
9685
21246
31403
21153
148
31478
20354
14628
16632
12500
27769
28638
3585
29747
19198
38581
38013
31805
35146
33525
15830
26362
16228
35360
16778
4277
11437
39135
30220
39378
19536
3334
22756
35710
14786
19150
16780
26267
37466
22335
25635
26686
4521
34618
37374
38322
14593
1611
35435
30458
23044
11061
30638
11235
30596
5403
4532
35050
22465
14002
1479
26861
289
26483
29640
19178
21920
5353
31339
15816
2164
31800
23941
33721
16136
14553
12192
10960
10769
17567
12323
35352
18805
23803
36799
23324
11666
10245
27373
6219
29031
18807
36229
30804
12617
39170
22847
3753
14454
28033
32176
23216
21891
28038
32400
7715
25606
4424
22419
10876
28212
20610
36740
8779
32474
29638
23989
29083
9010
22900
7091
1034
29953
36642
39981
17479
16664
10477
10426
1269
37101
23147
38810
530
14770
8018
16546
37482
17835
17558
10806
24698
38085
6821
31675
19935
39930
26389
28559
4505
10847
30569
21149
29535
5586
3074
12956
37433
30190
8362
17300
17245
5179
28609
20301
38257
5608
22412
8853
37203
18
17346
26901
12859
10974
17951
11943
36831
17505
17762
30112
12179
2771
39264
31857
10108
17624
38972
6171
15100
17224
27378
15039
16762
10235
31258
24060
25757
2867
7058
30385
27336
24879
3529
32279
20241
28343
32624
18037
32317
25169
15961
32007
79
7406
4389
7733
22528
15182
4852
13491
19681
14579
9667
24318
32664
34208
1427
23253
25620
38230
39333
9912
3502
16455
2972
17484
23866
6055
34065
1161
23408
15388
31729
4546
21900
4202
9955
5680
7133
33468
25470
8222
24560
30063
9200
34361
2893
851
20213
26656
10798
37680
32475
17420
1587
30597
1353
3429
31755
31787
14156
31547
21473
14778
8370
28556
30883
35746
13703
22261
29006
21165
13895
1859
35434
10346
24659
22037
19371
16784
9336
30877
16867
34305
15072
11390
14609
10810
39332
18340
31724
5370
19394
876
38505
26597
8980
6489
21798
22278
25191
26456
5078
589
36922
16708
22320
31527
420
29346
18728
34239
7914
1230
22737
22418
11988
36062
29496
32348
3445
20589
36615
37645
4155
29632
20556
1416
1846
17911
23286
575
23911
553
18301
13642
36930
2206
22943
21839
32510
31423
10034
37569
9468
13542
30079
12196
31222
37604
26562
10384
28452
6973
20878
30402
1423
35894
4199
3506
544
34659
6883
13977
18390
23437
14917
39578
32634
4003
4788
21050
30286
22642
21492
39444
1031
35460
21586
34348
4619
30341
39096
3291
9270
29418
4782
32063
5460
33645
4842
26814
3934
10631
20803
13297
25302
27312
20035
16587
5705
15206
17961
25940
14020
9052
2660
24257
10779
16015
10527
15285
39601
21440
36244
20637
20511
6250
15868
9294
24889
31070
16885
45
20080
24163
27162
22164
18329
23777
19542
5531
37206
20690
35602
7621
6763
37515
16849
25262
21030
1061
37928
39790
9071
12765
2573
26740
37305
30891
32737
31355
27798
6151
14547
34498
29488
32811
22675
33983
6193
12502
34260
28794
10660
31092
7331
24031
28611
29797
14177
6223
31313
12560
20835
34869
18513
20708
3598
19194
15522
37567
23977
5342
2710
13901
16630
18497
19723
18196
34114
29249
36718
19449
14510
3489
978
2574
27202
12588
21693
39049
14895
23482
2312
12732
29123
8505
20077
3962
35494
15022
31616
15927
30099
31401
31369
22374
26820
35238
12061
38700
13951
30203
6196
29825
28964
7153
31215
5921
12899
4034
38954
26009
39037
2406
2427
26388
2527
17337
13277
28255
33097
29904
12374
33005
579
14542
4629
11165
29454
33389
6334
14976
16971
17542
11035
16694
20074
36982
21379
32077
38211
18533
89
1528
6429
28761
7292
30055
19282
2703
30713
12334
27117
31005
30454
39250
19112
30635
2144
22244
16513
16582
34234
21377
11274
931
26837
31204
4200
3342
14289
19771
3873
39585
22150
31954
13494
37054
26716
13449
18567
19171
37760
15444
14585
14488
16165
29494
30629
21502
33612
11357
20489
21435
28661
17647
9573
15167
7913
7005
26320
33577
1136
32589
13666
30830
9319
39853
20709
28497
24849
6265
9498
35272
19659
17354
31278
1924
28377
36979
24152
22237
20346
36069
33483
4976
24749
15742
37835
35268
8576
19733
8591
18611
39470
18362
28697
18916
37048
11359
2208
12711
22282
34070
4121
9508
31307
4365
14526
28303
33274
14719
9600
29381
21045
18588
29685
12397
12601
6871
3264
32311
31106
26648
14923
8750
26236
23003
24578
27475
34386
37591
6902
34108
13748
9364
4761
14417
28148
13903
31894
30550
15685
9374
17572
33579
39063
39284
24107
6075
3983
2873
27925
12700
31746
31091
27113
22716
37031
8172
25275
26101
22396
38412
23317
29730
13511
13040
29552
38084
26475
16619
3353
22189
5853
11846
18044
16655
32254
23479
3728
18442
31803
24984
18097
5074
10252
29680
17863
13314
12177
23666
22093
31973
33184
6946
31663
20392
5015
38549
31002
18488
16549
33950
17341
25654
21820
17800
30440
7804
22665
1125
8531
13549
541
19016
13522
13061
37110
2360
29829
22539
31274
3292
17764
7085
11908
4583
12216
39898
22410
16176
29016
2435
436
2764
36157
14180
37122
7302
24289
35735
13949
1856
4892
32155
14292
23483
31208
36978
4435
36969
37869
1089
35174
18031
30656
22540
15478
27744
24011
15681
13069
16182
4980
5459
10607
36933
23488
20880
17277
27
23424
20977
4542
10659
2175
3276
15653
38232
1295
18067
12582
23460
6487
35891
38989
33169
22438
11982
2823
19024
30812
11657
36709
26042
22772
27538
5221
20296
10274
19145
37363
30773
35604
36324
32840
23571
7493
11007
36149
35648
37961
16119
26804
31961
35957
24167
16433
37019
6140
21845
17010
5875
27629
8280
1074
1351
30563
34050
38632
4135
24982
13075
19864
39481
21936
5983
36507
28994
14926
14415
22488
18968
29814
31928
35355
36216
285
2564
15682
36932
36643
18378
539
3800
19118
2639
19301
22307
10308
21621
20701
25494
9845
14078
13712
15835
28946
8675
5802
1849
8092
2341
36381
35615
37315
19038
25700
4820
34266
18107
12165
27766
15450
28186
25365
27868
37295
17110
21587
36588
14992
8636
23812
21108
13731
13382
15095
36520
809
36264
1533
37171
8890
11273
29384
18877
4285
36835
27560
569
26383
7495
31333
20649
6873
39605
33742
32761
28076
21701
28754
11190
3450
7424
37113
36441
17728
26921
16583
27071
38809
6500
32145
29858
13655
10297
35495
35419
38284
10267
21947
20950
17979
4480
28096
30928
15375
15947
27274
33807
26361
33515
38475
5362
18162
32502
10430
8988
37084
27341
7887
13723
35080
9399
18937
38457
20416
23104
310
33715
23893
33578
38167
9182
1307
5047
17115
10859
30334
16362
14240
21421
13609
24906
15137
29781
22395
38303
26939
4807
6441
15543
29917
16913
19494
19325
37156
36425
13778
6091
26243
14583
30207
3456
14227
6907
16719
20986
36247
13039
30608
33329
21304
21150
21241
37902
24161
37794
31100
34101
18070
19463
31000
21016
12264
25507
26234
29985
34413
27878
26951
4231
2572
4093
16220
4973
23561
15132
3135
14971
8730
14298
4947
32073
25140
27038
16856
11559
27712
1047
34645
13015
28471
16820
31495
30962
35121
10222
20435
8771
28552
5597
18661
26206
13233
965
9094
26191
15544
35694
22765
39365
7778
3584
28935
11425
28787
23096
16204
8043
14061
11954
2831
28990
23280
11561
31246
33689
39938
1668
15439
30992
31124
1512
17100
7626
23063
1173
28893
3360
5742
17199
27034
14746
3105
9446
5303
35364
12820
32123
5401
38366
27025
18536
23664
7577
25664
29859
14497
19023
34583
14829
25523
27051
24020
803
27232
11650
30925
11267
807
30553
32735
26515
6796
20362
10217
38351
9578
19316
14066
4243
36816
2713
37224
22752
16006
32050
33293
11342
21844
32928
35487
36470
38278
8200
37093
5931
15721
38815
27897
34822
9007
8242
20190
2652
35114
38443
36805
13614
13992
4388
30410
973
39114
6406
9101
31267
13857
29281
5743
20710
39950
13016
4071
26216
4847
31016
33727
37252
24019
20755
36892
33456
12513
21767
11301
18778
28273
5769
20732
14688
30480
1560
36782
13388
28007
31131
35163
33704
12677
10786
35625
38298
5729
1880
4271
29746
2496
32310
17145
9183
39398
5376
5835
765
6645
8559
19324
31099
22727
12874
7155
37817
5406
29875
23276
7657
18421
1503
34554
34058
30588
6744
4943
17127
29155
7612
20561
17374
34
19186
1266
18083
17210
2878
2501
37987
22811
23193
18904
11841
31810
16628
14119
8858
3018
16920
9248
14428
26313
3612
16662
29559
8687
4356
7727
16282
36332
7725
13737
8734
31686
27175
2134
18272
37780
37937
38241
31367
9717
7322
416
29605
21643
35343
27563
24170
25317
6888
27301
15698
20554
39028
24186
3363
15641
24435
10120
8583
9116
20243
18620
743
7809
12658
30336
22319
2743
11563
23549
7323
38003
27008
6102
7515
1774
3209
34621
14777
17328
20297
4201
30314
21991
38247
21218
39971
15003
34320
3735
28041
8527
2889
24913
27740
6355
7599
25383
15583
22569
143
6903
25808
7326
30309
23021
16384
24328
10167
26923
3004
9980
6921
14757
8113
21449
21911
2756
16499
19468
33646
32645
37264
39742
39882
38801
4854
30884
23411
2477
3484
37118
23254
14795
10374
11392
6247
15944
34951
3015
9109
26727
1213
6083
12954
24840
24781
21400
8852
36265
18417
23706
28286
28538
9911
4263
31465
2526
889
21089
21531
35162
10851
32314
16248
15018
10888
27523
6300
15264
7783
22094
37934
6825
26931
28372
27682
8233
36621
39399
26592
4
4141
38330
14377
11123
25734
11826
14130
34469
11194
2505
34565
4865
8120
11622
39572
29246
33903
26725
15728
26140
20474
30051
35367
5347
11678
25574
17606
1350
14969
28642
39941
35923
2226
15114
38579
28689
27879
29009
31275
30971
33236
10920
34804
36338
38733
13591
30642
38507
20232
28909
39885
10105
8146
35293
11887
35178
18518
7836
38984
20745
25897
15854
9286
3549
16442
28595
12315
23450
39457
27493
767
18247
14026
14944
28102
26575
17297
27127
34382
15482
21661
35918
28396
36789
6773
24731
19173
15017
8945
36400
2969
9751
26593
26942
8808
29575
25996
17956
13351
19077
471
30191
33642
21080
18223
1078
21897
36945
8290
20160
38364
14891
26492
28072
23932
3845
7828
13442
38128
14122
27088
5874
25097
25859
11958
376
18229
4545
15579
3839
24366
28071
29927
33563
17361
14659
22349
10681
16328
20050
38148
4547
7769
29688
24603
26317
38020
36408
16725
22654
18753
33677
27174
11010
27716
825
16167
13055
29523
17442
30446
9132
36280
21554
20800
24810
29734
35075
31731
4136
6527
4967
8131
11277
23841
25617
32705
17134
27104
16378
28561
21729
5861
22217
35368
20421
3654
37637
10829
10781
14378
14511
36608
10727
10793
1923
7229
22028
26702
32986
3611
11505
23178
8104
30949
36358
23473
26786
26798
2417
9564
28775
2931
7027
4242
14239
38314
7075
14823
38155
30630
32947
6456
25277
18942
5217
6442
35779
18792
34685
39806
4280
2250
38550
36336
178
18079
13173
4283
34233
10355
36812
377
27063
6753
22689
27468
23071
35112
23763
38079
7764
6025
3001
29663
35770
19832
6602
36115
3677
34935
24400
33946
28637
12351
31343
3726
34288
19923
31469
28601
29363
13624
33631
25890
30265
26472
9630
37706
16656
15074
2653
17252
6626
17101
7387
6466
27930
13486
14804
34699
32642
28170
27735
39209
23028
11920
14126
11467
29721
12050
28891
5965
201
10315
37010
36317
11691
3176
37334
24817
13149
5205
33369
7858
29453
2327
33256
27319
37201
6018
12392
22544
19606
27963
37202
15035
7952
1803
31832
36187
27507
37689
97
13583
17702
11138
36534
25431
39629
25307
6477
37091
16877
14685
5920
9005
14169
10900
3565
30544
2286
13979
29913
1994
35869
4437
31645
23691
38916
15878
1746
33115
8908
15748
26846
19438
35217
14631
35681
15426
27809
19365
19672
26905
35480
18095
32181
12071
8855
33889
17248
17319
10416
17534
28948
16170
39698
39794
37493
22617
5752
36517
24096
39413
38721
21265
11892
25669
3314
17590
33127
24117
34647
2171
32302
37737
14495
11555
29228
9193
26603
3651
24569
15177
7004
9259
8700
12960
26517
30824
28833
5252
27615
3640
14112
17699
12507
12796
7607
32917
10349
36024
19127
39716
22546
19115
23399
18912
14233
30581
38209
18370
8063
39677
13752
3458
30166
17595
9061
20131
32777
10592
30442
37643
23680
20036
24874
28930
39345
32132
39208
31742
22723
17615
34046
35423
16614
16773
14013
9301
26571
12296
3692
19800
21237
23813
35657
17178
36568
6891
362
8897
465
32297
37078
26015
24042
11289
16224
21553
39007
24818
30585
17783
11842
34489
15227
18678
2463
28283
33985
4676
15215
22355
5690
18099
2351
51
2079
29364
11519
2106
17111
30893
37796
33843
14983
19825
24310
29999
11713
8032
13853
27781
29709
15222
3433
32961
29182
10201
5570
15306
6530
24123
14329
23505
32436
17342
3881
25984
11445
22215
26748
26485
39886
27761
33480
4526
23389
7062
6319
37985
3058
7067
22952
19417
14561
8096
10406
24884
27527
12217
12714
25370
14868
5021
32835
21390
38215
30072
19742
705
34339
32951
10028
10165
10749
4127
35660
39293
12650
2951
18543
34437
12838
21652
13480
24720
29224
35116
9760
18045
34329
20768
15253
29285
24588
2038
31483
39316
26394
38221
31698
7938
20291
24757
17128
4146
31627
35032
10901
32190
3147
8258
744
26233
1607
36848
30217
36347
25023
22834
27790
19439
20204
23180
11771
32044
261
14159
3538
4406
11266
6094
27719
8767
5688
12656
12462
21128
7591
614
37908
28651
18639
27090
36998
531
33079
12910
5609
6789
12396
3507
33415
12870
24411
27839
22890
22073
1564
8288
7799
24751
30381
16717
37234
39160
6775
14766
36399
25260
1430
9382
11736
1439
34736
25234
14373
2772
10574
34195
10731
7717
26538
24006
37193
31649
18007
1739
4684
22496
16440
31828
33062
16258
1633
33270
36283
32437
2444
3271
6420
11381
32406
24225
12674
27501
34246
5695
2916
33593
34832
867
18981
10145
33178
14703
31445
18025
26661
3508
15084
8147
16530
26295
7001
27696
23704
4944
2894
8611
6683
9055
8445
36920
13206
5724
26297
37324
27626
10444
23602
7035
36721
37008
6208
3684
14575
19918
29428
19213
7752
24262
26990
1275
4307
14965
1053
27991
39204
6768
32911
20543
28653
5035
26119
31512
334
23518
3125
23394
23086
5352
638
18978
26528
37681
16606
34601
34752
32778
9504
2973
32779
15917
16239
14835
17536
39878
34481
30927
13711
37280
8184
39280
25180
7754
22169
15483
33537
8218
32131
34756
557
10062
10048
29064
19839
37345
18530
33207
19546
16932
4700
2132
13117
33939
24271
3997
12837
1592
34805
13601
32888
31912
6467
23223
37209
10603
11552
21786
7031
20599
3703
38602
39048
29607
37829
27681
10303
36864
24269
20988
30379
10318
23806
14350
39212
14057
13236
24079
21571
17390
35225
5968
14533
7078
38526
4960
9131
21561
30595
39681
38838
15847
10485
27283
17805
15254
8439
32075
21361
26434
36064
35833
8915
28783
6258
24859
24608
9782
38136
21133
22867
30828
14352
26034
22158
13088
20955
25756
5189
19333
23800
545
15895
37815
28309
33808
9815
31669
29643
23005
25764
6984
12166
4174
32950
30658
25373
25237
11026
16889
18712
6653
37457
23559
39747
13119
4418
4971
5777
8380
15769
17340
37368
34244
556
25531
19220
198
38946
1906
1298
12407
8442
13390
18813
25517
15488
11238
25444
9011
24424
6849
22403
16183
19952
38360
7054
4020
15862
17413
2378
8252
10474
23258
34945
3608
9150
26943
24858
3544
10277
26789
38582
36414
13485
883
27912
24471
26824
34488
33598
18013
7908
24228
8723
2439
26620
11222
6565
39921
1969
26225
20966
37830
1234
22535
5820
19782
1111
10027
36980
16032
16907
26719
21056
12357
6305
27943
12642
37984
36717
2788
32844
25481
34901
12486
15528
24417
20996
33262
19134
22571
9400
1693
36011
37230
2393
37503
13932
33755
11177
15479
39346
7282
37799
13851
8649
10093
8030
24653
28176
3116
10243
29458
19065
18053
37791
2782
11687
33378
22993
27111
2301
364
22182
39178
17353
2448
2387
19929
11278
24402
4662
20774
9910
31145
20376
14045
37082
17559
1600
23034
8607
29602
9331
4456
8571
10968
9659
16699
636
22887
34571
3614
4559
18389
2817
1105
13386
24723
5136
18987
15708
33326
21160
195
3246
13622
23205
15096
5138
11243
5589
9953
7492
1576
31788
21032
25434
28811
12131
35609
29722
514
14109
20959
28218
23885
24486
5944
10502
22555
13124
39405
35317
19699
24682
18299
24316
31716
32870
23544
9702
18472
15160
20122
21453
21185
23530
19998
7553
16341
6625
31126
445
36496
7141
39828
39335
7299
19435
35054
12439
19529
12791
17604
26123
9310
18729
123
8224
28534
9174
12531
12256
35194
10401
3869
28996
18492
7841
39773
9631
38615
5583
346
17293
35646
5151
12598
14097
38871
6427
39145
5600
23760
39988
14124
33040
10083
24643
7566
19068
34802
22572
31585
21463
256
25062
33463
3977
17177
10969
27418
35920
9330
38566
5470
17659
25575
6794
11116
15637
34874
32361
31082
