f
M
K
s
I
O
X
C
o
6
A
Y
1
R
r
J
u
_
F
w
2
W
n
p
Z
i
v
0
E
9
4
U1
G
B
V
3
t
8
l
7
hw
T4
xT
S
lN
cn
Q
JQ
CU
uM
I_
56
d8
L
kN
y
ou
r1
v_
q4
hE
B2
qG
I5
q0
XY
TV
vS
gt
HT
lH
EL
U9
u6
hI
CY
FV
eQ
k9
IQ
48
q2
MV
fT
kM
O8
rU
gV
h4
zQ
ES
eY
DY
M3
N3
A4
aX
OT
pv
sx
nw
nM
nF
j5
y_
cM
vR
s9
oB
GS
aF
fM
y9
fL
gM
mP
gH
wH
gF
pZ
MZ
jq
C_
PZ
jZ
QS
GV
ST
ER
fA
IL
G0
dS
LT
JU
Y6
pW
W8
bI
fw
dF
dP
n2
V0
DW
vH
Z8
qP
C0
mo
eq
dN
wz
U3
A9
UY
GX
gi
k_
oZ
FQ
DR
CD
xy
LM
K1
fm
OZ
hm
I9
eZ
mK
yD
W3
sW
kX
r5
sY
ET
KZ
CS
sE
T3
cF
L0
z3
ap
WX
yB
pw
pr
E9
OX
GW
tu
iz
RZ
VW
p5
hz
g0
ix
ew
ky
SY
RV
14
X7
19
sR
j1
X4
40
wE
c
f_
mE
x3
J6
vQ
kS
K2
g4
J9
KY
wR
wO
q3
W6
bB
ae
il
rA
w0
gU
G9
cp
bG
xz
fl
NX
t5
eC
rJ
sK
iA
gu
ls
fs
WY
17
78
o2
ip
hU
47
nI
oJ
23
g8
r8
qW
jE
c4
b8
j_
lX
fg
gY
rQ
kD
n5
fF
ag
xL
tC
S5
iP
iV
sw
y5
P0
qu
z0
B7
o7
jY
R8
IS
y3
jl
vO
uY
iS
Y0
X_
mY
dl
r7
kl
PV
AB
j2
nC
m8
hi
k8
tw
du
av
jL
cL
I7
mA
KX
rV
do
BR
bK
W5
x5
C6
cG
JL
ei
KO
bq
h_
kn
M6
V1
ru
bA
y8
J_
c3
zV
BP
qz
e0
iR
DZ
aqX
py
km
yV
uDH
x_
ltN
bgk
bgD
pK
gAK
kwK
dhm
stP
by9
aCQ
cNX
gn6
B20
pA6
pZ1
fjm
JT0
RS4
cv9
wLZ
iv6
mIV
dj5
J4
nM9
jJV
jDQ
zR5
eyS
lMR
bEG
moD
fP9
ptR
lA0
pAP
PUY
hj7
vQU
IQ3
rvQ
cfQ
rL0
wQW
juN
zAT
JNU
lnQ
C3_
guS
aCZ
svA
EY4
GX3
hm8
qtL
agJ
nU5
dM3
nvK
ADY
dkv
nwM
mot
qxT
bk6
KN4
dZ7
nLO
I9_
fMZ
aS1
nUX
yGU
nM7
nK5
crW
iox
iwK
eiz
b6_
sY8
mGV
lX7
nGT
jqT
eiv
dp9
pS8
uI5
oSY
nzO
auN
uxY
ouw
zEU
cwP
OVY
AOP
brG
jp2
AW7
iu4
FM6
tR6
hIM
adz
beg
E50
hmy
mxP
dDI
uC_
W40
fHX
goy
kx1
ftO
gjP
uSY
cjD
cMP
hl2
wQX
FY0
jC6
mtx
MNY
oP9
flz
uDW
fgT
inS
AG2
uQY
dLM
xW6
eA8
fqG
NV2
jHV
rwS
xBS
qT1
nCS
rKV
wzZ
WZ1
klq
qsE
ikX
awS
LM2
fwV
sJM
elm
ghQ
mIZ
cB_
jDL
sCK
hop
IW9
hrI
aF3
i14
mux
F60
g28
nRU
rwD
HK7
DGK
qy1
gCT
fQ4
INQ
zQY
uDP
zK7
xE0
gQ7
Q40
r24
hM3
BKT
MQ4
DGS
hls
byK
lyM
ePX
jU6
gB3
U27
pxI
cD7
tAC
wJ8
ijt
HO2
jK3
iJV
DKY
cuy
pIR
T49
gI_
CQ1
sCY
CIU
wAV
itv
gtT
hNR
ouO
bMX
gmn
bBP
fF1
ciV
nF3
FH1
mNX
nPW
ijk
vN7
mt4
opv
kHY
ovC
yO7
eOR
INR
uIK
brW
lw5
hmF
aP7
ag9
hkN
mrL
GI_
aq2
kQ2
eyF
rGL
xY_
nBU
ov3
iJK
S9_
x18
lpL
loD
BGV
kBH
cjG
kO0
T69
qrJ
aS9
tGR
nxG
JW7
B28
ds9
uEX
fm0
iOQ
fT3
gsN
koZ
wG4
mN5
kt_
eE6
yKL
B80
cwJ
fOV
eG0
jqP
bA8
cJ6
gOR
emS
xL8
wBH
GV_
r80
bT0
KY_
hsy
n17
tu5
arX
egr
amT
iMQ
mVX
lCS
K7_
BEQ
TU4
fQ5
cI1
cqW
dBE
BDL
fpS
ft_
gP2
gN8
aI_
v35
Q80
BFR
joW
eiL
wF4
t4_
gzB
iE9
vCQ
kAI
stR
dR6
gmD
dk3
QR6
vxP
ktI
fxZ
p57
bqT
lM3
bkr
hx9
dPR
R34
byB
gvW
wR_
iGW
jDO
cDX
btE
frE
HX4
elq
yX_
dIM
wzM
as7
bW6
psU
oE1
wBO
eHR
htz
sX3
yI2
vxM
hx3
fvy
eK6
YZ9
AR7
uLQ
jG9
vz8
AO_
pw1
BCG
jsW
ci6
EF1
zOZ
zNP
jLW
hoC
hlB
RZ8
loC
AOT
lA3
sL2
GJZ
rDI
jsO
O12
dmP
ER9
CGK
esJ
mKY
bNR
iyF
pO0
rDO
yN9
gpE
qP4
gq1
buC
jH3
atN
GK_
ry5
qt6
GL6
C5_
nPZ
kn9
o24
DM0
OU8
CS_
tV0
luI
LX2
mps
yHR
yzB
ijp
wLT
vDL
itO
ru9
bKW
qIQ
bm4
rw9
fOP
eI0
aSV
kqB
ajY
ikq
GJP
uvK
K3_
iB2
qNW
JT4
jAK
rvV
hjF
qxE
B79
cFX
cM9
hzH
aE4
uCI
acW
IR6
ku_
mtV
asW
uH3
cgm
juY
ceY
rF0
no8
uBL
GHX
xO1
iCM
oEI
GQU
BTX
qxG
jms
sJQ
tJO
dV4
pV0
sN1
W89
nL0
btL
jyQ
fEZ
ay2
fhK
IR1
acB
bgA
aOR
bzO
bzM
DN6
tuV
ST3
ceN
cZ9
bKO
LP2
LZ5
env
bu8
dfH
i68
zIX
QUV
eV5
hjs
FR4
oW2
jG1
mDS
sBF
rC9
iT1
fFX
kpt
aB4
dtS
A14
qFT
lY8
KL3
nZ2
otC
gzP
dmx
AKX
fuI
cgq
qv_
dP0
nV5
dL_
dxO
xK7
hJ6
crX
gzU
bly
rBL
JO5
mFZ
DFX
AF9
DSY
eFY
yAM
IN5
alT
xKU
dDQ
MOY
glT
uW0
TZ5
dpQ
bpR
xV1
amC
pAI
sO4
zL8
kwO
EHZ
inz
IV6
hB1
HT_
bTV
KRS
oB_
imq
zRU
cpN
imK
grP
myX
uyX
euH
wxJ
aj2
irs
cO9
vJT
hw0
gnx
R6_
nT7
fjl
g60
fi1
dr8
iU_
aC7
elx
qSX
CF2
LZ3
fg8
cAU
abd
tvR
bu_
mGM
yPU
enE
rE9
RSX
suT
rtK
LNV
fvC
wH5
ew6
jC7
fs4
xAM
iHN
DKL
otZ
qtN
hlp
iy6
IX_
sGL
hK6
abo
zA2
qCM
qOQ
aNW
kKN
GO5
TX1
diB
lU7
iv7
zOT
sxH
sw6
m17
GMO
qy6
kI4
yOY
CT8
b7_
vwS
iJ6
g47
lou
mTZ
dhP
CL5
eD3
v1_
BEU
mx_
yEW
Z28
U10
aB3
CJM
GIT
jow
aeE
RXY
lpS
cuX
aes
hEH
oN2
HIY
rJV
q48
mM1
lqB
oT2
rt1
fPY
tzV
DQ5
pP2
gIR
uBM
jmp
yV8
zV9
aGQ
cLO
czG
bL3
KX1
hZ9
bcJ
ouB
rzI
ABM
nGH
aOQ
eA5
klz
gxA
xI4
DY0
kZ7
fx4
ay5
vBV
jzC
ij2
kE4
wR7
eko
AJ8
fD4
iKR
ps0
sC4
adu
dPW
kzA
JNR
yMS
U12
JOZ
pO3
or5
qGP
dtX
kqX
boI
AMY
COV
hiZ
fh2
AX4
koV
lA7
iu0
jzY
pY9
ajV
zX4
cOW
yEO
oY6
lr1
CU_
ipt
lp1
iwy
EX3
ayL
bDZ
vMS
lEF
FR7
rtZ
vV7
bF1
RY_
uK7
bDE
JNO
asu
dGM
ijH
a29
hsv
ntv
hLM
lrX
mXZ
qKN
MUV
bjV
yQ2
wL1
mY9
CIP
ovE
mzW
sRZ
hV0
rOT
rT5
aXY
evF
uRX
DOW
CG1
jEY
eLQ
bwA
nvO
hDL
pV5
cC_
cGM
zBK
NY2
gq8
kwI
aqR
GW6
gJR
afo
sw8
xDE
iF5
DOP
sMT
NT7
bLW
ehW
eoK
hQ5
cfM
qyQ
m18
tyZ
ep0
rFQ
V29
yTX
az5
d4_
FGY
pst
780
tY5
bm5
UZ4
hJ1
DF2
xQ5
for
xLX
BDQ
NR1
fGK
yFY
klr
CX0
hrx
uW8
jU_
JR8
cnB
fsu
ms2
mB9
kV2
ruX
qBG
iGP
EM7
vG_
pvC
hPS
AY9
rE5
hxA
swT
iNV
lJV
o30
az4
u0_
hn8
s1_
iCN
cIO
sZ5
ANU
fzA
BN5
uU1
qrR
Y47
DO3
ES9
eZ5
aKL
BI0
KR5
sIV
jqU
IRV
glX
eB2
dwP
wKM
bMO
dH1
xyO
rtP
XZ_
fuE
KZ0
nsK
fqB
eJ0
f18
lrN
tP9
jEQ
BZ8
nG2
joL
n45
sAP
yD7
AZ8
jZ_
fwR
gxW
izF
mz2
cP7
jwM
bkv
qKL
bxD
249
fW5
sQ4
DUV
gkZ
gm4
yXY
zW1
jC8
j4_
glW
yDH
dek
hn1
cqK
lvJ
rv5
hz7
zY8
d67
jn3
HRY
kIN
g90
hC3
gB5
kY4
DL9
hAT
wx4
oy0
bhL
opu
m37
xEO
dC1
IJR
dir
fvZ
ouD
swS
uDI
mN2
ftu
mqL
imW
qCI
pyU
i35
ozH
bzQ
cV_
su0
mqY
M45
el2
jJQ
lDI
iIL
kU9
tuA
duZ
DPU
GV4
eOQ
bJ7
O30
uxG
qzQ
HWY
svB
eL8
y70
qQ7
bcH
tY0
azV
a26
bHU
ehH
EMZ
z48
pq2
hnA
pu2
sIO
hp7
rCL
tNR
xWX
gBC
fW0
fgR
fiR
hmQ
rsV
SW8
lF8
FHV
gzC
yOT
dS1
erT
jnu
cGT
bT7
bBJ
W28
eUZ
eKO
lZ3
yK8
wy4
qF7
qA6
J2_
HI8
koy
tyE
hQ4
lpO
wJW
mx6
bY0
yP6
ixU
xQ1
bq_
uF3
MS3
cM3
567
cHM
irS
zPY
GRZ
wzK
xAC
hQS
irU
hGL
vA8
hwE
lEN
fiS
fvA
ejB
cW4
aqJ
sPZ
ej3
kQ0
mnI
mS8
r27
mX0
buR
pA1
agK
rwY
nsN
q30
rEP
QYZ
ltZ
lmw
bIR
kLU
vwR
syI
oKR
kIX
GKO
AC1
jo5
gJM
alu
zKT
xP7
nG7
IKY
rNW
ewz
dV_
fgl
bgX
mU4
fwN
yGP
JW8
x3_
pwY
gzW
kD1
mwx
tZ1
xW8
vBU
rEQ
FN7
rI6
FR9
kAT
ajz
dW5
R79
ixy
jo_
DZ4
lT0
qV7
aU5
wB0
qT6
hGR
Q7_
yER
rE6
pQ3
cjY
vD3
hkq
dmT
IR8
HW3
fmp
sWX
iG1
alz
jU7
hrF
cdZ
cmG
jv3
ekO
AD4
wT_
gCZ
qMW
B49
hxL
aBO
jW1
X80
qN4
378
qAJ
eyB
lEL
rtM
dkY
hpP
cuJ
kPV
R8_
BCN
rtD
krQ
ky1
I28
DG1
cv4
iIN
wzI
I79
hL4
mR4
nX5
bF9
lTU
imI
fiK
ADL
OZ3
xSW
tDX
bU7
oxV
mtu
oN5
lqO
jS0
AF6
AFW
gJ_
deO
sMZ
orZ
aMS
jFI
ILP
hM0
L4_
DL5
ceZ
AER
EZ9
cfk
mqK
puK
xOP
ovJ
hlG
lqu
iC0
jpr
dGL
nEK
FK2
sRU
JKY
nzK
pE8
p25
xFT
uGV
lr6
nzX
BQ_
oM3
x8_
a49
g5_
D28
ev5
kXY
ko6
bU3
uDO
kM0
S19
nsW
aoG
aD8
ipE
cY9
JOX
atQ
dU2
wJ7
aru
stA
rz8
LT4
csD
fB3
GOR
qw7
brI
iEV
lxK
HSU
qG6
lwC
CY5
beQ
asz
uMO
xT0
iGH
AHY
itR
cHW
h8_
jpu
lsy
PZ9
jV7
hyU
nH_
sC9
fYZ
bL4
JO0
GTV
aiT
mrM
INO
quB
ksA
a20
qR7
460
HM_
fwA
tIX
hI_
bKN
qMS
CIR
jU9
B70
jzV
kxG
osX
mE8
kN2
oX9
OW1
bdy
HJK
txO
fQV
jl9
RVW
ftA
dtG
pHY
BY6
cz3
vE_
Y23
esy
aW6
Z5_
bgY
fhm
aW8
K56
aq5
jHT
bjs
clw
CRS
G5_
GSX
LMV
gDN
mnM
iOU
dg4
uOS
jOT
CY9
dBF
qt2
kpF
PQX
rY2
g40
pFR
F89
dm6
osP
ATZ
bfh
dj6
uvR
tIM
b34
sv2
fU9
lqD
nC1
dj3
k69
pN_
fyA
AEY
bnO
hS9
lmr
mw7
kpv
yL_
rw8
APR
uHJ
gMO
PSU
irt
mq9
hvC
hR4
dh3
psv
ceO
AU9
al7
uA8
KMQ
hj_
QTV
uF1
qyO
uxA
mqR
bhV
fxB
JL6
nvS
eM8
CDY
nA1
hiH
BGS
dqJ
hqM
Y24
pKN
qGQ
BMY
OP0
dqw
oZ1
jV2
uA3
oQY
Z50
r68
HP0
JT5
IZ9
gmG
hip
dk4
lrJ
BP9
ex3
ops
tOR
pvD
c60
cfK
vQ8
pJT
mG1
aFP
lvN
eZ2
b67
mFJ
xYZ
enp
fjq
gK7
fx8
mx0
dC0
oO6
eu8
EHI
aF0
fOT
rx5
fJR
suz
uLT
iwG
jK6
dhi
Z10
HQU
dBU
xyX
rvA
A60
cJU
HTU
lsz
rCZ
eHK
tyD
hLY
vG4
sJ6
NT4
xDF
N37
Q13
oY8
tS6
mIJ
cdo
bvX
A1_
jwI
v14
wCU
aoA
hk8
CK2
BD1
eFZ
egL
ER2
sK0
fgK
txG
WX5
EPU
HO_
jpU
AG3
eyT
br2
dyz
tDK
rN_
vAC
rHV
st_
QT1
qE0
ajW
cfU
dB4
gzN
iRW
kmG
V90
zEK
gFJ
av3
EN5
vQ1
xP5
GZ1
qJ2
wV_
uST
blv
jsI
hqJ
mH9
hwV
qrs
qL5
knr
bW0
dhG
M40
dkM
NY3
wx8
dxX
dAW
kVW
jRX
jK8
czH
dP5
xJK
ftM
swE
lR3
yA2
dpK
qH6
yHU
vJ5
kzD
akC
xUZ
ezC
KM_
gk0
J16
iB7
hEX
dy5
iOT
dNY
cx1
tCW
tDV
rHM
jAT
oAK
zX9
yEI
fn5
dfK
PSY
bO2
ct4
cl0
kpH
oH3
doK
ah4
rF7
swH
b40
kAM
dr3
rR8
gJK
JW4
dzJ
DL_
efT
AOX
aCD
nQ_
wAM
BIS
FJ8
sGK
iDP
sG7
oF3
cd9
GI4
tvx
GPR
w12
BJK
hH5
hjn
iuO
NSW
nzA
pL1
ER1
vD9
dmp
DFM
nI4
aM_
rBQ
frR
lAZ
eqx
LT7
mv8
hkC
eV2
sH0
jz9
fZ9
CGV
hX7
rSX
EJ7
wCM
lps
hFK
nz3
fkD
rEL
rzU
rHX
z80
luJ
gN5
myO
kvH
cHN
gh5
iDJ
iqR
OS1
hpZ
EXY
cA0
dX7
bCJ
wU3
yX0
uwz
bOS
ptH
APS
uvL
eY4
c36
kqN
ijT
fkm
vLV
qvZ
fvG
bEY
fER
efY
hq_
mBC
BRU
byz
zB1
sDJ
bd8
HL9
pDF
oAP
hqI
yJ9
mHS
vCU
yJX
frM
iE6
W12
iD7
gjw
kzO
avB
tU0
z70
ltF
nF_
NYZ
PQZ
iKX
wPS
gJ5
kLP
kGV
CMS
nT_
svx
be2
UZ7
C18
cdf
gNQ
awJ
mDF
fV5
dUW
wDE
d49
doy
u67
vKM
kHM
aM5
gkL
mDV
m47
BJ_
gPQ
dwJ
vD_
frC
EHR
BNW
dry
H2_
M35
sCW
eN1
i80
dqt
FQ9
hB8
pPR
lyG
eQ6
wNV
IN_
KPZ
biF
e23
hHW
qEP
eq4
rwB
S7_
CDO
ctH
hjZ
OS2
kl_
etW
uZ3
fmQ
os2
zUY
cnE
wU8
GPZ
qW7
cgS
bT1
jwQ
sv8
hR_
efh
zKL
auA
aS0
pvB
EFJ
afp
q13
ers
dkK
cfs
hLQ
ipY
tx4
rV5
cfh
kF_
zG3
kCV
jsv
cEW
GTZ
BCI
wyA
qW2
E59
nE0
pEG
bpx
IK5
grA
UY_
FUW
biU
jnF
hjR
uwK
iS7
im0
enX
lHJ
aor
pvJ
CEJ
zF8
F57
kzH
pH0
X19
bq3
IJ8
sBK
ckw
EV9
hvQ
pt9
gEP
hnG
itH
lsV
rI0
nIM
npY
iB_
iku
fD8
nD2
eO5
R23
wJP
D3_
lsw
HR8
SU_
fY8
u7_
rzE
sv7
U16
jkE
zNZ
tU6
QUW
DG8
xIZ
kMP
itM
fB1
kHR
BK9
gHU
inX
kow
xM6
wyM
vL8
juE
fWX
UW4
v9_
qB2
gu5
nqQ
lAO
arx
tPZ
gF0
z35
pzF
nF5
ayA
CNO
bvD
tH1
X16
rL1
nT5
fs5
ABW
xFK
rVX
hQR
hlH
deA
cIY
uDS
ry4
iyM
koM
qs_
eR2
diJ
LW6
JUV
vTU
g9_
ftF
zQ3
EP1
kp2
sBL
dfv
qsP
ALQ
RW_
rv3
oFO
hVX
fX5
grD
oZ2
pvO
mx3
zG1
IOW
eC5
WZ_
h47
PZ0
lGH
ayY
wBZ
FH5
ny8
CW8
hz9
B45
pT8
IW6
IM4
oP4
hsP
noM
pSZ
tKO
XY4
iow
uEG
lTY
jGH
mE4
qvM
tLN
QUY
pVW
iyB
giL
A69
x56
dlp
pxR
uL2
eAS
kU3
eH4
fKR
kGS
be5
uLZ
zEQ
qzU
bJ5
ehR
kL6
gwD
qx2
bdN
lFH
x90
aPQ
duv
ew5
bQ5
ad0
AF1
iqT
iL8
dG5
xM7
xM_
bD5
fqQ
fU1
imZ
hFG
txF
nR7
QS_
bij
npu
mx7
bM3
SX8
kvF
eKQ
sxW
y80
nq6
N68
UW2
dR8
bwS
qCT
JU0
qNQ
eOX
nP_
tG5
bC3
FLV
mH1
uM9
HW4
fr4
dl7
eI7
wIL
boq
ij5
ijU
lK4
dv4
osZ
HN2
DVZ
wyH
uJ5
f7_
ip2
tIW
bE6
dux
dHT
hv5
suR
gjT
xHS
S90
dvJ
np4
mCT
oEX
ruA
pY5
fuY
iy2
iMS
oOT
iyL
de9
dAH
OUX
xAV
zZ2
xEY
fnE
v25
U47
gIW
dCS
auK
yCY
pK3
xD1
gB_
lV7
owE
bUZ
hj4
iAS
uRZ
u17
ryH
cQ9
asG
dDG
sBP
mKR
qD9
ES_
sD8
hkm
RX3
u24
CDS
iEI
CDQ
nsT
rJX
HO0
gy6
cdx
EMY
btJ
BN9
bO_
qT3
AVZ
wy8
TVX
GMP
dGI
fx3
qPW
oFN
knE
syS
wxW
kOR
DV7
LQV
nW9
OZ9
NPW
EJZ
zJ9
oLQ
xR1
cPY
cET
btX
gkD
iTW
KS5
oQ5
rAT
hGV
KOU
L50
yFZ
hsx
jEI
tuw
kB3
yC8
dmS
jq3
lEW
mRV
gu8
oM1
oGM
AJ9
jyR
cA_
oyG
iPQ
jS9
aIL
fI0
hU0
iQS
UZ6
ei0
axP
xRV
dhA
qI_
ioN
npy
APV
sUV
pN1
j69
evx
dqX
s8_
bgV
jln
jV_
cHX
anI
ehI
atE
ny4
bi_
JV4
xD9
pH9
tLY
afS
fkn
oSZ
kOX
P10
bY8
d59
cwX
FJ5
cCL
x48
qCL
HT0
aIP
u16
qRT
AT6
ntR
mwK
HP9
bzR
vBT
hr2
xA0
lO7
bOR
emp
KMO
tIT
HMQ
ow5
eG6
fJ5
IY5
mrC
KP6
es5
oBY
mBD
HI3
fj2
aeo
gqF
jD8
mAE
mL9
hmC
iE3
iC1
BM4
sS3
CJL
IU9
EX5
fO8
BJY
tFY
eH2
ae7
mxO
jC5
klw
acd
pwG
lK1
dzT
IK6
rt9
aj3
q56
ai5
tE1
cgA
eoD
LN2
DJQ
CIX
oTZ
AL8
KW6
CI7
emu
bPW
jlY
bk0
oW4
egR
zLV
del
cPW
vEK
rAQ
aMT
nzC
xH5
D10
fuS
zN7
b17
jrR
f80
iS3
ntA
inG
uN6
fgN
gEL
OQT
pqE
DOS
vA6
iEQ
gio
tBJ
fEK
hyE
rvF
12_
sU5
mrX
lCM
zA9
GI9
pyF
oEO
ovO
hsK
fsH
dnT
lqv
oFW
jkr
ip8
fX0
sH8
bO0
RT0
uI7
agP
gXY
pAT
fgG
n69
aC9
aN7
auU
cpE
fO6
GMN
det
t24
oT6
tU7
KPW
ipP
j18
ivw
BQV
lKT
zV0
FNO
epr
fiJ
F29
aJO
mAH
wGY
sKS
QZ_
mnp
tD_
cmE
ptB
a17
fDY
AMT
xIM
deK
mAO
pNZ
iDY
uy7
chs
lEQ
np2
kQT
zDG
lux
ksT
IJ0
ELY
ioS
BH_
ef8
luH
zBC
gY2
nr9
hrV
pKO
suU
LNY
sNZ
oIP
lC9
lzP
ntY
hpw
NZ_
coG
uwZ
knq
mGN
IOY
eP6
RS9
hoL
yK_
uw2
pWY
eBD
hiz
qAE
V67
zIK
NQY
EPQ
uDG
ktw
mty
bls
inB
ilF
ko8
nD_
lL2
bcE
IZ2
pPV
eEM
jt4
yKX
uz8
aTW
sR7
JZ7
zXY
yN2
jpJ
yQ9
vDK
bfy
fO0
qz_
LP7
BKV
hzC
dT1
CD7
bJ6
jZ1
qJZ
abI
hk4
axD
esU
COP
eg6
xIL
qvE
IW5
cCM
orW
CLW
jw0
v12
V56
apL
pY0
vX9
LR6
cg_
eW4
kC8
x15
AL1
ptO
hK1
beG
cu6
DFJ
bny
aeK
lnr
qwJ
lmo
gV1
mtX
zM1
vEU
lwO
lUY
JMP
jux
qU2
cx_
huy
hr8
s9_
HS7
in7
rN8
rO6
cKS
wF9
mN4
oH5
rU2
ixN
xIQ
cKR
pEZ
JNQ
jL2
jz2
oMO
IX3
CS4
orP
gG2
mR9
lwB
efS
lX3
sC1
lrt
uD_
gM1
bU5
oDJ
wB8
fj1
kz7
rOW
kuK
cTU
jBI
uMU
jxJ
b18
DI6
myW
uN8
rM0
fJX
DN4
aAT
z89
eyY
K69
d14
vAU
ETV
rsv
bdv
aAG
emA
etx
ER8
lY_
D19
iqv
i56
hrA
bgW
bnQ
rz9
uwS
vW8
gl9
vwU
ckK
drQ
bsX
xyD
uxK
fkW
gR4
vP4
ah8
GX7
kCN
pT9
nT6
bfA
135
vQS
pxC
mIP
jMW
sQ1
isP
DNT
HZ3
nAV
cj_
aqY
ABN
hnN
grW
hrR
luY
sP4
sHR
TY1
hiS
B10
LS1
fxD
fWY
vA4
egW
deu
hOX
LS7
wG_
ksC
U6_
nE3
B68
lm9
iyI
wBV
tA3
aU6
msY
dzR
yFG
z23
cuF
qLQ
ijR
fJ3
iFJ
wP3
iX2
yG7
TUY
fo3
iJX
jH9
biH
muF
hwW
zWZ
kW8
APY
qu1
fP8
dgC
nN7
r40
alJ
moH
gy5
lDL
dPS
fAY
exD
kyU
ty4
vxH
fq2
ao1
rDQ
stT
ps3
gJL
lL5
xy7
F90
eHN
pX2
qFZ
yR5
V38
EI2
DEO
D89
uyB
SY2
mDH
zBU
svT
CX9
gPV
bE7
qxO
W18
qST
eV8
owU
tI5
jyO
hRU
lqE
cGH
dEP
dkl
gTV
pBD
kv_
lJ4
hu4
EGW
BC1
oW5
k25
qRY
oEL
jD1
bio
cgO
iR5
kuz
MSW
oI5
W5_
yzG
GR7
iRS
mHR
P30
oqN
MZ9
clK
bI1
bZ5
sGH
dwZ
bp5
ei8
kBW
quW
juy
tJ5
rGT
iI8
vEF
e9_
EMQ
nqD
pKQ
qQ9
isC
MUY
go4
y49
gH4
gpV
xT1
ajH
JO4
oA6
kBT
y67
jA0
CGO
in_
goK
x58
ix8
tyA
gVX
zD2
DEX
ak4
lFM
kST
dF4
eEF
BM6
uT3
az3
KX8
oKM
bH2
bAS
ovQ
czN
elP
erw
w16
JQS
kDQ
hOU
tIP
blt
IMU
jVZ
wY7
itA
tyN
wO0
kZ6
wH9
h7_
dq0
egp
r6_
gsW
ANW
KY2
aiz
tE7
dAK
zY_
iDN
K14
hsN
mwI
bBD
kq0
dN6
eix
dBV
oFX
QY8
lQ4
g78
fvS
yDM
CV2
lH4
cr8
vOX
BM1
alH
vK6
doW
wCR
APX
jZ9
JL9
cu1
efO
uJU
lGO
bjG
vz6
aV6
gCD
br7
gJ0
S5_
ny_
zY7
AE_
lwE
AW2
mGP
EV4
jAU
I34
kCY
fQX
HJV
glF
eoQ
q68
F9_
MYZ
xF9
gCN
ktC
jwL
coz
467
dl2
hs2
mxF
isF
oxG
uGY
nxR
nzQ
jJ4
hqO
noH
nFT
mSU
nAB
dqA
FNT
ALT
loO
qL0
emG
zJ2
tE2
nCP
giu
KZ3
kuV
VX6
awP
mIQ
lU9
eis
uE5
goY
boZ
U56
V78
I3_
afB
tI6
bst
vMW
CMV
JOR
uW5
myR
jFR
BCW
EQZ
V27
hP9
iR4
GU8
jvx
bkS
wO5
jI6
cl7
OR1
euN
cxF
jCZ
vJ4
wQ1
eL0
nAK
gBO
itG
xLT
GUW
mAL
ERW
RX6
pqV
anz
OP4
dS3
rIJ
lA_
aFH
vCO
aJN
oM8
gI1
wE0
eV_
HS4
eAW
pFS
bU2
yI5
lLU
aey
cuT
yM1
AHZ
exZ
nMZ
JM7
MT2
efi
akH
nq7
otN
iF4
coH
o57
uO7
bv0
R67
lmN
qFJ
vHV
in0
tKL
dEI
yP3
kWZ
kDO
kS1
MW8
cv2
yM3
gvZ
uS7
gCJ
ruE
hxS
DEZ
CTU
B34
kqO
yX7
ipM
hnH
eE8
DT6
dh2
tF_
wEH
zC_
IT9
uEU
PY0
mn0
zE9
LU7
CKM
mnD
gor
xN4
sS6
stI
hZ4
ABP
AZ6
GN4
TZ7
ajp
nCE
xOR
cv6
n59
emN
xM3
fko
fT_
gGI
sw3
bDY
hBZ
oz0
jxA
jmB
jly
cZ2
doA
uVY
efX
aq1
ci_
mn6
bqU
EX1
CD3
L8_
hBF
kBY
FKO
dxG
KNR
cpZ
fpx
ls4
ci8
ou7
p68
TU3
din
pR_
lEK
AX1
iLZ
FL9
awX
CE8
H40
eB9
fvL
vzT
fAT
oCJ
R20
sGX
py_
uKL
R57
aCK
W2_
gyE
pNR
gkm
hpy
mCI
p60
vwI
enO
M7_
iBU
ck0
oDY
BX3
itz
DIM
kX9
qJ6
i23
iw_
zDS
cqD
nS9
zG6
kX4
ai2
wyW
lDU
msF
dh9
iT2
C48
KR7
lS3
f37
X60
qCK
LM3
bG_
sLY
s90
R80
hiT
IP_
gw9
sE4
oIR
sV4
EGZ
N40
K34
cZ_
auC
jrS
rS6
kH9
ex7
fhn
oqs
x9_
gs9
UY3
vZ5
lwW
nIY
bLU
qry
dE5
jS6
zOR
bxY
dgY
vL7
LOW
x20
QW5
k23
AE3
jt8
lV0
iCZ
rv7
pAN
yNS
AK3
msz
qv0
lst
yP4
sFY
dBY
u58
ilU
kn7
uTZ
lvO
zU4
uA0
BH4
xHX
k14
vz4
HKM
ghn
acq
r67
tvB
qU4
lqT
hmW
u27
aUV
E80
AQ9
AR3
FU8
mAG
LV6
zEI
wFH
bxI
biC
oGZ
klO
lpX
hz4
gBS
jJP
mzS
iKY
ehk
mW5
dLP
D39
pry
hSX
JW2
hwH
fJU
LOQ
oAV
jUY
huN
cuE
inu
qQ2
eMN
EJO
iZ1
tW4
amM
sS9
jH4
qz7
jI4
vAN
CP3
cgU
lHM
giC
fyH
gT_
oAJ
zPW
KZ7
mMY
e3_
xIR
cW6
G45
xyB
dnq
quP
kr5
pqw
anL
vLY
rYZ
NS7
hrL
ix6
gkS
jsY
tzA
qwX
ilR
fjU
w49
ru7
nY_
oLV
tU1
dlK
ahL
eUW
dX6
ozU
xz3
uTW
cjR
nEW
eqW
fR5
qS1
cei
sxX
pP5
cs_
dK3
gsT
fyC
kK_
jFP
qJQ
guF
zMP
lrM
FX1
tJ8
sIK
bCW
kpP
sMR
wGP
orF
vxQ
EUZ
ghk
hX2
eBU
vO_
fuJ
i2_
dxL
r20
GZ9
yN5
oKQ
GJ1
xEH
EHV
EY5
rT7
gy0
cqN
jC2
RUX
lp_
rX5
gF7
iH4
Z4_
s16
xI8
DGL
ly9
cmF
NP_
dm_
mr8
LU5
lpM
mvU
cfx
hvH
gmq
bsF
jq4
ltM
tBD
jq6
U25
br_
TV2
bqx
yzR
AOV
ef6
qsG
UY7
x27
c12
kn4
nEX
ET6
lIM
CZ0
dm2
IWY
hmE
FH3
uJ7
wIQ
pv7
LR0
euO
qM2
HU2
mVZ
Y70
eE9
dmU
vwZ
u34
IV4
HS3
xY7
zDL
noA
beu
xIV
MP_
TV1
uP5
dt6
LX6
IRX
uv0
fwD
coJ
U80
R15
oMN
cf5
vAJ
aiV
mCO
HP3
ciZ
duM
adS
yF7
xW5
nOQ
eX9
nV8
hoO
PX3
ivG
iFL
B0_
nBI
fu4
IR3
jtL
ntX
bO3
gtM
T89
buS
BQY
CKV
l13
lL8
zF_
cQ_
f89
aNX
R60
dsY
ev4
mv3
lHV
bR6
vFX
fj5
dD7
lGM
ewB
klN
uKY
moG
fiY
fzT
eoN
VZ8
a
b
