principal_try
sacred_wools
mysterious_properties
shiny_reenlistment
excellent_enlistments
sensitive_ladders
plastic_capital
brilliant_state
tough_medicines
unlikely_tilling
square_temperatures
helpful_fish
sick_grooms
sole_lists
everyday_alphabets
charming_squadron
obnoxious_cathodes
costly_drains
various_discipline
excellent_appropriation
dutch_powers
pleased_forearms
rainy_convention
motionless_centers
critical_discretion
dead_tensions
steep_feeders
unchanged_perfect
biological_pits
late_groups
improved_fashions
economic_sidewalk
sleepy_sunrise
controlled_countries
socialist_misalinement
traditional_tapes
mushy_propulsions
tender_lender
professional_headsets
turkish_boiler
rear_mineral
ministerial_safeguard
quiet_wagons
silent_publication
giant_riding
sensitive_restaurants
only_radians
spotty_monoliths
successive_misalignments
brilliant_towns
nursing_respiration
fair_commands
back_thermals
select_advance
british_runs
frightened_escort
interested_cruisers
annual_distance
confused_interiors
cooing_admissions
known_number
okay_captures
qualified_structure
filthy_branch
clumsy_comforts
teenage_faults
automatic_coughs
fashionable_shots
numerous_hut
naval_powder
near_human
cautious_heading
above_admiralties
mental_frosts
tender_calibration
objective_elections
closed_falls
autonomous_spindle
terrible_education
ugly_parities
mushy_anthems
central_capstans
blonde_utilizations
dramatic_weathers
influential_forty
distinguished_trails
stupid_pails
afraid_waist
ripe_cause
smart_terminators
worthwhile_whips
frightened_eddy
boiling_jig
common_glide
good_dabs
blind_angle
above_materials
magnificent_durability
shallow_numeral
quiet_prison
purple_tuesday
integrated_crewmember
full_time_admiralty
mad_stars
surviving_saving
beneficial_publications
skinny_finishes
dependent_conventions
fine_dominions
daily_intercom
favourite_sugar
fresh_taxes
isolated_agreements
curious_conventions
fuzzy_mouth
dry_captains
unsightly_ton
ordinary_polices
environmental_flap
magnificent_construction
full_time_bottle
ideal_density
wee_contamination
disturbed_hour
homely_coordinator
thin_contract
lazy_crank
amused_moisture
concerned_subtask
mathematical_blows
wicked_men
great_crowd
manual_master
curious_ballast
initial_twig
familiar_parachutes
convinced_complaint
direct_claps
soviet_failures
mushy_trunk
grotesque_portions
yummy_casualties
defeated_plugs
tory_dears
innovative_housefalls
overwhelming_religions
divine_alcohols
japanese_helmet
anxious_days
neat_installation
religious_tests
crowded_hitch
subsequent_housefalls
foreign_accomplishment
honest_validation
unsightly_ones
latin_linkages
ancient_certificate
rude_district
easy_wishes
intact_scales
defiant_passengers
substantial_tan
linear_distances
fluttering_crusts
satisfied_legs
careful_depth
liquid_press
spatial_plant
weak_physics
dull_bunch
average_ornament
golden_locations
autonomous_desertions
new_stress
late_count
rapid_expiration
slippery_frost
firm_department
ordinary_summary
enthusiastic_summer
proud_clubs
incredible_electrolytes
initial_positions
helpful_soldier
fantastic_custodian
oral_warships
likely_varieties
precise_lee
dusty_action
salty_trains
frantic_paragraphs
capitalist_exception
powerful_workings
disgusted_bud
ethical_ticket
different_receivers
ill_lot
negative_gyroscope
well_airships
sympathetic_forecastles
annual_sights
mighty_pits
just_drunks
burning_apprehensions
advisory_sections
short_passages
bitter_replacements
rubber_person
gross_loops
worthy_emergency
stiff_model
round_driver
late_proportions
rapid_sweeper
conscious_ingredients
interior_pairs
casual_steamer
melodic_machinery
medical_replenishment
radical_condenser
thoughtless_appeal
working_hygiene
silly_bays
nutty_methods
payable_clangs
dull_passivations
nineteenth_century_gardens
shy_heart
full_time_intercom
chemical_integers
grey_universe
frail_eighths
rough_clothing
native_scabs
civilian_thickness
liquid_toss
colorful_waterlines
federal_weldings
healthy_housefall
essential_locomotive
straightforward_preserver
fashionable_reach
net_background
specified_responsibilities
cuddly_successes
minimal_analyzer
glad_odds
delightful_fishes
early_mother
miniature_theory
prickly_boys
remote_floors
australian_lifts
related_recruiters
stiff_debts
traditional_grove
asleep_blast
alive_delight
select_interaction
rare_cheeses
light_tails
critical_submarines
firm_wage
conceptual_trades
brilliant_bumps
continental_trim
exotic_track
dynamic_trainers
successive_reel
electoral_laps
historical_credit
stormy_edge
shy_explanations
nosy_loran
unfortunate_rolls
adverse_rock
confidential_possibility
grieving_eggs
boring_plants
australian_disks
distinct_flowchart
weary_crusts
initial_worm
rough_grasps
gleaming_leakages
surrounding_pedal
repulsive_preference
special_drift
reluctant_money
interim_cries
pleasant_tars
awful_badges
minimal_base
complete_pistons
actual_fives
amazing_videos
precise_mast
judicial_altitude
straight_canyon
empty_module
powerful_characteristics
ugly_diagnoses
rare_crowds
flat_kisses
united_mitt
rough_waists
funny_accounts
drunk_lift
numerous_beads
medical_labors
kind_letters
invisible_correlation
unexpected_hammer
explicit_chits
wide_presumption
quaint_waves
clinical_rivers
innocent_engines
graceful_stomachs
steep_splice
magnificent_blocks
sticky_conduct
different_ejection
hot_collisions
fine_hugs
rural_smile
controlled_whistles
clinical_fear
upset_land
advanced_face
strange_smoke
coastal_destinations
logical_blots
unfortunate_salutes
turkish_worm
married_tapers
fast_shipping
fundamental_learning
metropolitan_stoppering
separate_oven
outrageous_resistors
nursing_nerve
supposed_ceilings
frantic_keyboard
marked_residue
defensive_units
fixed_transactions
right_emergencies
steady_implements
ashamed_candle
joint_slice
rubber_plates
frail_noises
voiceless_nurses
great_digit
royal_muscles
accurate_hardcopy
parliamentary_saddles
hollow_nonavailability
experimental_davits
ancient_withdrawals
tight_separations
clever_latch
assistant_tail
imaginative_boy
nasty_conflicts
agricultural_turpitude
symbolic_implementation
post_war_water
direct_milligram
mobile_overvoltages
provincial_curve
puny_catches
emotional_intelligence
lazy_principle
independent_trays
poised_enlistment
sensitive_pages
round_plans
critical_airfields
principal_ideal
modern_intensities
whispering_parties
mysterious_stators
fast_flights
cheap_road
aware_lashes
bad_implementations
strategic_mattress
international_hatch
dear_rating
widespread_surrender
unusual_showers
fascinating_library
italian_ax
huge_roadside
compatible_splashes
rare_blast
loud_tide
entitled_lumps
high_architecture
complex_saying
comprehensive_coals
quickest_adaptions
ridiculous_closures
exact_panels
harsh_trunk
internal_averages
inevitable_sales
isolated_echelon
artistic_savings
sound_gram
gleaming_dates
delighted_rowboats
Sound_record
polish_hammers
nervous_objective
incredible_creeks
redundant_commendation
broken_elements
silent_briefings
suspicious_explanation
pretty_milliliter
melted_minute
expected_wax
chilly_fathers
mobile_wardrooms
sorry_navigator
autonomous_jumpers
nasty_coordinate
chief_rating
passive_entry
alleged_valve
real_conjunctions
unfortunate_blanks
steep_movement
united_ribbons
better_sparks
passing_vehicles
jealous_submissions
convinced_eighths
heavy_taper
correct_executive
selective_trunk
fat_channels
beautiful_specifications
cheerful_prints
historical_east
individual_mountains
compulsory_pull
tight_magazine
magic_issues
amateur_automobiles
resonant_bread
regulatory_allocations
handicapped_web
fat_sunday
doubtful_spool
fierce_fires
traditional_opportunities
left_limp
okay_itineraries
careful_molecules
genuine_network
improved_sport
shocked_container
dear_probabilities
long_pushes
clear_hazards
ugly_requisition
heavy_theory
cautious_conveniences
special_hazards
rude_turnarounds
high_felt
aware_fellows
invisible_feelings
widespread_paragraph
continental_badges
neutral_complement
normal_sheet
determined_rowers
unexpected_solenoids
long_factories
ill_ceiling
warm_cores
wet_peacetime
multiple_tires
magnificent_tank
fixed_allotment
royal_knots
able_motion
wandering_supermarkets
accepted_solutions
excess_states
glorious_roller
substantial_lookout
traditional_trails
hungry_locomotives
mighty_stuff
stuck_stapler
coastal_accountability
coming_rescuer
pregnant_liquors
extraordinary_administrations
generous_bundles
sole_airfield
inquisitive_title
blue_liquor
accurate_orders
ill_swamps
defensive_diagrams
drunk_increase
damaged_prepositions
slim_negligence
experimental_bands
quick_qualifiers
conceptual_circumference
parallel_data
vague_habit
thorough_entrances
fiscal_histories
tough_additive
acceptable_drags
mere_collectors
stingy_frame
average_blank
ashamed_smell
ambitious_breeze
radical_discrimination
real_drive
content_blades
compact_antennas
leading_clock
grey_desire
melodic_violet
intimate_talkers
outdoor_tongues
famous_numeral
progressive_bails
post_war_stages
amused_facts
relieved_pops
kind_cramp
social_housefall
christian_taper
arrogant_battle
written_dusts
continental_marble
full_time_plan
territorial_way
video_taped_ingredients
alternative_government
greek_attributes
evil_showers
comparative_transmissions
northern_tap
opposite_artilleries
mighty_height
silly_fans
shy_curvature
original_mind
protective_breath
uptight_lightning
russian_coxswain
reluctant_sponges
parliamentary_passes
theoretical_americans
racial_human
ordinary_specializations
just_independence
rapid_convention
single_coasts
sad_much
practical_sum
hidden_injectors
mere_preferences
brave_makeup
previous_allegations
decisive_squadrons
marvellous_purge
homely_monolith
soft_bias
verbal_rowboats
large_scale_maps
grim_history
pleasant_sabotage
overseas_sunrise
passing_unit
mathematical_merchandise
soviet_schedules
quick_bottoms
faint_try
isolated_offering
unexpected_barges
creative_events
only_lees
difficult_farad
crazy_purchaser
roman_legging
furious_speakers
large_crashes
musical_environment
short_command
inadequate_second
grotesque_noun
hard_claw
careful_diodes
unlikely_scales
grand_shift
husky_americans
psychological_capitals
rational_examples
blue_july
boring_washing
brown_communication
modern_icing
annual_skips
prickly_loudspeaker
nursing_commitment
steep_terrains
nice_noises
distinct_coordinators
gothic_feeds
mushy_amounts
elated_relief
odd_vents
remarkable_displacement
increased_points
divine_guides
patient_clothes
casual_sponges
cultural_muscles
scary_hills
grateful_bushing
attractive_twenties
low_forts
interior_tones
joyous_groups
fast_telephones
wet_cells
easy_energy
relaxed_manager
royal_directives
wild_communication
female_consoles
concerned_exhibits
ugliest_layer
fresh_publications
living_springs
normal_rollouts
blue_cups
korean_evaluation
bored_mats
closed_fountain
stuck_swords
evident_foam
many_glazes
average_superstructures
verbal_rags
certain_routines
adequate_projectiles
monetary_slices
overall_tire
swift_crown
weekly_recovery
fundamental_porters
defiant_turnarounds
mysterious_windows
wild_indexes
many_call
important_tens
agreed_hold
normal_pine
fundamental_latitudes
efficient_associates
annoyed_ices
thirsty_associates
various_fort
passing_mailboxes
empty_kites
similar_thermometer
strange_jacks
shy_flashlights
only_discretion
latin_alignments
glamorous_oscillators
advanced_visitor
neighbouring_insertion
inland_letterhead
well_known_suggestion
witty_flaps
cute_troubles
disciplinary_importance
total_breaks
specific_method
agreed_reveille
expected_compresses
dynamic_representative
passing_winding
modern_bracket
rare_effect
annual_telephone
radical_plow
israeli_responsibility
private_siren
high_habit
unknown_conductor
social_journals
organisational_inquiry
visiting_twist
juicy_trips
giant_barometers
remote_locations
technological_dollar
vast_gravel
neighbouring_numbers
delightful_reactors
high_sound
significant_format
crooked_educators
short_recruit
pale_alphabets
modern_decibel
jewish_recoveries
impossible_plating
evident_fold
joint_exception
shy_mistake
eerie_funding
flexible_sewers
relaxed_colors
excellent_hisses
vast_footings
dying_bail
successful_rotations
ugliest_gaps
universal_drop
random_alcoholism
balanced_disgust
moaning_request
loose_invoices
jolly_lights
key_injector
rising_tags
brief_circuits
doubtful_juries
confidential_pot
loyal_closure
unconscious_nest
lively_plays
combative_expense
communist_ammunition
arrogant_collar
old_fraction
itchy_capstan
natural_arrivals
enthusiastic_feeders
strong_fathom
overwhelming_checkers
deliberate_ice
available_circumstances
curly_visits
tender_abbreviations
immense_pop
lonely_statement
big_balances
outrageous_adhesives
long_degrees
crucial_rear
stuck_track
heavy_batches
cheerful_bends
supreme_admissions
iraqi_pistol
surviving_pistons
realistic_manufacturers
modest_detail
combative_address
chinese_merchant
terrible_signals
scared_layer
good_devices
progressive_pyramids
straightforward_endeavors
voiceless_bottoms
angry_stitches
labour_buoy
eerie_negligence
responsible_brightness
democratic_margins
extended_dawn
continued_hold
special_meetings
severe_chairwoman
greek_bushels
interesting_subject
able_stub
urgent_painters
casual_flush
abundant_rebounds
black_stapler
outer_courts
holy_orange
female_buoy
redundant_editors
worthwhile_parenthesis
encouraging_points
limited_throttles
tame_keyword
square_assignment
ridiculous_alarms
silent_change
interested_abuses
international_abbreviations
splendid_wounds
automatic_strut
plastic_departures
muddy_shots
many_master
crooked_chip
mere_traces
conservation_warning
stiff_services
fond_beginner
bad_specifications
cognitive_sidewalk
flaky_states
straight_links
complete_lesson
stiff_shaft
scary_disease
old_fashioned_scheduler
light_discards
marked_voltages
immense_winters
hollow_vessel
swift_packs
squealing_basement
only_schedules
blind_thirds
cautious_stamp
lucky_skirt
bright_lookouts
spectacular_afternoons
wet_binoculars
large_protests
greasy_removals
pure_north
severe_surrender
compact_certificate
static_aluminums
difficult_headset
coherent_varactor
unfair_selectors
comparable_difficulties
light_school
ideal_breaths
advisory_blows
considerable_shipmates
blank_character
unpleasant_firings
unnecessary_showers
spiritual_firefighting
content_yields
dangerous_overtime
alive_slaps
victorious_destroyers
wide_eyed_affair
thorough_horizons
estimated_attesting
ashamed_security
compact_donor
tense_crashes
glorious_dam
flat_discoveries
faithful_oven
slight_speeches
initial_riddles
moral_hoofs
acute_jars
confidential_staffs
strange_amplifier
terrible_terminologies
superb_drains
evil_requirements
interesting_mat
cold_difficulties
skilled_varieties
melodic_trailer
responsible_secrets
tall_folds
enthusiastic_logistics
fine_public
maximum_specialties
mutual_shop
complex_sip
tired_discontinuance
administrative_braces
frail_guard
adequate_discoveries
polish_complements
identical_rumble
thin_harmony
delighted_eliminators
lucky_incline
quick_grasp
alleged_batches
ugly_ornaments
happy_generations
clean_nods
courageous_dip
chilly_workbook
ugly_sun
embarrassed_bit
fresh_words
unknown_explanations
civil_promotions
miniature_brushes
upper_ore
powerful_bytes
planned_wonder
wasteful_disgust
helpful_bushes
boring_pieces
cognitive_secret
interim_caliber
forward_search
dark_semicolon
clean_pushes
impressed_cycle
proud_graphs
enthusiastic_race
controversial_hazard
quaint_auditors
mean_decimals
grand_knowledge
united_withdrawal
complex_reinforcement
blank_uncertainty
electric_swivels
resident_commissions
voiceless_carbons
principal_salvage
husky_blankets
mathematical_analyzer
prior_bullets
head_conversions
courageous_splicer
proposed_lace
fixed_surrenders
warm_overflow
helpful_religions
awkward_yields
dark_hill
super_configuration
cool_specification
strict_barrel
isolated_vessel
scientific_installation
silent_cargoes
bare_way
rich_nickels
general_ray
driving_gas
mushy_chains
permanent_coal
wealthy_arrests
continuing_capes
big_kill
crucial_repair
average_restraint
philosophical_april
blue_satellites
binding_interior
short_assembly
joint_pits
traditional_careers
successful_compositions
injured_towns
fluffy_equation
liberal_commanders
direct_baths
cheap_limes
mysterious_delights
progressive_barges
mid_delivery
bitter_delegate
existing_petition
modern_humans
constitutional_alert
integrated_jam
flexible_dealers
anxious_tracker
enthusiastic_bristle
evil_stick
artistic_bureau
familiar_formulas
strong_advertisement
early_fluid
specified_shafts
sensible_notes
principal_pool
doubtful_possession
suitable_coordination
realistic_specialists
sophisticated_numerals
scattered_mixtures
indirect_sunday
short_term_hillside
obliged_troubleshooters
long_human
light_splints
sensible_dial
theoretical_poison
comfortable_cabs
average_junction
arrogant_volts
ripe_jams
modern_sentences
broad_accord
poor_temperatures
quaint_ride
devoted_tan
feminist_containers
lost_obligations
spotless_girls
brainy_fibers
tough_procurements
costly_ramp
wasteful_wire
resident_brackets
sporting_discards
shallow_modem
rigid_fashions
uniform_twins
frantic_shells
crucial_formation
fellow_coordination
binding_trails
premier_ordnance
supporting_bar
geographical_retirement
wise_numeral
outer_glove
miserable_launch
useless_inventions
soft_cab
competent_school
legal_coxswains
accused_merchants
uniform_hate
tiny_compressors
provincial_compartments
glad_refrigerators
courageous_spears
sleepy_decontamination
efficient_rams
overall_utilities
mammoth_state
faint_resolution
soft_speeder
ill_laces
gastric_drum
sharp_farads
required_deployments
high_pitched_hammers
clean_arrivals
different_feelings
conservative_junctions
important_implements
asleep_additions
victorian_inclinations
new_services
silly_adviser
raw_ditch
teenage_feather
careful_attribute
depressed_designations
following_attackers
remaining_rope
big_certificates
uneven_ratings
independent_diaphragms
respective_calibers
classical_tie
desirable_leadership
worrying_atom
energetic_public
direct_implantation
flat_members
soft_carriages
persistent_frosts
fatal_butters
mighty_bases
toxic_clubs
powerful_null
sound_offers
upper_flush
early_inventions
actual_respects
happy_iron
pleasant_workings
quickest_nouns
adjacent_student
cold_mind
steep_look
substantial_existence
different_implements
wicked_agents
direct_passivations
changing_plans
confused_dial
late_refund
spectacular_defection
dying_expansions
relative_ability
lonely_ditches
enchanting_terminator
super_hoists
rolling_rods
outstanding_degree
adorable_communications
red_administrators
late_buckets
criminal_aggravations
tough_lump
level_policy
missing_thyristors
violent_legend
tiny_livers
primary_notes
loyal_transfers
excess_pops
missing_safeguard
joint_fixture
faithful_arts
primary_metal
ideal_chaplains
stingy_hug
compatible_makeup
notable_harness
helpful_respect
effective_commendation
modern_grants
afraid_eve
sick_power
unnecessary_falls
worthwhile_oscillations
corporate_replenishment
supporting_hyphens
functional_enemies
global_grades
eager_wages
weary_stem
innovative_chains
well_known_grade
moaning_set
blue_cylinders
pale_beds
managerial_sessions
elaborate_boys
quiet_badges
forward_donor
appropriate_destruction
grubby_hushes
delicious_occurrence
autonomous_clothing
increasing_hoses
central_knob
senior_bears
dark_chills
creative_strength
minor_balances
few_shipping
healthy_fold
outside_rations
worthwhile_work
plain_collectors
mighty_recordkeeping
jewish_nation
selected_tacks
quiet_originators
sick_compromise
daily_crystals
still_disadvantage
funny_bags
guilty_misses
blank_yaws
victorian_extenuation
crude_requirement
orthodox_twin
strong_press
hungry_copies
large_aprons
private_divider
delicious_lips
genetic_bandages
increased_apparatus
particular_speeds
positive_solvent
realistic_wholesales
broken_saddle
primary_weld
tired_projectiles
chronic_harnesses
confused_animals
reliable_blades
environmental_funds
partial_detentions
magnificent_bushings
missing_readings
rapid_tolerances
deaf_owner
endless_vibrations
dependent_octobers
plain_mug
liable_altimeter
due_schedule
surviving_goal
numerous_type
rising_tie
fortunate_armor
bloody_cake
disappointed_return
similar_servos
afraid_washes
inadequate_messes
proud_chests
green_interests
pale_spins
soft_discontinuance
extreme_distresses
varying_catch
realistic_guys
relaxed_reservist
thoughtless_chairpersons
disturbing_bullet
broad_steeple
bad_spacer
civilian_generation
average_electrolyte
impossible_draft
lovely_tuition
good_feathers
long_bullets
striped_calorie
distinguished_meters
tight_banks
zany_call
reliable_behaviors
divine_confinement
economic_surveyor
burning_galleys
nervous_interpreters
blonde_multiplication
post_war_highway
naked_chock
genetic_galleys
fresh_desks
reluctant_missions
unique_associate
constant_stomachs
acceptable_signalmen
patient_success
eager_nothing
improved_visions
wild_bytes
wet_channel
agreeable_runoff
grey_tongues
near_rifle
swift_developments
allied_alarms
wild_saddle
mighty_months
tired_switch
structural_confusion
fuzzy_moneys
obliged_crops
damaged_rescuer
assistant_relations
applicable_complaints
exclusive_okays
short_term_intent
established_category
lively_forecast
reasonable_nineties
scientific_vicinity
super_opportunity
helpful_volt
vertical_mornings
doubtful_batch
loyal_auditors
wet_stop
resonant_alcoholic
certain_brushes
appropriate_bays
magnificent_molecules
prominent_breeze
dutch_binoculars
relative_contrasts
absolute_efforts
political_guards
motionless_wounds
agreeable_compasses
given_merchants
secure_stresses
written_swallow
irish_torpedoes
foolish_bushels
mysterious_fetch
objective_porters
encouraging_extent
creative_teaspoons
chilly_rowers
eastern_baud
estimated_blood
compact_segment
running_fashions
famous_proportions
mature_diamond
mathematical_submissions
great_laundries
breezy_partitions
fuzzy_stoves
compact_curtain
intelligent_signals
worried_counter
magnetic_minimums
universal_works
novel_yolks
past_sinks
nearby_ration
wandering_tick
judicial_seconds
continental_milliliters
expected_officers
casual_dots
mental_mail
mute_thimble
corresponding_photograph
irish_jets
unknown_cranks
distinguished_telecommunications
tory_entrances
white_watches
ordinary_defection
excellent_standards
similar_noon
sticky_students
wonderful_pictures
dull_contents
lazy_breast
married_retailers
high_pitched_marks
steady_operator
universal_shirts
impressive_honk
hollow_stitch
dangerous_breast
spontaneous_forms
numerous_deployments
acute_songs
mushy_operations
spontaneous_shipment
still_grips
distinct_village
head_horns
clean_mints
indian_owner
central_neutrons
joyous_deployments
wealthy_suction
linear_drugs
polish_negligence
historic_probabilities
attractive_film
scattered_lakes
canadian_rewards
teenage_courts
controversial_secretaries
miniature_allegations
agreed_measurement
coloured_string
right_suppressions
holy_cramp
fucking_pencil
frozen_taper
persistent_ballast
accused_tissue
stable_cent
far_possessions
testy_overalls
cool_roads
annual_knot
flexible_papers
iraqi_handful
accessible_freights
protestant_barges
elegant_sort
purple_rules
full_time_weights
exact_forces
deep_lapse
disabled_azimuths
bare_tendencies
precious_merchandise
sweet_subtask
electric_processors
annoyed_beaches
decent_glow
commercial_outlets
formal_margins
arab_disk
nervous_body
wooden_tails
harsh_purges
rough_barriers
small_chill
bad_roots
public_auto
minimal_fakes
shiny_stone
icy_puff
negative_lip
small_halt
helpless_mechanic
bare_trick
nuclear_spindle
professional_operabilities
prickly_serial
registered_visibilities
late_types
subsequent_lint
marked_collection
commercial_alphabet
anxious_certificate
immediate_revision
large_margins
hard_fountains
hungry_pit
distant_torpedoes
stormy_score
ill_chocks
adorable_public
evil_chips
frail_pain
petite_counts
vast_dab
arab_inches
soft_talker
scrawny_hotels
missing_band
stable_truths
balanced_dimensions
planned_acronym
influential_pears
emotional_complexes
unemployed_interruption
loose_ignitions
unexpected_algebra
adequate_strains
conservative_banks
lovely_chip
helpful_clothing
bizarre_plays
strange_maximum
testy_numeral
mammoth_researcher
outdoor_whip
serious_studies
bitter_increments
kind_members
silent_generals
dirty_gross
provincial_registers
breakable_fan
impossible_chairwoman
smoggy_classification
established_concept
puzzled_failure
depressed_complement
irrelevant_pea
future_choke
steep_electricity
level_surveys
new_state
holy_conductors
favourite_chains
wee_improvement
purple_yields
uncertain_duty
ideological_voltages
expensive_factories
chilly_keels
gross_passage
appropriate_exhausts
organic_demonstrations
confidential_dopes
tough_evaluations
immense_coupling
average_interface
inc_index
yellow_consequence
lexical_seawater
vulnerable_sessions
mechanical_nights
interior_technician
great_message
obedient_ribs
ugly_funds
excessive_damage
instant_sector
deep_timers
scottish_cut
shivering_nod
like_starts
overall_democracies
labour_apprenticeships
large_scale_departments
novel_models
simple_halls
german_chalks
crazy_dyes
repulsive_railway
tense_bands
comfortable_yarns
secondary_circumstances
helpless_hammer
classical_victims
brief_orders
printed_accumulations
fatal_crewmembers
autonomous_spills
lesser_lantern
damaged_equation
golden_efforts
low_agent
nasty_computation
amused_scratchpads
pretty_wear
passive_toss
strange_oscillations
ugly_bins
noble_committees
loud_bypass
equivalent_personalities
doubtful_sponsor
vital_workload
sufficient_drinks
indian_depletions
confident_hull
disturbing_sevens
territorial_instruction
outdoor_tensions
occasional_trim
square_cannons
continuing_community
sheer_rugs
surprising_limit
determined_pit
annoyed_sprayers
fixed_echo
joint_drydocks
tight_glossaries
swift_intercoms
unfair_percents
supporting_board
high_processor
desperate_buzzes
middle_class_scabs
sole_tapes
welcome_lines
financial_value
white_segments
ashamed_beginner
lovely_apostrophes
parallel_glances
bright_primitives
bumpy_clang
mighty_nails
independent_extension
nervous_crew
nutritious_contrast
mild_confidence
fixed_views
fluffy_lick
ridiculous_spike
sour_verbs
productive_deposition
competitive_donors
russian_organ
chief_dents
grubby_dare
mean_jeopardy
bumpy_resources
petite_law
valid_adhesive
irrelevant_sewer
gorgeous_motels
disturbing_ice
soviet_transits
equal_sod
male_focus
russian_quarters
scary_messengers
familiar_prime
sympathetic_provision
forward_snap
unhappy_equations
previous_wires
eager_capabilities
modern_coats
shiny_depletions
official_circles
unlikely_marines
odd_accrual
slight_accident
wealthy_cupful
separate_credit
quiet_mark
distinct_leaf
superb_commendations
anxious_eases
prime_frames
driving_instructor
faithful_bites
rich_cents
fresh_gross
visiting_stem
magnificent_screw
peculiar_pressures
global_offense
steep_dollar
impossible_memorandums
fat_saturdays
digital_jeopardies
select_ends
literary_headsets
angry_cases
polite_lines
greek_insanities
interior_fluids
clear_cars
endless_schooling
mad_lubricant
Sound_neutron
continuing_tars
minimal_cruiser
neighbouring_eights
managing_creek
glorious_verse
encouraging_exhibits
fat_exit
homely_sisters
filthy_auxiliaries
grieving_bones
islamic_mouth
happy_lightning
socialist_radiators
characteristic_tourniquets
supreme_condensers
unhappy_overlay
worthy_percent
key_weapon
slight_labels
heavy_lent
continued_surrender
striped_stretches
rubber_oranges
magnificent_sails
male_sheets
wonderful_batteries
definite_squeak
colossal_distress
dirty_bill
weekly_selection
conscious_roll
dead_knots
thoughtless_fan
gigantic_bands
bewildered_railways
inappropriate_saddle
allied_runner
grand_pots
tall_baths
minimal_modules
hurt_watts
italian_curvatures
arbitrary_captures
so_called_energy
rapid_views
living_molecule
pleased_brick
coastal_sunday
forthcoming_attempt
wide_play
eldest_incomes
dusty_injector
real_adaption
horrible_cheek
careful_fist
mass_servant
junior_bat
young_freedom
russian_scratches
holy_storms
electronic_discussions
roasted_wardroom
rainy_billet
convenient_mind
motionless_morning
underground_sticks
tremendous_clicks
parental_births
injured_hardcopy
sensitive_researchers
rich_protection
sacred_bore
stiff_ejection
plain_hills
ugly_cushions
scornful_mountain
nursing_interval
competent_trip
naval_requirements
gleaming_mixtures
fresh_permits
swiss_flanges
robust_triggers
steep_traps
reluctant_depletion
fundamental_loaf
theoretical_tachometer
rare_farm
whole_files
legislative_coat
eerie_swings
unfortunate_slit
elderly_sewer
scattered_punishment
strange_minute
poor_constitution
artistic_helm
super_buzzer
compact_lenders
appalling_fronts
angry_bronze
prickly_editors
convinced_caliber
polish_subdivisions
civilian_threaders
calm_copper
part_time_code
calm_villages
tame_collar
temporary_interval
oral_mile
quick_rollout
evident_linen
major_growths
conventional_adaption
formal_shadows
appalling_hand
flexible_thumb
crude_bins
small_tumbles
vertical_chattel
greek_base
african_wafers
genuine_glues
yummy_questions
gigantic_transmittal
chosen_tie
ultimate_rag
german_disasters
british_prices
relieved_steamers
mighty_customs
mixed_reverse
numerous_marble
noble_highline
far_needs
silent_coordinators
fat_approach
new_reproductions
expected_volts
hot_features
glorious_distortion
growing_attribute
nice_routine
steep_combs
integrated_certificates
unnecessary_model
straight_star
homeless_alloys
helpful_jug
arbitrary_success
visual_snows
cognitive_hatches
brief_tire
used_meter
quick_prices
limited_overvoltage
dangerous_qualifiers
post_war_flags
adequate_discontinuations
electrical_request
competitive_buckets
extreme_shapes
unwilling_appellate
whole_haste
quiet_crashes
technological_hub
tremendous_closure
fiscal_policies
compulsory_breach
nutty_blast
victorian_driver
burning_indexes
successive_boards
black_dab
slow_punctures
sad_strengths
quaint_shade
explicit_straw
right_poison
regulatory_soldiers
absent_confession
insufficient_september
brown_speaker
gradual_average
impossible_terms
deaf_operator
yellow_rolls
courageous_stump
determined_tire
underlying_weeks
remote_dereliction
unlikely_intercoms
magnificent_acceptor
central_difference
delicious_accessory
interested_dresses
biological_nations
jewish_types
quick_fillers
agreeable_body
homeless_prop
global_oaks
prepared_tubs
drab_week
nutty_cause
plain_vouchers
fresh_plane
cooperative_committees
current_bulbs
agricultural_passages
spiritual_carloads
nearby_promotion
premier_escape
unsightly_theories
changing_whip
marked_hour
significant_examination
desirable_lubrication
thoughtless_coordinate
miniature_dresses
liquid_blower
dutch_detents
mass_leggings
zealous_alarm
exuberant_chairwoman
sacred_writing
statutory_compress
sour_inference
armed_winches
beautiful_cleansers
static_ditto
territorial_fire
nervous_publication
foolish_standards
married_activity
extraordinary_attractions
assistant_issue
related_waists
corresponding_reductions
hidden_spar
fat_entrance
gastric_wash
surviving_eggs
compact_heater
noisy_mechanisms
delightful_bank
probable_claws
thorough_joints
shallow_mission
comfortable_secretary
broad_sheeting
supposed_class
fluffy_number
judicial_versions
critical_fields
multiple_basis
deep_handlers
joint_strand
specific_splicer
sacred_worry
young_motions
impossible_coders
dreadful_steeple
brainy_experiences
sophisticated_spades
judicial_angle
dangerous_eighties
sour_income
salty_observations
linguistic_proposes
rough_settlements
melodic_boxcars
previous_blazes
basic_nurses
funny_leakages
intermediate_hood
fresh_splitters
exuberant_terminator
many_liters
lucky_liter
gleaming_blade
scottish_electrolyte
underlying_books
fluttering_bunches
devoted_furnace
medieval_ways
weary_logic
german_chairmen
confident_coordinator
prepared_consequence
western_provisions
quick_strands
immense_sequences
prior_kettle
rich_highway
perfect_projects
loyal_sport
uncertain_personality
elderly_offers
limited_hints
only_tracker
democratic_swimmer
fierce_malfunction
premier_jars
rigid_situations
robust_flowers
cheap_positions
coloured_importance
tired_vices
gentle_dollars
busy_commissions
only_bulk
federal_research
chronic_presence
gleaming_posts
wide_crew
black_chest
unfair_bend
light_batch
nice_locations
emotional_pats
pleased_radars
tired_basement
adverse_forty
wise_whistle
fast_depots
innovative_characteristic
powerful_whispers
conservative_hit
sexual_bushings
rich_makeup
vast_ending
sheer_continuity
additional_cage
silent_plan
central_workmen
lengthy_features
dying_sum
anonymous_cliffs
additional_reels
special_bombs
excess_freezes
awake_requisition
damp_handle
strange_trailer
hushed_fraction
splendid_origin
exclusive_sole
extraordinary_straw
coming_formation
colourful_neutrons
friendly_shed
poor_device
strange_event
red_trucks
flat_recipients
light_twigs
exclusive_civilians
important_machinery
worldwide_thumb
big_candles
conceptual_airfields
tired_confidence
ashamed_enlistment
lazy_petitions
comparative_lessons
grumpy_medal
vocational_paragraph
comparative_brace
peaceful_punishment
famous_hat
colorful_polices
welsh_sewers
fine_tax
homeless_checkout
gigantic_definition
cognitive_suppressions
unacceptable_modules
appropriate_merchandise
weak_conventions
governing_direction
wide_eyed_projectiles
precious_security
silent_bows
innovative_recruiters
northern_paintings
likely_polish
moaning_precautions
willing_metal
part_time_numerals
grand_auditors
short_algebra
expensive_mounts
satisfactory_stoppering
mighty_battle
broad_signature
muddy_crowd
french_condensation
managing_cheeses
favourable_response
convenient_varactors
moral_watt
eligible_book
surprised_insurance
particular_tooth
high_auditors
territorial_equator
logical_illustrations
compulsory_ratios
notable_compressions
puzzled_circulations
well_failures
thundering_winch
estimated_deserter
soft_daughters
helpful_loan
gradual_organizations
upset_mills
adequate_okays
bewildered_doorstep
ordinary_desires
fluttering_offices
near_advantage
italian_adherence
repulsive_programmers
nearby_tissue
satisfactory_quartermaster
social_occurrence
consistent_courts
ugly_offsets
spectacular_makeup
empty_view
confused_humor
educational_nights
reluctant_hisses
terrible_neck
surrounding_retrieval
natural_turnarounds
doubtful_leg
illegal_documentation
double_nods
thick_dollar
inherent_detection
minor_governments
important_boom
grateful_independence
applicable_grain
robust_substance
healthy_examples
static_transfers
random_line
expensive_parity
remarkable_sling
notable_tailor
financial_hiss
compulsory_scab
russian_sixths
clever_appellate
evil_fifteen
known_wings
delicious_tools
possible_catalogs
agreed_bearings
awful_terminator
wet_checkpoints
super_ports
victorious_strikes
dominant_alternates
comparative_navigations
open_behavior
sure_interruptions
secret_blood
convinced_thumbs
american_rotations
disastrous_variety
systematic_ventilations
private_tracker
confused_blade
ready_defense
original_coil
chemical_attachment
funny_movers
impressed_gleams
asian_signals
elegant_semicolon
fixed_battles
late_sport
back_hem
nosy_rowers
intellectual_currencies
unemployed_bond
right_twig
monetary_envelopes
realistic_rowboats
front_game
adjacent_baud
scared_fabrications
weary_clouds
structural_pin
unlikely_glazes
frightened_set
lengthy_adhesives
flaky_housefall
impossible_surplus
cool_fire
illegal_variation
ugliest_jurisdiction
bright_master
unable_bunch
palestinian_painters
super_implementations
innocent_art
harsh_bricks
mid_wound
specified_file
head_presses
planned_boatswain
fascinating_proofs
hurt_manufacturer
swiss_mind
oral_tag
hurt_coordinators
blushing_discoveries
developing_sleeves
practical_help
classic_clock
busy_harmony
abstract_lessons
turkish_watches
steady_idea
grieving_fights
difficult_picture
sufficient_duplicate
moderate_knobs
reasonable_secrets
preliminary_son
