AGEW
BBHC
BJWO
CFHE
CFDB
BFVO
BELJ
AHIB
BHUT
BUEP
CHQY
BZRK
CKAR
AMIV
BJDQ
CQYP
ACYF
AWKG
BWEW
CUSN
BWWL
CVJS
ADHC
AGDR
BCGA
DIXH
CWZV
AFYP
DAGK
BPVA
CNMB
CIMD
BMIN
DHDH
BACP
CIVU
CXCX
BQQP
CPKH
CGJO
CIJJ
ARHG
CAAM
CUCK
DCMD
CSXD
BSYD
CBKJ
ASBJ
AHBK
DJYJ
CCEW
CCOO
BYFR
DEPW
ACEM
BTEL
AFZI
AYTL
DFEY
ADYH
BCSW
ADOJ
DGIV
BMMM
BTCY
CBQK
AYSO
BGZE
AHKR
ANPS
BFNR
BRRG
ASPM
DEYA
AGIK
AMGE
ABYU
ASFD
ABWO
AJFN
BHAH
ANML
BVHF
CECJ
CQVC
AXRI
AMKG
CXQP
DANF
AZXC
DGML
CMYY
CBME
CDMC
BXIG
AQNR
AZFN
CLJC
ASOG
CTAN
CVTG
BSCA
BNER
CLOP
AMLU
CQTX
CJHC
AVZP
AZIB
CNYS
DFEA
BWEU
ATJG
AOZW
AINS
BHEX
BDWT
AYTG
BWLP
AFTM
ANJY
BEOO
AIVI
ADMB
AHYM
BWSU
CSQU
ALYL
BCGK
CRXB
CULQ
CGEP
BLDX
AZHZ
DGCG
CIDS
BKVE
BBLM
CCWW
AIHG
AFON
DEAB
AVEX
BXJD
AZRT
ALRR
CQJH
CFVS
BSGQ
ABPC
AROY
DJZD
AZVR
ADAH
AOPO
ADKI
ACQJ
DFVK
CJRL
AIQY
COKT
APWC
BGIB
AMFH
AHOQ
ADXX
ARMN
DFVI
BKZX
ACKP
ALQY
CEUH
BCTF
AWTA
ACKW
CHXJ
DHMC
AXCC
CSGB
BQEC
BZEP
BDQP
AUDG
BDSK
DJEN
BEWI
AVJT
CQBG
BNIZ
BBHD
BBMD
BKDJ
DGOA
AJWR
BEIN
ATNS
BVYW
AERB
BTOO
ADOK
BEWU
BBVC
AZDP
AQVO
DHHF
AJER
AMOL
BWKO
AXUY
BOMK
CXVO
BJGW
BOIA
BSDB
CZXG
DKNC
ABPX
CBBQ
CXLP
CLRW
BPFQ
BDEW
BSDX
ABBI
DEVG
CSHO
CVPS
CNBI
AHCW
BHBB
BAEO
BSZA
AMWN
AQNY
AYRA
DIDC
CGBJ
DJAR
BAWL
BXMV
CMEX
BBIN
AWGX
CAFJ
AJPW
CJLH
AHQQ
CJWA
ADYO
ALKW
BCVF
AXUV
AQIX
CKLX
CTHE
AGRP
AEQZ
BKYK
COOB
BFGA
CBOC
DBEM
BPTE
CEJK
ASOU
CERO
BYJS
ADTN
ARZO
CUHE
AHKV
ANLI
BJHI
CYEE
CHTT
BATE
CYBG
DDCC
ALYT
BCOP
BDWA
BDHG
CVYD
BGAT
AKDZ
AMKW
BHAJ
DEAV
ASXB
CBNO
BWTZ
CPZU
DDEC
DKTI
BWVF
DDCY
BKXD
CAJD
BYEL
CSHZ
AQDY
CAOR
AKWY
AFMG
BKHR
DDLK
CHJX
BQHM
BKOS
BHTX
BCOB
BVGZ
AFNI
BXGE
BIMI
AHUY
AHSA
ADSW
CWOE
CBWY
BNSH
COFN
BESX
ASMO
BUDB
ACLO
CRTY
AZYJ
CAYL
CYOH
CYRZ
DHNJ
CXTD
BHFL
ATAJ
DFTZ
CAIY
BYKU
AEKL
AYMG
BVLN
BLJB
AGVP
BQGD
AZNI
DBID
BWSQ
CXTE
ABRS
BHCS
COFR
AKAI
BEZQ
AIYS
DJFS
CQRE
BAFB
CCHB
CSRM
AUWN
BVWU
BGHT
DKGU
BHAC
BKSO
DEVA
CACY
BPLS
ACML
BYTI
AJZZ
AVEE
CRJH
BDVK
CTID
BLPZ
BUGD
AAAT
BRCI
COBM
BHWU
CWFU
BLBP
CXGQ
DEAJ
CREK
BTDY
BCEW
BKIB
BJLI
BLIP
BELF
DBDP
AXFC
AHAE
BQKS
CZMK
BMNM
CCJV
BBYJ
AVUF
CZFX
DIAD
CMVF
BMDB
BTUI
CDPM
BSHI
BGGD
DJKH
BJVY
CIQI
CNXU
CPEW
ANUE
CLMJ
CPWN
ADAA
DDNN
CFXG
DBWZ
CEVP
CPMT
CYZD
CKBI
AZAK
DBPD
CQLA
AQUM
ABCM
AIQI
BPPY
CCLO
BDDN
DFQF
BSCK
AUMC
BWNJ
DJAP
CXUA
CRUB
BYBO
CYJA
AMEA
ASTB
CNZJ
CFCV
BKPL
ACZL
DHTE
BOEQ
CMOF
AKNV
AXWO
CDOR
BORP
BRED
CAHI
BLKC
BMXO
CBMF
AVWY
CQSK
DGIG
CPCF
CIKZ
DJRS
CCPX
BAYA
DDDF
BVGY
DFSK
DIIQ
BSAN
AQAU
ALVL
BJXC
CXRK
AIQA
CWYD
COUW
DATM
CBUB
CEFP
CWQM
AUPB
DARO
ASBY
ACDN
CJVK
BYJR
CIGZ
CAYY
ADQW
ASZC
BCJZ
DKRM
BHAR
CCDF
BAQS
BVTT
AQKD
BGEG
DJIB
ALXL
AZDN
DCCD
ANMF
CHRA
AFOM
AINN
AUZN
DEAM
DHJC
CRLY
CBJE
DCJT
BQSL
ANOF
CBRK
BDLH
DKDU
AUMY
CEMV
CIIM
BIFO
BZZX
DBTU
DFSN
CEGX
BBAK
CTZV
CGJF
AFTZ
ATVW
BWIL
DKOJ
CGCU
CLWH
CIQU
BGSY
BTVM
DAZS
DKRV
CZOF
BPDV
BNMB
CGED
BPNJ
AZHU
AAVI
AHQB
ATIX
ADUB
ADCC
DJDP
CJQK
AWEZ
BCMI
CIYT
BBUC
DBDG
AKAK
AIOS
AERN
AWUZ
DGEQ
ARCN
CXXF
CIBK
BIKB
ARWD
CCHG
BVTM
AAAI
BSXK
BAJF
AFQK
CRUV
CSJE
CENN
CHKV
BEJK
CTXV
BESU
CUDV
CWMV
DBHL
BAXQ
AFEO
DHRX
BCWB
BAXL
CKLQ
BYJX
BWDG
AKAT
BQLG
BCJF
BNDR
BZZF
ATMY
BTMC
CRXE
BKMC
AZNN
ALGW
DHWB
CJGK
CHKD
CLWC
DEOF
CWYZ
AAOV
BNPO
AZTR
COWG
BUPK
BIYN
BAJE
CCUB
CITQ
AGUH
CRZS
CIDQ
BTWI
DEBK
COCF
DJDC
BOSA
BSBX
CDOJ
CIDP
DCQF
CCZK
DGYF
BJZI
BPXC
CSMA
AAXI
AZLJ
CEOJ
COGS
BRWI
CUAR
CBAZ
BYAY
DGMR
BYFM
BBJF
BRDJ
BVGB
CZJC
ARLG
CSLM
AVPF
CJSO
BILA
AZBR
DEJG
CCIQ
ASXZ
ARKU
CYHN
DJEI
ACVI
BJQK
AJZG
CMCL
AEMR
CYST
BSAY
AQYW
CYGG
BCON
AYAP
CYDK
CRIQ
BDLU
CMNX
BUYO
CTBF
BCLH
DBLW
BSJO
DGAI
ANMG
DCRP
CZLL
AQPW
CCUN
AJMY
CPHU
CDTR
BUMG
AGZH
BLQM
ALGP
DADM
CBKK
AOXP
AABZ
ABOL
ANHH
BNRD
CWXY
CKIL
BEOX
BLPF
BPNK
BXPB
DJDV
AFRY
DCAI
BBDZ
ANJI
BWJZ
AGRH
BLZS
AUUI
BUOK
CINJ
AWZB
CHYD
DGQS
BHGB
ASJT
DBKB
DFRY
CANM
CDMD
AWCF
BVGK
CSXL
ABIQ
CWSJ
AHDT
ARSP
CZGL
BODU
BQMX
BYPL
CYZN
COUK
CRFV
BJKR
AKIS
BVQH
AMEF
CTAQ
AJVP
AKBF
BTGD
BBWC
BRFD
BXJM
CCFE
CIIW
AZWH
CWFE
AXEM
CJXU
AFHC
DFLH
AYZL
CJVN
AKIB
DKOR
DJRT
DJHF
BCYC
AZQP
BHRQ
AIBW
BCGB
BSMD
BTOS
BRXF
BQQI
APFD
CJDD
BCOJ
BMTE
CAZS
DGLV
ASVV
CSGF
AUYD
CLFL
BAYR
BRNP
ACWZ
AJNT
DDYR
BMZO
DBRL
AUGC
BIVD
CIFK
BQAH
AFGR
AURF
CLRJ
AIIH
AMCL
APNA
AAEL
CMGS
AOQW
AVDE
AWZC
BEZW
AKOL
BGVE
BRLI
CMAX
ALLP
BGAV
AXPF
BWRO
ARBO
BRPY
CLVL
AGLV
AZYY
BVBK
CCNZ
BRFT
CVBK
DJYT
BJAR
BKLH
BSQO
BWKF
AFZX
DCBB
COMT
CMWJ
BSOH
CJOW
AOBW
BHKO
BBUV
BHBH
BHPE
CFIG
BVCS
CUMB
AMHQ
DEZC
CFGQ
BFUU
AODW
BGRX
CPIZ
CLWY
AADG
CWTV
CZYK
BYOQ
CGHY
BZYJ
CWBM
BZAP
CGOQ
BCDW
BUVU
BRWC
DBHA
BCVL
CUGT
COVK
CJGE
DENJ
CVLQ
CIQY
CDUV
CCMO
AMAC
AIAZ
BJGE
BTAH
ARFU
AFOL
AVZG
BVBD
CRXT
DCVU
BRKQ
AOWJ
BRRD
BTJS
AECL
AFIA
BZKX
DIJP
CAEI
AXAX
BCFK
DHEO
ALQX
CBKI
CGAJ
APEZ
ASIG
BYRI
ADLD
BQSI
BRVO
CPNH
BIID
AJDZ
BSAU
BBLY
BNEY
BUES
CWDH
COIV
DGSW
DIQU
AUJP
AHHI
CHMD
BJZV
CYBA
AJJK
CEHH
BWIW
CATH
CBDE
BUCV
ANUB
CIKB
AMSN
CIFS
BIBB
DHML
CKRP
BVAK
BZOB
CLMA
CWET
BCMH
CISZ
BHHS
AQTY
CVWO
BQGX
BLBG
AUXR
AAYP
AGVR
AGUG
CUPQ
AHBY
CFCA
BPJG
AZFQ
AOLN
BCEB
AMIE
DAHJ
CHBG
CEKJ
DJRI
BDVE
AGQP
BCWH
CDDT
BMIL
BJZL
BIUD
BYWJ
CBCS
DJND
DEMQ
CKUH
BAOU
AIQM
APWT
CXKV
DISN
CMXB
CAUV
BMNY
AEMO
BYLL
BNFH
BWHW
DDFU
ATRF
ANSO
AXZY
CLSX
DHAV
BCTU
AMEU
AQTN
ATOP
CAOI
AJTP
DCGM
DFHD
BBGP
AMYA
ANTW
ARCE
BTXU
AGTI
DGQE
BVCP
AHJG
BQYJ
CAIU
ABOI
BKGY
BIPW
DAAN
AKDV
BRDI
CVVZ
CDKU
DGWV
ABLU
APBK
CPSX
ABZC
APKC
AKGU
AKMJ
ARCM
AGKP
CJJA
ABAN
BSHV
ACYZ
BQDA
AQRC
CGAM
CGKJ
BBKB
CWAQ
BRSS
AMTA
DCIR
ANFF
CKFF
AWZV
CAIN
CNQO
ASBU
DGVH
CNBW
BNLU
CAIJ
BOVT
AUMU
AGQS
BXMU
AMIX
AINW
AEEM
BGZQ
CIAN
BQQW
AHHL
AXFV
CFIZ
CQUB
ATAK
BVLL
DFQW
AHNQ
BXDT
COMS
BFXT
AKPV
BJFU
ACFT
BHPV
DIUW
APMT
CMCS
BPCI
AQEX
AMJF
BZRF
CMVD
BJSH
ADNU
CFKT
AVTO
CMOS
DHWK
CIHB
CESI
ATKL
AAEZ
CBQY
CAXE
BJAQ
ANZJ
BVLT
BOEH
BLMH
ASVP
COKB
DCJW
ADRK
AJZA
CRSR
DILS
BJKA
BKRY
CWDU
AAEW
BUQT
CTFE
COBH
BDKP
CYPT
AMDZ
CTFU
CNQF
DEDF
ALTW
DJJR
CWOZ
BLFU
CDPC
BMQM
BUTM
BAOB
COCX
AETI
CLSJ
AREN
BFOX
DEYF
ASVA
AZLI
DKPG
BYRE
CYTO
ANUR
CYBJ
DFYF
CZVQ
ACNX
DBOR
BXRQ
ABUF
BZKJ
CIVZ
AWQX
CDZQ
BBHK
BRPI
AQRU
AUYT
CDFR
AHKX
AADU
ACNU
AQUR
BWDR
CGGV
CQPH
AJUL
BABV
CBJF
CGBB
BTJV
BGGJ
AFQX
AUBB
AOQT
BDGL
CAJI
BYLA
AZXE
CNZK
BOKL
ATWH
BDDF
DIQC
CFER
BLXA
AOGF
BLNL
CGZQ
AQNW
BAXV
DHPM
AZZA
AHWH
AUSF
ASEQ
CRGO
AGWQ
BVWI
DEIF
AXOI
AJJZ
ATHZ
BNQB
AFIX
AHZF
DCBV
BEEJ
CRLI
CIML
BDHH
DEZQ
CHSF
AXTI
DBZE
DJRM
AWZS
BDPG
DFLK
BWTS
BEBY
BMMQ
CHAA
AVGM
CJOY
AIWD
AJZL
DAFO
CAYD
CATM
CVDT
AJRG
AIXU
BJGJ
BQVQ
ACPL
AKQJ
BBDN
AZLO
CULH
CXDK
CMKJ
DKEX
DKJT
CLHS
COGA
DCUX
AMUZ
DGBD
CWGQ
AIOX
BQYI
AVHY
AHFS
BJRU
BGDL
BJEC
AGGV
CVCI
DIWR
DGJX
CXHL
AUMZ
DDRD
BELQ
CJVF
CHZJ
CFGT
BALQ
CXGK
CYBC
BFMG
CCZT
BPMY
BKTT
CFFF
BBFI
BQTW
BERJ
AZQB
CFAD
CKAM
DAWB
CYGV
ASBT
BWBT
BCDK
CIKO
BZXG
BLUI
BJEH
AMEM
ABKZ
CHCP
AFSE
DKOP
BCNY
CWXV
CQWW
CBMA
CPXT
BKPN
BXQD
BNVZ
APAG
BHNY
CMLX
DKMX
BIBM
AIJW
BYFG
BYAF
CKWQ
BFPM
APZX
ALMB
COQX
DJGW
BLSF
BTQN
BFNN
BTRR
CLYA
CXYD
AEYR
CFJE
CTPP
CUDU
BEVJ
DBYF
CBYV
DAJS
AGDI
ADTU
CQVP
AMWO
BFHM
CSHE
CFDM
APKX
BDIB
AJTD
ABMB
AWTB
CRGV
CJNF
AGJS
CKBA
BVRD
CARU
DCVF
BEXA
CNJN
AVPP
DAWQ
ANHV
DFLB
DJFJ
CNND
BBIP
CNWN
ARVX
BLXN
AXOA
BOPF
DGDU
AKJM
BKIK
DEDR
CFKW
CGSU
BGDJ
CWEC
ASIT
AQWJ
AMXV
BCXC
BQAX
AYRM
AQWC
CCHW
CGRE
CREW
BWQA
DJQW
AFNJ
BRDB
CPIU
BZTV
CDTU
DAPN
CWGL
DGRG
CBUZ
BOVH
CCMT
ABNJ
ACSF
DBXG
DEAY
CKGA
BACL
DDQN
BDLV
AQHZ
BDYJ
AQRD
BEPF
CSCI
CSRK
DBLU
BROF
CRCD
CFXZ
CUOW
DETX
BHWQ
AANX
ARAN
CHAL
DEHR
AZGU
BUAS
BLGU
CYCB
CSZQ
BAUD
ASFL
ALNL
BRQQ
BMWF
BLFN
CSOM
DBVR
AIBR
CZEO
BDSH
DBAQ
BSLN
BUFD
ASTQ
CIPL
CYFZ
APZY
CFPU
CGGD
BGSV
ALVJ
BOUU
BQQD
BLZQ
BFNU
DAVI
CLPU
AEFD
BSFZ
CBYG
DGIP
BBGT
CUPW
AWEW
BJZK
BYQT
DENO
ACCG
DFBH
CFJB
BZFJ
AICW
CCUP
BVYL
AEVS
CJMV
BKVQ
DHYB
AGYP
ALCH
CLVY
CRZA
CAXP
BABJ
CIRL
CZJO
BGPJ
AXVV
AEZY
AXXC
CNLP
AJKQ
CFDG
AZHD
ARUL
AEZV
AKWW
BDZD
BUFU
APQF
DCFN
DHEI
AYIA
DCIE
AXFI
CINX
DBIP
CXRF
CQZW
CZCO
CBHD
CERS
BVUD
ATAY
CGPW
BUQM
CIZM
ANOD
BEHL
BIQW
DAUU
DFTY
ADQY
DFIC
BTOM
BMPB
APKB
ANCP
CMPN
BDTP
