AAF
AAW
AA6
AA7
AA8
AA_
AAz
ABJ
AB6
AB7
AB9
ACQ
ACR
AC6
ACr
ADA
ADK
ADS
AEI
AFD
AFX
AGI
AGJ
AH4
AIZ
AIg
AIz
AJD
ALC
ANj
ANn
APh
ARZ
ASH
AUL
AVy
AZz
A2q
A3T
A8V
Aby
AfC
Aft
Agm
AnO
AnQ
Apx
Asu
Aub
BCg
BGI
BJq
BJw
BLC
BOX
BPM
BSz
BT1
B0R
B14
Bfw
Bgw
BnY
BqK
Brb
Bvx
CCP
CHB
CH3
CHg
CK5
CMQ
CQ8
CRK
CXF
CXe
C3S
C49
C5t
Cp8
Cq6
Cqd
CtG
DXw
D00
D0g
D0q
D0x
D8S
Dg6
Dkc
Dwy
Dyy
EAX
EGN
EXr
E_a
EbJ
Eme
Esf
Ess
Etf
Evd
ExK
FJH
FJP
FK2
FPR
FQT
FRu
F32
F8F
F9N
F_B
FaW
FfC
Fh7
Fi2
Fqp
Fym
GAj
GBS
GBl
GCS
GDV
GHA
GIS
GKo
GOc
GTg
GV8
G0k
G0v
G8a
GhZ
Glr
GrP
GsV
Gw5
HAM
HBh
HE8
HR7
HTl
HW5
H5N
H7p
Hct
Hf_
HoL
Hs0
Hvo
IA8
IAm
IK3
IQI
ISC
IU9
IZ1
I_P
IaK
IaW
IfZ
IjQ
Iwi
Ixv
IzM
Iz6
JEW
JNm
JO8
JRo
J1Q
J5Y
JkH
JlY
JoM
Jpt
Jtn
KCF
KLs
KQL
KVT
KV_
KWR
K2L
Kcl
Kj8
Km8
KnD
Kpd
Kr9
LEw
LFC
LFd
LFn
LKc
LUr
LV0
LYm
LaF
LgR
LrA
LuE
Lvx
LwU
MDM
MEo
MGC
MSp
MVz
MWP
MZQ
MZn
M6Y
M6w
M_8
Men
Mfs
NBH
NMb
NSd
N8h
N9z
Naz
NfV
I0E
MKd
Aa_
CBn
Hdc
Iy4
Hb2
LKK
Mrc
IXY
EKD
CRq
L7K
LCb
D1I
Al_
B7d
K7R
Ivd
Leg
GFW
H1U
A_j
AaV
IdX
A_h
G3V
EXh
IRb
NH7
EOW
EGl
CKo
GtS
IWw
AAR
IsE
DqF
G1W
B_O
Esk
IL9
BAO
HoQ
DVN
Jue
AZX
I54
Noi
Agi
NSX
JOW
DTr
Ito
EhM
JOY
Dwo
Ctb
Fbs
J4F
KyR
IQz
ABP
EVq
FQb
B1a
Fll
HC6
Ei1
Gof
JQ2
M7n
D88
Et5
FPL
DNK
Eqm
Lqt
MkA
NiN
Nqe
AHg
A2c
EyJ
NW1
A3E
EaY
Bif
D1J
ArX
L41
J52
D8c
INX
DWU
Di2
EKl
MM8
COX
NCu
JCV
KGT
Buo
LmS
DM7
L82
HxQ
Aur
G9s
HVZ
LOR
Mku
Ku8
A9q
LfK
G2O
IQW
Cn3
BSk
N7q
B9f
HD7
IZ7
Ccv
CkQ
HeY
BUs
D3k
KpN
BJZ
LAG
DW3
NXL
FWR
Kne
GUG
G54
JKf
J7L
Ek7
JKy
Kbg
NgV
Kwk
DEp
FbH
JLZ
Ayt
LXF
MzI
KwE
D1f
JTg
F3J
F1W
MPT
LbG
Nca
DsD
F8O
INj
JjP
Ccf
K7D
KnR
LlC
Csj
GIw
Lkr
Bb6
C6S
Ltc
MtX
GOR
LhS
L8P
Mvj
A9y
AUQ
IFH
E7c
DQK
Eyj
AZ6
Amb
Hhf
NIM
MPo
MOj
LEi
Mcf
Aun
GPy
Lzr
CWH
JUt
J7I
Ms9
CSC
KFN
DRK
Aky
CiA
Azp
Lgc
LAt
LBl
CHx
HVD
M1l
A5r
GOi
NdD
EcE
AvZ
Alj
Atm
LUb
CgN
K0P
E4Q
FYc
C4V
Azc
Jnl
GCi
DGH
D0Q
Lwy
Hsa
B2o
ESr
Ks1
EM5
ENx
NnJ
MMn
EEl
AW2
FqF
Gt0
JVz
IUH
K6R
IQS
K6l
JLe
K5J
KJA
Ilv
AHH
Drs
LgK
KUb
Ak6
BAM
Jqx
HHT
IgG
BuG
IkS
MDX
Ey7
FNz
Anl
CL7
J8X
GG6
Eku
FDc
N6Y
KHY
MuM
KA5
DSu
II5
DeD
DkM
Jp_
F8g
KdJ
EcK
AhQ
AaI
D8i
A5G
HM9
BV3
GOE
Ckb
LxZ
JgU
IZf
MZ6
EO9
DKZ
KmA
LGu
K4h
LQA
NkZ
GKI
INU
Mmj
Kwq
K5H
DYL
L6Z
I1O
EfG
B9s
LHO
JhC
Frz
CtP
E9N
BAH
DmU
Nc4
CaH
CQK
KB_
GhY
CUG
ENB
Jid
Hx7
II4
JHz
BB1
EvV
Lg1
NXY
BI5
CLt
Dkz
Erm
G0_
MSV
LqD
BfT
Bu6
NZA
CWc
Bjm
MRB
CRm
Byi
Flw
FpQ
MlY
An4
FJc
C6P
DMp
Dyv
KrL
Af5
GXu
DQL
Jxl
CR4
KCg
Coe
CLi
COt
E2R
L0w
DNg
BcG
GOH
AUH
G_1
HOY
DwU
LkD
Gib
JQj
Al4
BUu
IlE
Ni1
DG8
KGB
Gsm
F3t
JCg
BjL
BRb
Eky
Eux
ABA
IFF
L3W
IH5
AZK
KsM
H2T
KbI
Ht3
EhQ
Lzq
GY7
Dys
B5N
EFs
KU4
DnL
FJK
GXM
Ifv
J78
FcO
EoI
Jw7
Bg6
JT1
Ges
JEp
NLk
HHO
Hl8
Ayk
HF9
NDp
BNb
Ftg
Eqz
Nm0
MUh
HQ0
NAA
Eha
IAt
JEz
LBA
AUN
KTO
I6a
EFx
CsA
B71
IHm
J_N
Nkg
Ht5
Mhl
AUc
C3G
E7r
N1S
DEk
BlN
LFy
MvF
BII
G6z
J0p
Kyr
Hjk
Fw7
JM0
NZS
CAe
MKy
JRe
Ndq
FfW
Npz
GOT
Eds
HYK
FhK
INq
Mab
Lq7
C8w
AGO
CtT
E3m
Euw
NTS
Ekh
NCo
GTu
Dzf
C30
N39
A68
CPq
KkL
A19
EuO
CBQ
IM2
MRL
MPj
Jle
NOV
KJe
Ikt
AC5
GER
DBt
Nq7
KOj
DiC
MI9
Ll6
MY9
F2m
EZu
NN0
Jr5
GxR
IfM
KzB
MTC
B8g
DZB
E0Z
GB9
Mzh
BIi
Giy
NdY
FWj
B9Z
DNh
IY3
Bxw
LGY
BqV
Cgh
