ajmz
zwe
vet
ftv
bqg
ape
aphn
atfm
xlp
acyh
fgc
bjpx
sxm
ajtr
afrk
aivk
anms
ajof
rui
isw
basg
amlu
wmc
aipn
ung
pla
nxy
avws
lnh
enq
agrv
xjp
phb
atpj
qtc
atwn
pnm
ehl
afkg
ls
ahkq
alzt
trx
avir
ykd
etb
eda
bqnh
adfo
bply
bgrh
alpb
avmy
jbt
hmy
lvx
jnk
bqs
iqo
bivx
dt
ibc
syj
blxi
ablc
ahik
tye
jxz
alup
aflp
abhf
ajst
biys
biyr
obz
avfc
qvt
audm
mbn
qxk
wvk
klm
abhz
bmcy
myp
gxz
aztb
oxv
bdyv
ahxo
ahve
ey
gkz
txe
awng
eds
bidt
juw
amws
ayni
weg
agvz
bmzo
beqp
pwo
aygz
bhcw
abpo
akux
ior
rxt
hnd
bmi
boft
ahwz
aihk
afws
bryc
tfa
bnfx
bnyt
atdr
bhkj
ngv
bmlv
vax
gjr
dla
kny
bsau
mua
akqv
atwg
boxw
wkf
ayft
zcv
tie
zha
nst
avy
bfvu
aoiy
bela
cur
bodh
awtl
bhjg
bqtr
ygd
ibp
bofp
bryn
api
aghs
adtc
jwk
bjyz
awpe
gqz
brxd
fjk
abkr
lyv
akxb
akef
besa
bcyd
bert
bewc
seh
aqfe
adjb
agwf
afbj
xuy
tmg
aykn
blcw
zcn
msk
anor
axgv
bpaw
amsi
dx
aqyp
szy
anut
bnps
amnf
lhw
baq
bals
acyr
afje
qdv
rdw
avho
vhc
amnw
rfj
azxs
biur
azei
avms
brsm
blqe
qwf
aosl
awfd
ahyw
auhp
arpl
bemv
ancx
alek
blzv
bicx
wej
hrx
bnxu
befj
ekd
bdce
bah
btw
aemn
anbh
ceo
awvd
barf
amfs
oim
tju
agxb
avfe
awhs
zyk
hxo
sxp
anyd
han
rzh
dhj
ucj
asvg
adgh
bdrm
bmxs
jxw
owb
gxm
acyi
athp
gr
bilg
sto
bdnp
bnsu
bnlg
zdc
auyo
tyr
bdoe
apem
amek
bpc
emc
bfto
beo
zmb
zin
avfk
kzx
vcz
adqp
bqzw
aits
cwh
hye
pql
kdv
zqn
ens
beqk
ud
icy
aolx
kda
kbz
uqw
acvu
ayzt
uct
slx
afdt
kyi
ors
axvy
ajtq
xer
dqt
uix
brli
iv
axmb
bkfo
besv
bsrv
avcz
bivu
bmzu
dwn
avoc
dwt
agzh
bux
arem
vka
yjc
bosm
amu
bqzc
btp
nes
baft
agzu
auk
sgo
boln
nh
esw
euo
pdw
bjyp
axhi
awyc
uki
gtc
avbx
oil
hly
azym
brjs
wyq
arbn
emi
hon
bdls
azvh
bcfu
vbs
ahlb
axgh
advc
ahyi
bjah
bhnr
djg
azqr
bdej
mac
cdr
wnk
ahzq
tji
bpyk
apbx
bjti
nhi
wpu
cji
tsk
bkhs
bchw
bihs
ajlr
ric
bipy
ahvb
aidv
cqb
lhf
aliq
bsap
egf
ahnr
foz
ox
awmn
bsed
chp
agor
ayiz
zbk
advr
baod
yfn
apqb
azsu
ajml
bjsx
bauk
azyh
bcsf
apei
ahkg
aysv
bjhr
adzw
bnvd
xzg
breo
aopw
bjlk
bcpt
biho
sqb
ubp
aysz
bhaq
uda
bdfx
bpys
ahib
auev
zrh
bipd
aruv
bhoi
bhpm
wxm
kig
awth
vbp
kzi
alxq
bmyv
aevm
vzf
amqs
txf
bhpl
azxt
boin
afnc
zix
bcjq
cil
bqtp
ufe
nep
oni
ify
mbi
drc
it
jqk
lvc
bhlm
csn
avjw
jwe
azyq
adbg
wlz
bdop
azvu
mwf
bmuf
abzk
htz
aqvt
amod
bjgx
rlk
blxn
arqf
dlk
azeu
bnai
afyc
asiy
awhm
bhxj
ipw
iqb
bqas
stl
berq
mdb
hql
alur
bahd
ayvg
amrg
mdg
xmn
bksn
aygk
qu
xlw
iry
nsa
gih
bens
brmk
anqd
bohr
ciu
fkb
owe
fxn
mxo
brzs
fkt
ajve
aqk
akpm
hlf
alfq
wtf
oik
akjp
mne
bdrt
boqf
azcq
bky
bjfn
bkoz
ajft
bkgo
xdo
abpc
npw
ayrj
phg
blma
anr
lxs
xef
ayvr
abmu
htj
bza
awgm
bhxs
ovu
dp
arxm
alzu
arbe
blfa
vkn
tvk
ypj
ikn
afdr
bqag
bhel
bsct
ardt
achj
bjkx
azey
arbg
bpri
awuj
aewt
briq
ahcy
pys
rip
avjh
bjvm
barn
gjp
gqo
ahze
bdry
uty
bnxl
bhol
amno
nhj
pgt
buw
aghf
twj
poq
bdsu
ahji
emh
jkf
apcg
azdi
ixy
bfpu
bapm
bdwl
eos
biyz
bsoc
aeuw
ahoj
bfpt
atpo
aelx
aozb
ugv
sjk
ids
zar
bctj
xkr
axdo
bgzp
avzl
qrf
bjuk
artb
bgtr
afsk
adwr
lfh
tgf
bo
anuw
augk
si
bsql
oqy
bjcs
fin
guq
amgd
asoq
edj
nsc
rcq
snm
agyb
afhr
atkh
agjh
iak
bndl
rdi
aqnb
ndv
sb
qls
qdc
atsw
oml
mul
arvk
rjp
aokm
zui
bnye
aznd
gfz
fmk
bjoq
azwg
aqdm
uw
aurk
fsy
acqo
ztm
bctw
aqy
xfu
bdhz
rhf
amnv
abdq
hud
bjiz
azbj
aurv
rvw
ufw
aelj
fct
bnhr
acqj
cro
zpl
bgda
atkv
bhvr
hk
bghx
bavs
wkb
yhg
mqz
eqs
nxm
lgb
beut
amqc
avkr
yri
bnkx
bclz
eyl
pku
bqvg
anme
zgr
ajzm
bphd
xol
bspz
jsp
agkt
vpn
albs
gdo
acpo
rux
bkih
cq
aipy
yqp
tno
acvt
axhr
aowl
adrp
acel
avis
ajfx
bgt
sxe
arkh
ahrm
ce
zpw
besu
sjp
kpx
aqks
bnrc
beor
tcx
bpit
bqjt
eiq
txq
hvs
alny
bvf
alce
ahd
akbd
aedq
ahml
bijr
brls
lrx
vsc
fxi
krv
dbi
rad
baey
ptm
yjg
ajqp
xtc
lfx
bgqm
aglc
qzc
zqa
aetr
aoxq
xts
eoc
aqwk
bquh
bqft
bfkd
bqao
yjd
azto
aysd
mwt
aomj
njr
avjn
aelw
kfm
kdw
awrh
aey
avwe
bfyu
aexb
qyb
bfui
apqj
bjpw
bfdw
syn
birk
fds
bmhd
amje
atnf
kza
atnj
blgp
bdkc
faz
bhr
both
vlz
bgnl
afwi
kdo
bary
axyr
anmp
ikm
axch
amvg
bnwk
bnvw
aht
athn
ajxk
tyx
anqr
ozd
gtu
akqo
bhlv
drk
bjvu
cgq
fgh
acpm
teb
lvu
tpa
bfvc
cgy
aksw
becp
bsyd
amoq
aoxk
avqj
adct
auzs
bdno
tja
bfzk
amfz
amls
bnqz
bcjg
yxg
ajcn
bcyi
ayfw
adij
aspo
artc
ncf
bqcj
yjl
yjh
btx
bita
ajym
lma
bkpv
ejm
awrs
amjx
qd
ahfi
cgh
abi
bkt
gbc
los
ayto
anrp
atjn
brxp
ahft
bnzs
bluw
bqrj
jrb
bjgd
asph
eit
gpx
owd
auxf
lzo
kti
bpay
bhzn
azhs
sln
xje
bpyo
aluz
blqp
bgud
eso
evj
aown
afjs
caq
bquy
cdv
tob
upx
apr
xqi
axtj
ahpy
dvu
aoqv
dov
ga
dub
aqjf
bhmo
awnu
czw
bknd
zep
bxc
brul
alsr
agul
lvo
vxf
boia
pfb
vgn
sqj
aicj
zxn
jar
ahym
brsk
yox
fuz
bax
adcz
dbg
bdmu
alhg
bgli
gem
ckf
brxo
txl
elk
bsxa
atnv
aut
amlc
aigz
bpqd
vbx
bsak
bpi
bmtl
hnp
bseq
abqp
bomi
vwm
jhr
znv
ajpv
ygh
aumc
alir
mdf
frh
binr
bfjp
bjei
bpru
awv
cog
azgi
fmd
azys
akow
bqkd
mpn
cep
agbo
uvl
oea
qbr
ayjn
xiw
bsux
brhq
bhiy
qzn
knf
bnwr
atzn
bgvf
ahrb
agzo
afyd
yp
bitd
awrb
bnsy
boul
peo
adec
bahm
pxf
iyg
cdm
qtn
anig
brtd
md
whj
awln
awdc
aeuv
otx
qhk
blzm
gpc
kse
bkau
beml
ajhn
bnhf
lrc
bge
rhn
gue
ehu
ajbf
acig
bnqt
bcvi
xeb
axrn
nm
zlj
bpku
adzl
ascp
zvq
bksq
vj
fnz
bkde
zl
arxq
icr
iaf
arhv
beum
zje
jqg
pdc
brpu
iml
bjmc
byv
vyi
blxv
afzd
lyh
ocr
lfq
biag
amdu
atp
qnk
pai
per
awzp
bghp
jgb
qfx
ankr
bdpl
bpec
atru
apfm
bdrg
bhak
brug
jkg
akfh
bvg
dut
bvk
qtb
aypr
ahtv
jkm
agev
htc
ayon
bixg
bgal
fmv
ahij
wyl
ham
fat
ny
bjne
ahvg
aurn
avmw
hkj
awzy
aqob
arn
apqh
aonf
yua
ansg
ovg
mla
biay
bsax
bamn
aryg
bfzm
xtu
dot
bnsc
liy
swg
bczh
aqey
adlc
agtr
tcp
obc
avnp
omy
ayg
giv
acsr
blzh
aysk
etn
qtg
msq
hqc
vzs
ruj
bmci
bmjq
gbw
tsq
kqf
afl
bjdo
aijm
ankj
dag
bpfd
bsir
bhyr
agtf
avpc
aspv
amhl
dys
asjt
pcg
vog
urw
bjhi
ywi
awnh
auno
axui
dkc
awup
kxc
avsn
bnty
mox
tmo
awz
bmfi
ainu
abqr
aymz
amnr
gsp
brdo
acuy
afkw
bohn
apxy
bswr
mnx
xzf
ty
aouv
qlp
ahe
fyb
oks
ajvp
blhx
bgyk
gvp
bqec
ltn
fre
drx
ifj
apjd
cuo
ampf
admu
fwh
bftk
bcuz
aqpk
alen
bide
azyw
bsmh
ufq
aiuk
azjt
fv
bgjz
bcow
bqua
eac
ajnw
avdy
axrd
hqy
algf
ajir
lap
bsdc
atvf
twb
szf
bixj
bnko
blvk
oyr
bixy
kip
alst
bcrs
amij
uni
aked
bepq
bhec
zea
bsop
jer
ahqi
dqg
ajhf
absp
aizd
zjq
akdo
acte
plq
bqmn
bkvp
bpvn
rh
pjz
benm
bgvs
amfi
amed
akyf
ayjl
eia
acxb
aefi
hqj
actq
bfde
ajip
bgif
dis
aylm
fwu
bhis
sqp
cs
acmo
bgtx
ails
bcwe
ato
bpmc
aqfy
aifq
sox
wgt
hva
kia
aysw
axlw
nfd
cvl
bhx
agih
alie
cux
eim
amqb
bols
avbs
hxt
vfa
adnu
atiq
eau
hbu
bems
bpnc
rcn
aqte
bmcl
bcuy
fyc
aqb
xwi
qsw
bsxq
mtx
asvz
adks
mwi
ljn
dvs
flk
ljy
bgei
pxg
arbu
bodi
bdrc
alnx
ygp
bnkt
ruy
bkmi
akcy
tgr
bkyx
anct
bpdj
adzq
tck
tzc
aslp
adbw
ir
bpzm
amoz
cga
bpkg
ugz
dxn
kxl
auge
xcm
uid
adrf
zdm
rhb
edb
ogq
vpx
wxv
ayhp
lsw
rtm
emx
aerl
mol
asyr
anrc
ycl
agrl
wfm
dzh
aswq
bqcx
aozl
vum
bdri
awfq
bgai
anfr
oqi
boit
ajnm
hae
okn
yvd
bhcf
arkz
bcxu
avkq
awyd
ackz
arzs
bsty
bhvn
bfhe
hbm
bcms
bqad
emo
ouy
wcb
baqs
ihb
avxe
bnjy
bkp
bres
ptb
atrv
rdl
sjv
qaj
awsk
ahjr
anyt
nph
vqh
bnjc
aiqv
epf
aiml
bhul
avol
blzd
afrn
ayim
atvy
afzq
ahvu
knl
bekq
aezf
bixs
bjdg
giq
aczp
ajgf
acno
awcq
becv
acdf
kdh
aswn
ahzo
tgk
ctz
bofy
rxy
atkz
avez
vqe
dqn
qao
aojd
etc
fpt
sew
blap
alpz
ycd
aslk
bnxr
auoc
augt
andj
aobu
bflu
bdpo
idp
tgz
loj
aipr
qoe
bluj
bgpn
jnu
amvu
hrk
azex
alwf
bjey
ktv
tsc
bnch
ayls
ajif
ahfc
bie
bhlc
tcv
bdqt
bhtu
aroh
lsp
uqd
uge
uln
oxc
anbu
azql
iso
hft
kui
acxk
aybs
bqso
avnw
djz
nzl
rlj
aknh
xks
iqn
ahjg
agdp
afty
aubo
afcj
aswm
acyn
zta
bdvs
kbm
vre
aymn
afnt
xgv
bjga
aesb
bipe
avbr
bmia
bnfp
kum
alwd
fhr
ajwv
brkn
yfb
alhe
vly
baxm
brou
axzw
auwj
yvq
beyd
avtn
vg
bcse
bnki
ayfk
agqt
aerk
muy
actg
nlg
bmwx
arbm
ayil
bgwe
bdml
qfr
ogd
ztg
bmrq
aopd
rul
aqvi
aoxm
bqki
ysn
pie
nsm
muj
azjq
bifm
aqkx
bsj
yxw
aomk
bfmr
dqi
bchs
aihx
axvb
bmgk
msh
oqv
bqvc
bnwp
boiw
klf
pae
abjl
biou
aqjb
bovi
aumb
trm
bdqf
ate
bmqu
bol
rfh
bonm
agho
ynd
ahgl
tzi
bpng
zhs
asif
ous
pyh
bmiv
bmlc
kms
aslv
apxz
abcv
asek
bldk
gtd
cbl
bqnd
avwu
hmx
vrl
lfb
axwt
qfz
hdr
udi
axdb
jnl
bdpw
acjm
cmu
auks
ktf
acqu
arpc
aotz
apyu
umc
ayeq
bmvn
bior
apfi
blec
kgu
adcj
ydt
xhn
axhk
amxs
ynf
wnj
gqx
hsi
ajen
amny
apvx
fml
akz
almw
bksw
hbg
ajvf
bewa
bpas
bnyp
bqgy
aksb
vcs
smh
ainx
blwu
ajev
ejs
gte
apsi
bdjw
zgc
dam
afxw
myj
aoqu
pbm
bqei
auod
apqm
ayki
frl
wfc
oce
wyj
bnav
aplw
qvi
xrj
amuf
dyi
abys
aiy
betw
apxu
eut
our
ahiz
aikz
alcq
brqi
bjlh
ot
xrs
amts
bgjv
twn
aejd
bfqd
maj
abtr
brlm
axyg
adlj
bske
aysi
axsf
aybd
nbx
ybl
afls
xue
aksv
blj
bjsi
yz
ahbq
bhmf
aweh
asig
ste
agjn
mdy
jfq
bfeu
alw
jmb
aqrh
xya
aznx
aryv
jsr
aquy
bfpq
zun
wdi
vos
aszq
bekh
awgj
amey
jau
yng
ydw
qag
psx
miz
bano
aciz
bqmi
bpug
ers
riv
akgp
opm
kbc
awug
mzg
ktr
aqgh
bcrz
biau
rbz
clm
oht
bqwx
dko
broy
xly
ajp
akf
bcka
cva
jaf
rgd
ucn
aozu
qhn
anj
awfi
uvc
bjry
avlm
askt
alrh
szn
bhag
goe
kfz
aiqx
bmek
urb
axgj
yqx
anve
bmxr
asoz
abfi
blnr
bauo
bqnv
mwq
ahkn
aolt
bqrd
bjih
bkrx
zkp
mpl
hwc
abeo
nlp
aptr
lac
bosj
bemj
zdj
kbn
czy
bcut
rgt
bstf
vek
acow
zpv
arht
zre
boca
bask
bsc
bmfg
bwc
elx
xdy
axjr
nys
aicx
dne
rdo
apox
amyi
qbz
rfm
ekh
eqr
agoq
artd
rmh
beja
qya
uqp
onw
bokh
dvw
brzp
bjdm
bmew
ugn
bpjy
boyd
ian
crl
kw
zxl
bgzn
axdh
bstu
apqk
wjn
ueh
ashu
iux
jrd
bqyn
aozn
bof
awmz
aozk
bqor
batd
paw
bewj
alfh
aeu
abjy
bksv
glk
belw
cjf
vko
axoj
ahgr
bfjx
brfy
ajxh
awpt
axnp
asgj
xtp
pvd
bgie
bhtn
kz
eck
auwr
aqfn
bohk
bagp
afxs
sxi
angk
ibj
egc
bfvz
abom
qjk
avgc
biaf
ajt
spa
qzy
lbo
bstn
brfc
bjqi
nwq
anjq
aosi
bif
alyx
wqm
bgyt
bpfl
anqz
sju
rja
dlr
adwl
apuk
bfas
bozc
abrx
gto
aius
aujt
axvw
bpkd
ajtl
lzc
augh
bzw
dha
bldx
atsl
amby
bhqy
owu
igc
fjp
bsr
aqcd
aexu
bsja
oka
askp
pbx
rhc
otg
fez
ryt
mes
aqrl
juv
aylx
spr
bkqi
bnax
bqey
sla
dez
fri
lwa
nev
brgp
bdnu
rnp
myw
ptk
aput
auop
dfz
aoxb
iem
avgf
agui
dr
bjdz
alsk
aumg
bnmc
awmk
auqf
ayfi
auir
ysv
aent
zbs
bns
axd
nha
yjs
boij
biwm
axqn
xge
bhyq
apck
bgfp
bpgw
hra
svb
goi
ikz
bkax
amqn
amkq
agsm
cdg
vgu
biad
mcj
afvo
ine
ayek
binp
xrn
amqd
bgau
aydw
aczd
lud
axki
aszm
arnt
brck
pza
bofc
kaj
sli
bluo
bzi
amwr
tnk
bgam
ujv
bgsi
bhum
bkpc
eyw
ailo
cue
aboz
bran
aik
aiyg
bedl
bptu
bdtn
abio
bdvh
ahgj
wcu
aob
alqs
bdsp
tlf
axkv
bpvu
gjy
bokc
mhg
bkwr
ygj
amfd
afes
adfx
wgs
auxk
aspi
ocb
ayjh
dxc
yrj
kta
bhzs
bqet
ahrq
afc
afjn
aukt
bjtu
amhq
pot
bepo
kfx
iyh
bcld
dfg
asgo
cjl
fbz
cht
zpd
bkxf
brzx
mwu
aqcw
ahdq
banh
azmp
aitf
biey
ipf
avts
awuy
ampv
ahcv
aczf
scf
iyw
ydm
apmc
bkdi
fvj
ker
zfl
vrj
awkt
fko
aguk
wg
hyl
hfc
bcor
uqh
bszd
xfr
bja
puw
bimk
avfw
atbs
aofy
bhye
bsya
pjo
axbo
djn
akw
alyt
amkg
aoht
bsma
alor
ldt
ahwx
aeky
aknz
arb
usb
ayce
ycb
mat
kir
avon
bjz
bgku
syq
alt
axdl
bhra
bdtm
beuo
bors
tkl
bcfg
dgf
acoq
bszc
bglj
jqx
mxv
bhyz
avze
cey
azmt
aql
benr
grw
suk
yvr
ejw
axkc
nut
bpzy
ajrm
bpiq
asgw
bfmy
aciv
braf
any
avde
skx
blfk
arwy
bmqn
mkv
bpzo
aylk
baun
bfuc
lmz
areg
aqew
blsu
zln
brlx
otf
asvw
wic
eod
bszf
ayhm
ufp
bfvl
gkw
aksy
awmx
rew
brlq
cmr
pon
hot
adsu
amwu
ncl
afk
bgax
bird
bgoc
abmq
amcz
bpaf
bnil
lki
aklg
aepq
cqz
ahy
aydm
avzt
fxt
mpa
ocn
bdax
aces
atwl
ainm
mun
bfie
pzf
aesq
bhud
bhce
wga
agon
blpq
erq
puv
pgb
rvs
jha
kin
ql
adfj
apko
arot
blzj
dzg
ulb
azk
xv
atwi
akvx
aqgk
ezh
axzt
aqcv
izj
fla
ktp
aupg
auiq
agxi
aejy
apqf
bgyc
ajg
nsw
uk
inw
bpes
rlh
muc
acmu
rnz
axlr
amrn
acxo
acsn
kyl
hex
blhs
bpnh
acfr
vhe
aeqj
bfuj
boiq
wji
cqp
audn
nqh
xae
ahls
kuj
crq
anxj
boyf
jmy
nzq
anbd
xz
bmvq
byx
mvc
wzi
bhjn
bqhp
bpik
zsj
gfl
fzm
bmqx
ypq
fji
jbo
bawl
bavx
afbr
aeug
jch
bonq
bctf
ajlu
dfw
bfnm
cef
amxe
dvy
arbk
bfyr
anz
bgqk
cum
pyo
iq
brdm
lcj
dug
lyn
aphx
afhm
lpm
zah
oxf
bcis
afmu
aklb
aqrp
kou
evq
bjek
nzu
bgzx
aynb
vw
anvr
tuz
bjre
kfh
ayxm
azdr
esm
acop
asfc
bqxs
blmu
zrs
bnsj
anbe
avlq
akyn
vml
kax
bnwh
bdqy
bhoq
afly
biaq
blmh
foj
aegh
bifq
rxp
aheb
akoh
avuq
asxj
nli
wie
aoxp
bqjv
oky
ugr
atfh
rfk
beg
aogb
autc
asjz
alum
lgf
dcj
thd
bglx
jms
anwk
axho
azge
bqwz
bgae
ajv
bowd
sch
aylt
auoe
blhw
awcy
nrm
atsc
pwb
aupb
ndf
aezr
xqj
xiu
anrt
kxt
azp
bglq
wvr
ahuz
xzv
urv
agkm
anyw
dpj
acbo
ngf
yce
boti
aqwr
bftw
bric
pva
zko
brku
atco
beqx
anzk
wjg
zey
bwg
akyt
adrx
ajfk
ltf
aous
bruk
gjx
uqo
axnr
gwo
bjn
lak
blfg
aijg
bfyg
acj
anxp
bkaf
brlc
aebr
vgj
ancg
bmdq
haw
brnp
bmfz
afiw
asiu
lzh
aewl
iud
wti
bfrx
ahko
aspr
sdk
aeym
aqre
axoh
bjlx
benu
bdus
iwg
ahtx
ahci
exy
bsrn
qrw
xey
amtl
gud
nmd
akmv
aghi
avre
fsn
agqd
bnmx
vuo
blxp
avqw
bjyr
gro
bawv
azs
bmpz
igj
bivq
fok
bflk
der
agpz
ybt
avnj
ymz
bdtq
atel
akuj
pzw
afyv
bpgy
bdyz
aobf
bfpw
jfb
bftj
ody
bncx
zbh
admf
gtf
bsht
bpez
aclb
bfct
wpe
besf
aqjo
aofn
ncs
eik
aibw
ihr
bqzs
adsv
ukw
oci
nwh
amug
azkt
due
bfsc
bnew
awdr
bhkv
slp
bmhs
avmn
afvc
opf
agok
ajyk
bmoq
bntd
bcho
bcnl
asdq
aqzw
adfk
balw
ayr
vhz
wik
kah
ajes
ayjf
bljr
vmy
yrk
uot
qaf
aldg
blhf
blmy
awbi
bpuk
vtj
apfn
ayol
aekj
axqc
anjb
azrk
ywh
xif
ajbo
czx
bqle
amwy
fpy
bmq
ybd
bqhl
khw
tef
akpv
aypu
gzq
brue
awyb
awbj
zmp
aoqh
avid
lqr
alck
jft
ajgq
aqcz
bpgo
pvu
akmn
bkcq
azqc
bngd
blvo
lgw
mrl
lkw
bdoi
how
sya
bdva
blne
myv
hsu
rkc
olk
ayqo
ear
bdqg
aoke
zsa
fdy
beyr
apdj
ajyh
awpr
aehp
bnqf
bnpt
svp
bhue
abig
vqf
ackq
abzx
jbk
avmr
se
bsmf
xyp
