b4T
mhF
gp~
gDT
h|H
esD
fg~
m4/
dtb
f{T
iS{
jN1
jR*
d{H
k`#
moc
apK
nAJ
a",
kMS
a<M
bB_
hQn
dU]
lyp
bkb
a0.
idL
mPW
guc
j-Z
m\u
i5Q
jXt
b9x
f"a
k>K
e(c
khf
eL>
no*
lO/
mL4
jYh
nok
e9*
en"
j0F
ki(
cuI
a7%
mXP
el9
d\N
i58
bl$
hpQ
fpE
lAN
d{3
ji0
j&?
hr_
a&"
m`=
i2H
flG
mv]
d{E
bPo
g^h
ng3
kd_
hA6
k%v
hDp
aug
cOm
lJM
alm
lFD
cX_
jll
nyb
lP)
coy
m(D
kL|
ld]
hIW
d2D
g8]
jqa
kP.
nu6
c8J
mb(
l.(
mNS
h,u
dF^
kA0
h5"
dg!
e.T
fu/
gDV
m-:
ge]
l_{
gPx
l)R
gfw
b6x
eb]
iKa
fl=
a:Z
cV%
mzm
fed
k@5
k6+
jL~
kjp
dUJ
jc|
hNq
m:a
b]"
iz/
ey#
l_h
ca=
dqV
dI(
de4
caH
j/o
d!G
d&q
gOC
jT`
f/I
ht{
j{m
i[q
e>i
d"a
izT
b|8
ipn
g6m
f%/
m(!
bt'
nyp
kV5
d>,
kut
eNj
i3b
b*g
m_8
gXu
i,/
kZv
eY<
bzf
c45
a's
de[
f>_
bB&
hOw
dB~
daS
h/h
a##
h7W
jDv
aT[
m#^
fzW
d73
aeC
gs]
kbP
dIy
iTm
d'q
k].
fg>
hSf
dQ2
gs(
e!C
do3
k}S
i!X
b'Q
l#R
aNa
lA[
mR>
k~y
cWd
bzw
i{}
nmN
hGT
lM'
j$i
aZN
l(k
h@G
j\s
kN#
h#p
hVc
h"~
fQL
cqW
eqW
c"f
eY'
nwv
j-0
gRj
hS~
avl
lG'
j/h
kLN
k[D
c't
bRx
l"q
da`
b[)
b?4
ldk
i&>
dG:
a')
e?f
a25
dtp
c|3
l$!
jMU
c?+
e]*
kLU
kmd
ezm
d+-
cj>
nbn
aq)
m5J
d~C
ien
h+q
a"V
kk]
m$F
fqO
bi_
cu`
fAu
c-K
a'G
nz|
ey'
j'j
eRo
fPj
kUM
hDk
j>R
foQ
f*/
f+Y
e^I
gsy
mrx
aX:
iwi
mC\
l1P
a!]
aiY
mXx
d@5
h-h
e2p
bV*
l!M
kgo
bwI
cAz
d(Q
etf
e&U
e27
a|c
kbs
jU8
fXR
hgX
ms@
dSQ
l(+
ew<
fuT
e.r
l+z
hZ=
he*
emu
jEN
hnv
e+g
e|>
l8"
a)M
m^/
d!<
jmV
iZ!
a="
c`6
i*e
m[0
faV
h*?
j-c
f=W
l21
gGq
kk0
hO^
fvi
fu1
id&
hZr
agO
h^l
aD4
a&2
gJ%
fuV
j0z
e>9
iGW
ab}
lvX
nyL
d%e
f$1
f%R
l45
k48
cqT
iJI
c7:
a$D
b+`
f(r
nb`
e90
j+&
jod
j_f
fpk
h3x
b.[
ht#
kGg
kn@
e^"
ji]
k30
i}I
fU~
fwq
dbu
dqb
jF|
mD)
nw'
dGC
h1Z
cG]
hZV
nm*
bQA
bkO
h\9
jLy
e\5
h!k
j@E
e.c
d.<
k3h
kf_
k]c
mol
nhx
m$n
gI-
gE<
fC|
g^4
c>[
hC3
g2i
jFG
m)0
fLs
kq]
hVp
iR5
h"X
bm$
l=&
gtI
mc@
mVf
m0C
m|@
f~B
f^*
g'/
dU`
dw<
gS>
lQD
ku]
jn&
gzv
e"R
k.k
a%4
gMm
bTb
eQG
dR3
dE8
eeh
k?_
l-G
ix0
a(l
iTT
elm
ekc
mtE
f3F
fZ`
m1H
d<!
ibL
jq<
ax^
a6'
bxA
m$K
e:|
eBL
iEF
j]d
ka_
k[s
grt
lXD
m1F
hu\
nyD
iKC
ez4
i?9
kXg
mZ*
m+8
g:j
bIF
eUj
mtq
i'P
d5W
i/?
gYn
ks<
f:y
aRu
bj%
b$%
grO
e<^
fJO
lS3
j5@
du8
kzV
m6n
d?r
fek
m6`
i2L
c\a
eL&
ch$
biA
f"b
h+d
fJl
arb
e2u
hxd
dtJ
di2
k`&
hFw
lyi
dC|
lW-
muK
bn1
hf<
a3<
kPM
fNJ
m9|
h)C
d.J
eiA
mw0
l{+
j9e
jAh
gVS
cYy
m=M
e!i
ml@
b|x
b1>
myw
m'j
i.X
h\)
j-I
cwD
lix
jX(
kYU
ht3
dK?
i.n
ia)
b/Y
fU]
ltJ
bUA
gI^
jrA
hb>
lzz
f&{
d^D
a:M
b)z
e#Y
cjw
b\q
exc
fiS
k~l
f@p
gMg
ab(
fCt
k1(
kq+
dBa
gAN
hlE
kCo
nye
cVx
j*e
fX\
bBE
l[>
eJE
lr\
eXJ
eSk
a96
nr]
ggV
f)e
e:f
dsB
a{v
a}[
e9p
d[%
f"Q
c}R
mA]
c\$
kgG
bpq
e0E
l'~
iB4
d2y
eW5
j)$
nx@
e\G
cs<
c/b
eG=
eRD
gY[
bso
aCP
jf+
k|g
mE.
d!g
h}A
d0E
j5m
bA6
f4N
f)~
k{,
e(6
a=3
axJ
l~:
g[H
g<-
hnc
a`p
mtt
ihk
irS
isa
jEL
leo
e19
dX]
l<q
cXv
imU
b+]
eOT
bE/
aYv
ixc
cC1
kW<
a[4
aW'
f\0
k_|
e8&
lKe
mpd
eiP
bzo
k=r
f{~
fHt
a((
aH"
k?[
h04
c71
hrc
l|A
k$h
d9T
d\e
b2X
e*J
f>p
et*
dRm
h?J
crv
a[&
d[c
m'=
a*[
gX:
a/*
lnj
l'f
k1i
j*t
heD
ka.
es_
l'K
g4n
hLw
hRb
kOo
mLo
dBE
mvG
k6@
g>)
dIc
mj?
ap4
a33
k]h
meo
j>Z
mjT
j|c
gUN
c9D
g,+
e,R
kU'
d41
a4m
l!p
ck[
a4p
km\
iPp
lRn
kg]
hz{
fRC
cy{
m!9
bfu
h6T
m\U
maj
c-Z
ca5
gP-
jCE
l@:
l^J
fM&
bJc
avp
efz
aET
lIb
na=
e$e
mXA
hW1
l)@
ku:
m4Q
c^D
nt!
lm^
mpP
aUb
fbt
mu/
eL\
c\d
c6B
g?~
ifR
d"T
mq1
c9m
e3w
h1e
i$M
l"p
jkG
f[d
c!s
h{>
mf-
cQn
e4`
dl[
kC)
bQL
kv-
f!m
c-]
f:K
dnP
aGH
fq/
k+N
ew[
kzU
hlz
j~*
hRZ
l2N
kEX
lwl
l9Q
i$0
cjD
mF7
ke7
dCo
l?o
e:.
jI(
hZE
f-X
ax!
a6U
hiY
a"D
mKo
cLc
d5b
jJ\
mxV
nek
f"}
hmj
m1(
eq<
b6>
h[a
ahX
dee
lPA
kw~
e<U
d8@
kP1
m}#
lK}
d:J
ayN
lKs
fgq
ik7
gaU
l1b
h~T
hJW
lOV
dZI
aoj
lq~
go<
gYf
fA5
b~\
g}8
lZO
c|>
i+e
e2W
hmH
bvm
lJe
nf(
c-i
h0T
hS4
lw_
b&1
h%7
l||
kWu
i%I
hAz
f16
b"~
d"O
cm]
hbA
kXc
amU
mdG
j=K
hmd
a?-
l&W
h,(
d9C
dI{
d0_
aC'
b<0
hST
h`_
c^-
amO
gw/
at/
dtF
g2K
l7O
nc]
h{5
hB8
i4z
ib`
f#r
dpP
aIA
h_]
lN2
eGr
a0f
k[S
h&U
jnb
ktG
g[[
gm<
i3y
j[V
lAk
iDJ
a.}
grl
b\\
dTA
fVZ
fx\
bLU
dEt
jCW
mZx
i=B
kL(
m_W
jNV
cyV
g>a
iy{
e[B
dO!
gA@
blq
lqw
i%#
m4u
gh1
ak+
i{P
jB(
m9(
eOG
atO
dnk
f<l
d8y
b%Q
g`T
d|L
gsb
m}u
e8i
fPS
b%7
aoI
lKB
l~i
l,X
etp
cXL
m|+
aX,
cPY
iVt
bDT
a]b
kDr
k!<
kwc
mFI
m_e
j$N
j}K
c#o
mH3
kvR
hN/
evk
cNG
nm/
kbM
i3v
cyf
fCy
al`
lGh
k"G
f!k
b?.
g.w
g!Y
e'e
a1m
h,A
ef:
f-m
k^r
fi2
g6h
a3?
k4/
jem
kcg
npk
hJ'
iMW
h=(
fz$
i)7
e>R
m9g
i1Z
lCM
aUe
e^C
gM{
f-9
h\I
cf[
cT`
a6*
j/N
hPs
c?J
jih
mP]
ay`
hO_
g=)
mQ`
hIn
k69
hi9
gXo
g9H
a/q
eEp
cZN
h@H
m0:
d`~
e}O
iH=
eUE
d/n
j+_
aBE
mJ~
aO4
gu?
lvT
cU!
dYS
caR
c?H
aLy
fp}
ncq
a/{
f2I
k]^
aO.
hSl
h86
cD*
e'\
h[p
frP
lsG
b/b
c?6
i%d
iPq
g|P
iAQ
e,1
nhe
m&(
cXo
c~g
l|{
m#o
grg
a\A
hCt
f.'
i"^
d"`
dF3
d?M
ktO
nxQ
b,#
gBZ
bd@
b5n
lcj
ex[
ckM
a3\
b93
fb7
l.}
e^9
ezZ
dOd
fg@
kZP
cS/
bRV
nyZ
fyq
j%N
lT4
bDG
c{%
aPd
iBS
l\#
bbK
i@h
cy7
h_)
fl3
ljV
buX
i)O
hK$
hsA
fst
lTG
d\&
f9n
e4V
i&z
i4u
c9f
kgN
d5`
hew
iYT
bHS
c'x
kju
m$0
eY]
b}z
l"z
gVY
gMh
j45
i2!
bHg
g~Z
aMR
aw`
gmN
dWn
fJi
c35
f}$
f]o
klO
m!J
g$s
dL&
fGU
gHT
gjA
j?a
ick
g]+
bcP
h13
atf
f2'
f3)
hqu
j7k
j"!
jV`
duP
nqV
h)R
h|k
k7i
aP`
i`7
jK`
ay#
j#P
g,u
mwz
h=6
d5J
a_-
e[&
kem
l(?
jSM
c^o
a`|
k~U
ip%
b5!
d?G
d[\
l=B
j/x
dU#
kaw
jHq
k`y
f(h
aNr
juE
agB
fJo
k_<
m'E
b<.
h|d
aFB
ds$
c*A
lT>
l&(
kbH
lZ.
jc9
mQF
jHE
m1n
gX<
gn`
d(9
dJ6
bV!
h(j
e06
lR2
nkF
aj$
a^H
mcg
cqO
f"U
agV
e"S
no@
c[>
ej]
a)8
m,=
cf:
b1s
g.H
lZ{
dET
mdB
fji
gsX
k.e
a$I
hXg
bbd
aAG
lUR
d'z
dxw
db&
fvE
e2)
h{#
lW#
nc'
a<S
j{!
j/*
ioM
iv?
k6[
h_v
f!`
e:2
dkt
j65
fhA
bq3
kE6
c/d
h[(
d+?
frj
nsc
ad'
iEY
c-|
h`-
gp%
cfn
a!p
nbe
cF:
lWq
g)C
mHx
k6#
d~V
h%^
b40
f1>
j7W
clm
ann
bQG
ftk
e}?
a>l
icp
k1F
jOq
b:T
cHF
jK!
bsO
i~d
i.E
j{E
b]_
jJZ
c%|
kS0
iB9
m1X
dtX
dnm
lvM
k=#
bWr
f{H
kW_
b$Q
fJm
d(d
b*~
fRG
h17
mgZ
hu0
l:A
es`
m<4
gA^
mxu
bmd
h7e
k0e
lRj
a&U
gDP
d69
g_q
jR%
l/3
beY
b'4
f+*
mI\
dYv
d4Q
f\o
g}w
d[#
hc~
mnv
a9*
f|K
j<z
f=P
dX&
b0K
mWt
mxw
i6M
k+0
niL
kX&
j..
kl&
fP2
a_Y
c]C
b#q
l+W
c$u
h/~
l0(
eAe
k!O
jIL
kUP
mf.
bBe
c+L
ilY
mur
f|v
bVm
k9N
j%O
h.f
dR=
j$R
i\^
kVN
lx\
d20
j}Z
bUz
e8q
cNT
l_m
fHS
c?S
h^<
cN"
eh1
h"n
ePZ
cJ*
nb.
m(p
hyF
iP"
lal
m)o
cEV
jBp
jA/
k:^
l8C
e08
mSL
ey]
fbd
jW6
bWP
kIF
bq5
aaj
iwD
kO5
mT0
ey6
fv*
mnW
kK&
bJ\
fVv
l<[
hAk
k?s
k#Q
no<
j!W
fZ3
hk)
cm6
j$(
f_{
h>^
iNn
gwG
dZ'
bk%
eX,
kh}
clV
hUb
m*=
hja
dsQ
kZ+
hv]
dhd
hwe
aDP
f0X
f07
cT}
fR[
a/J
ch7
l*)
eF8
mmG
f8`
csy
k#/
e[i
a9m
cmj
lYx
dS<
h4S
hd/
jA@
j>y
m6#
nub
mJ%
j"f
l+,
es,
b50
gOV
fQ/
d"t
fko
hk'
avv
f&t
bd/
e/^
ht|
g.%
f&r
h~t
dtz
jwJ
a&_
dL/
ezG
jk7
gUk
bdE
cEg
jv!
eEM
m*W
mD~
i?A
c$Z
j=6
bA!
a^P
fWc
fZa
kGD
fNS
miT
h})
cl4
ghd
b:8
e+'
i.e
e~a
nx^
hVX
d+*
a/>
e"e
bq(
jA]
kI_
gFa
a/,
jIj
bas
e1~
h23
dP|
i>l
j\l
nA#
aUj
cbx
h,Z
hR!
jN[
dv"
cu<
jqe
l5w
f%?
h!`
ihh
doo
fT"
i^r
l+w
jT_
hBO
h^I
m||
j*x
i:k
lM&
em)
ms}
dig
g)o
k=*
bj`
bH$
l@v
iqw
fkH
d]D
h$o
fRz
b.T
m\O
cKR
hH6
f`q
hIp
d|W
d"^
jqX
i`r
by*
mpp
g1(
k[\
lU1
h_7
m'g
a]W
f-`
h,K
h6D
m5j
f?>
kGq
k#5
giR
gL+
kWP
mR5
e-K
bqL
a[c
h[g
dq7
l81
l+=
ba(
j>F
a<L
b%p
b.q
hx:
i]9
k*'
j\i
dcB
ca[
kpS
ma`
kjy
ns$
huY
f$i
d]>
g|^
ed4
i5R
d\$
lsW
cK7
i_q
e%[
lF`
l(A
b`m
jHb
lo{
kZ#
cFr
hs{
a2T
bUh
gq/
kwd
iPm
m]d
nfI
d9E
hqU
i"L
mU*
b(S
d1Q
e$t
c(m
k:J
c:S
d56
i3g
c)0
l<)
e<.
h^T
cOY
h9]
eWA
jtA
l&a
kMm
l*P
nrX
mcw
e%d
lJ2
bJH
jyP
a}J
gqF
g]p
bL%
fQ"
h+/
dBm
f${
gF9
hjD
mdd
f8f
id3
dB{
klc
fgL
a+y
k)m
cW)
jTi
atJ
g-c
fAp
m_n
e#%
eO"
ld%
c7u
emq
jvr
ecg
e*d
mgt
h""
h$c
j@j
kBk
jqW
mv1
dz"
ac8
gvx
b*p
i/W
jRJ
ilh
aY@
ka>
aUu
lgq
e1m
gHj
e{3
aL4
eS8
a6%
hVJ
lU8
lmn
gl1
k?*
c-6
aW|
bxx
gc8
e#I
h=5
e!b
kqq
g:r
lym
i0Y
bF&
j6'
nzf
al*
d0b
l%(
cvq
alD
k){
k7%
dtr
ng.
bxy
iFk
k-,
j+N
d1y
b8{
g:-
h8<
cy$
e5w
k~c
h\$
iO`
b&7
eHz
b*c
eh0
dNN
i@5
ab6
go%
e7j
l&\
gI*
d`J
b.,
l85
h@i
m1*
gYt
d3a
i%V
d@X
cr|
isf
am0
ctp
luU
j8V
m/=
lki
m1D
bPt
h>!
bdi
dcI
gRn
lP"
fYG
iVJ
nvx
iI{
j_Q
g?.
lie
a@K
l*q
hrG
mo=
fBM
ii9
j"g
ktu
h!3
aD~
gf@
cq@
f63
mpg
ao\
c<7
nf.
h35
e-"
b+\
k?f
h="
lFu
jT|
ghU
iTR
eD#
l+j
lku
j^[
nc/
er4
m~1
m6X
alE
f$M
bt*
mB7
f9c
m@j
i]v
fGc
a_W
l><
da$
d]_
kEF
nq!
esH
mYA
jN>
kT*
iiU
b^}
j"=
g8Y
dWk
e&%
ah_
g-R
aDe
l_b
je2
g2c
fJT
eIb
j@f
cqx
dB\
b0-
eAi
k+n
mR&
b~4
mXm
k4n
a<9
cy^
f9K
m|Y
aG*
i2z
i[p
bP@
mS-
cq4
mNj
e4#
nA1
hR.
kDS
i7w
jDq
bxn
bi"
lVR
i!1
cq/
km3
dw@
l8J
mIw
k'v
h.'
l<*
f]E
ltA
e(*
g+=
eeo
m8Q
l@]
m5/
m"P
nh6
d>9
j?-
g8t
e&o
d"?
hm)
eEF
m5W
es|
e@F
iuq
a$-
g+B
h?N
m83
hwJ
l(d
b8v
koN
fU@
lg@
cj?
j#p
k2|
k2$
kz[
e8y
mG9
as&
f*4
d6v
m(Q
j5n
m>k
j!'
hrp
hmm
hRy
iQU
mQ,
e9]
b5Y
cSR
l>"
gtp
d1k
ku'
f(g
jk0
mRL
aU)
fc0
gMv
m(<
m#E
dq)
eje
ebR
dI@
k<0
gna
jz<
dK~
e5M
g$w
kZG
j3v
jL7
k!b
k8q
hPz
dK@
c49
b)>
i\h
gIy
clE
maW
m9A
dir
m^I
eu1
a(M
k}Y
g1l
kBJ
b'@
b@~
b:j
bEC
ccW
aTk
mKg
d7U
c&X
ju)
c+t
j]L
mHo
aep
a??
k**
k3~
c]G
dI/
e+w
c<[
i[d
cB5
g9s
c}o
nkg
j/L
alK
bk{
e'k
kvE
a\Q
m.@
ke>
kTx
c!?
f2-
b`G
e&&
f<|
fo`
k-r
kZO
krj
a*,
lWQ
nr!
b{<
j&Z
ep>
k0N
e}F
k%=
a<|
h<X
m]/
gug
j7Z
f96
cSr
j*@
c[&
lID
mr>
a{7
nh0
me4
m-w
csT
k!6
frV
dnr
f,,
kkP
llE
cqX
ge)
iqA
il!
jSr
np9
h#^
b_0
gJC
gwK
h+?
c*U
a#!
e!3
gLV
gq^
fky
l?c
e0d
cwk
l+d
cCx
iKE
azb
mvi
ni[
cw?
g(g
ajU
b^v
jo\
cwC
iC[
k"-
c>)
mQ)
kU`
b}a
iWx
aaq
mdV
dYz
jp>
dR0
bN'
nw=
e]7
mvH
d8"
nAu
lnn
mIp
f2C
ew^
kaO
e*g
e}o
m-'
i)J
m#B
bGr
l&!
gS#
a=)
mha
dB(
gw9
ljH
gB\
f^@
d-L
mA2
dVB
m|=
h=*
hFb
b!k
f2v
h6v
jCM
d4~
hZJ
cTE
gxM
fO^
c[m
cUA
c"s
jV!
mB1
b3v
kcb
du)
gZ4
k$u
e#m
c_<
l,U
g`.
hlF
hvk
a&#
g}G
ckq
mLL
du?
aa@
emf
h5s
fTQ
jlH
dyv
mT_
j{#
e|B
jrc
jX-
g2M
fPt
f1Q
j`M
bNB
dY<
lg$
cSC
iZ`
f[)
l>J
mx}
bJ[
e3U
el}
m+m
mUl
aiP
cow
b~S
i\T
f\-
k)+
g6^
k-/
ggB
f6F
c(o
a9Y
cX4
g/i
f+C
k``
f!R
gDe
fwX
k{f
j3[
afW
gU*
g=+
cbV
lhs
dk8
nse
b3S
eC|
kfb
crs
ad+
fZD
gZ7
c#a
gp[
e_w
d*:
b@#
b$K
elz
h']
l+<
iJ}
c'm
fkm
h<q
hO}
gcw
gE2
fhv
i~x
m2G
jN`
m@%
hgM
k#3
g&j
cf&
ayD
h/!
cG"
l9F
ms^
fz)
gCD
ja$
g#/
lN!
neA
h_.
a:C
dJC
fWg
b)W
kfI
kvj
k"*
l+A
ecW
ll"
j6s
i(\
g[@
dQp
c{>
mSt
l&E
k14
aK"
c`W
f#m
a:S
be>
bH1
f/p
aSN
jON
aU:
c#R
a{g
hi|
dip
fsJ
da{
g96
c5|
j"L
fEL
bPa
jPt
kaB
g{d
b91
f`)
h9s
bi=
bd+
mX}
dYm
f!z
iM|
l+|
d9w
nt:
gSz
bJI
jGX
dn-
e)}
kNV
fA4
l%<
i!C
hJj
dkv
gqy
lu#
h7.
jwG
jQZ
hAI
b}Q
mRc
gUQ
dFH
e05
k>T
gI@
mrM
