JLp
IJG
KOZ
Dsv
KOI
Cw_
AlK
DuQ
JzK
sT
LPn
JXc
HDP
ACM
GsC
JXr
EKc
Crh
KCo
DqK
Fjf
JUq
GMb
HRH
IMR
pU
EAf
JXF
EFw
EuF
EFJ
EJx
Fx
Kqc
Gxu
JQG
HJX
EY_
GGG
KQN
ADT
FEf
Ahx
rY
CfX
HED
ETD
CvR
Jje
Khy
EjJ
E_q
ENq
CVF
HsC
AUt
Fjo
DmO
FPr
FWy
Cta
JIR
Fsr
Cmy
AyF
Kfc
EKp
BzX
Ao
Ibl
EhO
EfP
Jb
Ivw
KyJ
BKx
GuS
BQn
CPk
GCx
HCf
LDN
ENQ
LVn
ItI
IWx
CrI
DSe
Ctr
GAY
IEk
AAg
B_e
DNb
E_f
VN
BRy
EvO
GgE
QI
IVE
Eig
OJ
Blh
ISp
AkF
DGB
EoB
IA
BwO
mw
DDf
BdP
GNc
BXB
HWs
EmS
ICW
GFn
HPt
DhX
CtZ
BEN
HQj
FaN
JQz
JeM
Fjq
BRu
CMC
CoS
KwV
IRM
InR
JCh
Xa
EXu
Gtc
EDO
CeW
Djf
ICp
Avf
IZI
ChD
IMt
Hha
IHU
FLp
BWG
BMF
EHz
EQD
Yq
CeS
Xm
DCN
DzD
Gpa
HUR
KhB
Hjz
Hlj
Hnp
Ape
IFv
HFY
G__
GJH
Din
DMd
KoB
wb
IDe
CYw
Bhu
AOl
Ke
RG
Bhz
Dfi
LHW
JWN
ECk
MV
GdJ
IeK
GHN
KJU
EAu
Emq
GTn
Cfk
HdP
Jev
KRK
DsD
ACS
GnB
BWh
AIL
T_
Daz
IRi
Azp
lD
Dxd
JGB
Beb
GDE
JIl
EGU
JDM
EFn
ADP
ItK
Ifa
Ewh
FBh
AGy
Gu_
Kjx
IAr
JVq
F_F
AMB
ISu
AIu
EmY
IkE
Hkv
FoG
Htr
Akv
Faw
Ixl
Efw
CII
Iaj
LQb
fG
KrM
ITq
FIo
HeA
AmE
DdT
BWB
DYt
Kjs
HCJ
JOv
DMy
Hok
GMe
Hud
HZM
GeP
KTV
KEu
UP
Hgx
Nu
Ani
Eww
JNe
JPt
FzC
HzD
BX_
INd
Frk
Gfi
Dmu
Bzr
EVo
IsF
DBw
aG
CEc
Idk
EIa
Cui
AFw
HvY
GEn
Kku
IFu
KrT
IDC
EZA
GVZ
FIR
DSG
AGT
IWq
FTK
B
AVJ
BKj
KcA
LOF
Zx
LUd
EZR
BmC
CgJ
JXl
FOi
Biu
LMf
LUb
HpF
CEl
IZG
FgB
EWp
IvB
hm
GFj
IPS
gH
C_m
EUS
Kkm
LUz
KvP
IDv
Ibo
Ghq
BOq
F_S
BqN
FcG
IcM
AUA
GKk
KeA
BFI
Bek
FwO
Gpo
Jkv
Bac
Fol
KDk
Jau
LBe
BsG
Kdr
Kc_
LXJ
FPM
Vt
Erv
JQr
EeC
AdH
IOU
Kcu
ISi
JdQ
GSF
EuE
HUH
ASL
QP
KaE
CLn
FYD
Eba
DlM
FlC
IIf
ALs
HVo
AnE
Blb
EXP
Cxs
KiT
Hmp
Kev
Aer
Dqu
DSH
KMB
AVl
FuD
Eg_
KRs
GeM
Gon
DO
BuX
EYg
D_N
Aur
KdM
Ebw
KLB
DEl
DzL
HXO
GMJ
GKN
BRw
Cop
Joh
TK
BrN
AZa
Ui
AAm
InF
KWR
IAO
EYV
mV
KXj
FVp
pT
CGF
Ejo
FVi
KmW
Dlt
Gis
BOc
Jhh
Cma
WR
BVN
BvP
Ezx
BCp
Gxb
Gor
ABk
HuH
FQh
FCR
G_r
Aij
JsM
FNe
AWE
HJc
FdH
GAV
HQY
JyT
KyC
BqX
Eic
lo
AFl
HcI
Cpg
Bae
CCg
Kxg
IOb
GcB
KkH
GAz
Cuv
Cha
Ave
Cy_
Dsd
Ezl
CWl
LN
Wl
Bit
JSp
BBp
nL
EFZ
IhW
ESw
Etk
JXI
DlQ
CMa
GHE
Ehq
jj
KwG
NQ
GSM
IRG
KXR
GaL
EDw
HOI
FZx
Bx_
CbC
GtZ
lQ
IQN
Am_
ATv
JJq
ARg
Jyp
D_b
DNI
JiF
KHU
GRJ
FDi
BGX
Dcj
KDD
JzI
GvY
AyV
IiI
Fh_
ASP
HC_
Dqr
Dfd
FvQ
KxF
Jsc
IaV
JC_
Eqa
Fyh
GhR
Ear
IVk
HPO
LOc
Gln
DkG
GGe
KHz
JUf
EiJ
JdK
FUR
MU
HKF
EvE
Iby
EqC
DQF
Frf
AXe
FWm
IUv
CYL
BIL
IbD
AwQ
BSv
Jxz
BxK
GDr
EmH
GPr
GWA
LEa
AgK
FeB
AYj
Jqg
Flf
Aoq
AwX
AlB
G_D
IfJ
LQH
HPr
KUH
EYC
KKU
BxP
FmS
GQF
EqZ
Ye
Ext
KlY
Cqa
CGB
LQu
HvS
HxP
JPE
HSI
CzV
GHp
ICR
KRL
K_q
Ia
BoB
CTz
JKi
FYw
B_i
JNs
KlR
FDf
eV
Awj
DL
ia
AYr
GcZ
CRw
Ihu
JSg
Azk
LRd
DYo
Ckh
AVy
BFn
Ixh
Djc
AXs
CXI
Hyl
BpL
IJW
JWx
BDb
Gxi
Dro
Kww
DXu
CgY
IHk
KSN
DNq
Kbj
AXT
DQo
BXE
DBK
InK
FIt
AWV
Efa
LVh
IFj
Frl
KZp
DWy
HQR
CRp
LTB
BCD
Kch
Hka
Kuf
KwN
INn
KSI
E_u
Vm
DYn
KIs
HlV
LKc
A_J
Dge
AOh
ALa
JwX
EqP
Cep
Kzo
Ktf
Gfd
GLT
Ixo
GwA
ITA
AUX
KDH
KnO
Jo_
Kiu
HIG
DCW
Awv
JrU
DFO
GKy
DCy
GRz
Giy
Idh
Dku
JBm
JQt
KS
Gji
JWP
Aqz
Cyg
Bss
JTK
DVI
IAT
AfB
EeV
JfJ
HGS
JPz
Dkr
Ym
IQc
Cvb
FUA
BHQ
LOX
Kqv
IAk
GQP
AeT
BEj
KlL
JRA
A_R
GXa
CyG
KUN
Hot
IMg
Dgi
Dno
Brb
gu
GEO
HNj
JKw
HwF
UD
Emm
Bdw
KKS
BdK
JDd
H_u
GPH
F_m
LQ_
HiP
JpF
GJt
GaT
Hpa
GKK
Bex
EVT
AS
GsN
JVN
Gfv
DFe
sr
yI
Kho
GTt
IqQ
ER_
FBF
DQg
IIP
KIF
CqP
FpN
HUs
JuM
KKe
GDt
FRo
Ehk
Ebz
IIs
AZy
Dyz
BEa
JlY
Sc
HTs
Cks
HFL
HIJ
Ebo
HVI
ss
Ecb
JBI
ESz
Ghk
GQb
FHu
Ghm
BUU
BzB
Aib
JaL
Eo
JhT
HcD
DIa
Eft
AtQ
Chy
Byp
Cec
Auo
GLj
JyQ
Jbd
xJ
InU
Hw_
FIE
GL_
INJ
GUw
DRv
AgH
EKO
JbW
HVe
Amt
DQM
HV
AEK
KRM
IzK
KVB
HEx
KHd
EmP
FZa
BBN
Jif
LA_
AVc
HZR
EyW
CZw
Hrc
EaH
DHe
ARD
JBT
KQp
BKn
BgD
BYx
GdZ
Kbn
FLE
_r
FUu
JuK
LOz
Hfz
Fjp
GVK
EkI
CfU
Khk
HxJ
AaA
EYs
Jzo
FJp
JrA
BPu
DzK
BQl
Iwi
JKd
JFo
DyT
CyV
JzA
ACP
Fvx
LJJ
Fsh
IKk
CUq
EWq
GfZ
ECg
BDP
KFv
Gmz
FsP
EVn
Fax
Guh
FXV
KUU
JCR
Kzy
GhW
ALV
Erq
GkY
Goi
AC
BFO
COK
Bwo
IAi
JPJ
Ho
EXJ
DMW
Esm
KEf
HZQ
KYC
DdL
HrW
uU
FsM
Jew
CsI
Dhl
LDZ
EOW
Jmy
GnF
FSY
HAI
JTB
Eom
Hkg
FmH
Qa
CUb
dN
Djw
D_P
Hrg
ELC
GGA
DXD
HJU
Iqj
EAr
BuU
FyP
DiW
DmU
CIR
Gqo
DHN
GBf
HaS
ESP
CXO
BIp
JkE
Kcr
DGp
Kaw
KLG
AyO
Fgv
KxN
Cdd
IIo
HWN
Bmq
CJf
Ggo
BY_
IJv
DHc
FOu
NH
FkN
BZE
KjI
AVL
FSu
Jct
FHA
Aid
Avv
AVY
DoG
EJa
LFH
KlG
BjW
DVz
EJz
KCx
GBj
EcB
JST
I_z
Glq
ILN
JZf
FpB
vE
BoC
BWq
Ro
BOf
AJa
ExX
GtY
IHo
IsV
GUf
LHk
EXk
Jfy
FHw
FhQ
Kve
GBc
EAj
Fxs
Dzc
LDA
EVp
KPl
K_a
XW
EjG
Kgf
EBq
ImS
Fsd
Avb
KZN
Lh
DEg
Drv
COU
DQm
GQg
EhP
GRs
IaQ
FpO
Fit
Vg
Iq_
bq
ISV
LBW
AOr
Diw
hD
AuE
IVe
KIQ
Bbf
Dgy
EAI
DQt
Ivf
GNO
DpQ
Gtv
DJ
HnJ
Gyb
Cbo
ARO
LSD
ISo
IYJ
HNF
CIc
HjV
Dll
DVl
LWG
AoI
GTI
JoR
FRT
H_c
BxB
HSX
KGV
Cgi
KgC
LDC
JhK
Dyg
Gck
GWr
IEc
CY
LPv
IWj
EtX
JJO
Ahq
GyY
Jbg
CEr
GsI
Ade
KxS
ANt
DJk
FDN
Ai
FGK
Fwu
EYS
A_e
IAA
FAv
Glb
JOX
JWC
FBz
G_C
ABV
Azg
PJ
zs
ImH
GJX
BVo
sR
BfJ
JML
IgB
IpO
JhD
JNg
AAf
DOb
Jn
Kea
CTs
FJw
HHk
BXh
HGf
ISf
Tm
FyI
Knh
DcV
HMP
FID
Fyu
BCz
Dky
HX_
CGn
Akj
IjL
FXk
FUB
FMV
FPs
Sp
jM
Khs
AVs
AGu
DHD
FSs
BPl
Dhv
IH
GCA
HHv
HEZ
Egh
BqA
LNg
DsH
BZM
KNp
KFi
Ggi
FKz
zu
BLC
Ehh
IkF
KWD
BBA
He_
B_M
BkM
Hxs
e
LCK
FxL
HgK
LHF
KkG
Hs_
GxY
GoW
FSb
FGh
HUC
LCr
Jja
KIr
Eru
OM
Jrz
JhQ
KDj
Kcm
EMd
EEL
Kri
CYo
GTf
FbS
BLY
Adw
KSk
EDf
GDl
ys
Dma
Boa
IcR
KFW
BvC
Kxh
GkA
IEP
GaA
CZN
CuI
AyB
Jgl
COj
XA
KDJ
Aql
IqX
CSn
COG
AYl
JMe
KhG
DmF
IOh
BEs
HeH
KJZ
Coj
KLL
Eve
DJb
FSA
Fqe
F_J
FHN
Ksm
Hcj
LBd
FPl
Igt
CEW
Hta
Hxl
yi
GBE
kS
KtA
JZd
EBp
Ju_
BCa
dn
JwJ
DDW
Hoo
Isi
Adj
CZA
FJ_
CUB
Dgo
Bsv
EsB
BYi
E_t
DXI
jb
GAi
FjX
GcH
EPv
JOK
FfC
JwR
BZn
ASe
DcZ
uy
FTL
IZC
GN
GAk
GUg
CBJ
EQq
Dwu
JKM
Fwh
Jj
KYY
GC
CHF
Blq
KAD
EkL
Dik
Amd
KiN
Epf
CHw
GKb
FIg
HBv
EFA
CUA
LVx
END
Kas
JeK
A_P
IYf
GPK
Joa
BKL
Gta
Fdq
Chk
EBI
FaP
Jt
HVi
LFZ
CLI
GHa
LVI
LBD
CoQ
GPd
IpM
LSG
BcW
Ayu
LKi
ITI
Jqs
Bkw
Kzh
J_m
EJR
DZX
Hq_
JpQ
ByB
Emu
FPZ
JWo
JFc
BDH
AAR
AZr
DpA
GAH
ze
BuK
CvU
mK
CrH
CwO
Kvp
Jkw
CbR
ARM
FQf
FyL
KmJ
CEo
JTo
KNl
FtY
KAq
Ebv
EXD
JOZ
AfI
HBZ
Wh
Edv
BWk
DaV
Cap
KwD
GuC
BqS
Kgn
ALS
KQT
Kow
JCL
FWi
CjG
BGF
EWM
FIX
KyM
DsI
LAF
AiF
wc
JPb
KzR
KUk
KLs
JWb
vi
FtP
IeH
K_m
BTq
KOU
BuL
Jtg
ESy
IPp
Cyl
A_a
JdJ
COW
DZh
Ddq
Cwn
Gyx
Jqk
Btp
JW_
AZi
Fir
Flr
LFP
GND
Yo
Eol
KaB
CzB
EUg
EEm
CoM
Cxv
Hah
ErZ
Bt_
Se
IfB
IqF
EL_
GU_
J_k
BgL
Abt
FRp
JsZ
CXH
EJJ
Koq
Hhb
LAt
GkT
BHI
GvD
Keu
Iqb
KPI
AKs
BAy
LEO
Fjm
JXe
Gq
IHT
BXU
FSy
Bja
KQV
BLl
Kzd
IC
DpC
HLK
EbS
KKw
JBp
KnJ
IcD
FMF
QB
Iti
BIX
KRo
Jbj
BFY
CqB
Fyq
B_B
JMR
JKl
GTs
Jgv
Aqk
FUO
Hhk
GlG
Ftd
Kpi
KDO
ESv
JDT
Jxu
Ehc
KYh
EsR
HRA
AlG
JaC
EHq
HhI
Eog
JkS
HdZ
DsY
EZz
EqL
xI
AwJ
HQo
EzW
IR
CCI
JLG
KCF
HDw
JKD
ALe
HKZ
Fmw
EfQ
CAJ
Eyr
Goq
sd
DVB
EAa
HYs
CXZ
AOf
FiH
Dtn
GVl
ExS
DHp
Ab
sH
ICh
Fsf
ExH
Fke
Dyi
Ff
JCp
CcV
EHo
iH
WU
lS
FAx
HCB
JIK
Hem
HEJ
DMb
FlR
AxO
BOy
FaW
ATQ
KxM
Kdo
DXk
FwT
HtZ
CHu
BwX
XH
AXL
DAG
EPe
CWh
Gti
CqW
DbU
JlK
Fba
LGC
Inf
FJa
IsW
EzU
AMi
CQD
LUH
Ijr
DUG
GDg
oM
Ivb
A_c
ExV
CSH
All
FPg
If
JyR
Gyy
Mu
CQA
LRV
CTc
KZr
JeS
LUw
B_C
JDL
HnV
Jir
KmR
CGR
IPe
DWN
D_G
LHt
Aig
Hj_
GRD
HEj
FkF
AFU
yz
Fsx
FIF
HgR
ESK
FBf
Ftz
HLx
EtY
ASz
ETM
GrN
EzR
Kr
Czf
HPL
JBd
Cat
CWN
ELX
LFX
ENC
ADz
Irb
Asn
Clx
Dkw
C_u
LRs
EaD
BlB
IyF
JWK
DuX
KbD
LFG
KLa
Hyj
BNk
LGB
BAc
GQZ
il
Xo
ALd
EcP
KRe
Fcq
HKl
FMR
IKN
Ra
Aea
IcW
Jgc
Gkc
FxA
AQw
ETk
AeV
Bnu
GzB
IqW
GVa
IHG
KGz
DJD
xQ
KgL
ja
FFx
JWH
GIO
DJE
LOV
Fym
FRV
AuQ
CPU
EHF
CEe
Krj
FKU
GUn
GcK
JaG
BUf
CzA
ARa
Hsq
Aiy
BfM
IaN
Gwa
DHX
Jjq
HxI
GnE
AHA
FQn
KEP
Fwy
BJa
LIt
BGS
LCB
Hpf
BFK
HBk
EpW
IFN
Axy
HBE
KiY
GPF
GwZ
GLo
Coz
ETZ
GIM
A_z
IWb
EDu
nJ
HGL
JSv
KYf
LGO
KKg
DIF
IS
HkS
FnN
ELo
Hhx
GXf
EDA
HIB
GjI
HCr
JGh
HJP
FDs
iE
JCW
ABC
JX
DrS
FTP
IWP
Iwc
JkJ
FQc
ADX
AGX
FcK
GQL
JNj
EGz
EpI
HMH
Aat
ANE
AhZ
JrC
Jjj
DUt
Ejw
IvN
Gil
IeU
HTa
JXq
LFO
KrI
Cht
Btc
IOz
Cxb
CnZ
HIc
BLf
IpP
JKK
GYm
JSN
Bmz
AFg
LGK
JXO
KBr
lY
CGp
Jiv
Gye
Hfu
KUF
Huf
LPf
BPx
GbD
YH
z_
Kec
Jta
I_A
AWT
Ei
GAN
JmW
OS
DMD
GCH
KuU
EBS
Iu_
INr
Fbb
ArW
AEf
kt
dM
BHa
FKi
CW
IuG
LKf
ECm
ETT
KgG
Aaa
Dke
IjX
Jrd
EvN
HOL
GTl
Jfi
LIk
HJk
JZb
GMS
EzY
LMX
GfO
CI
KJR
LAg
EJn
Uu
Egl
BUp
GhK
FBd
BDs
JeT
D_O
Kvb
GAa
Bhy
AmS
KzD
KM
KhN
LCs
JGw
Ija
IoE
KeG
AY
GOD
_k
AAl
HxE
BEK
DeR
BFk
EmL
Kph
ru
GmI
IvM
DnP
BSw
sS
LAN
GYE
HWT
KDz
Dkq
HZt
EgQ
Dja
FVN
IXX
Hbs
Gzr
HUy
Abg
FRF
KaX
APH
AmF
EfK
GDq
ae
Kbc
Hxz
HyA
KHq
Bad
Abq
Dsu
KQE
Jdf
bJ
ARY
DNW
JKn
Fxk
lj
GYj
ElU
IPJ
Jnk
ISd
mP
Kwz
cZ
CZh
FhE
KmM
ILV
AOK
AXm
Kxj
Fpt
FTe
KvC
GCt
Gvq
JVZ
BNn
tM
LK
Jlk
Czw
AgT
HKh
LLi
BiD
ISG
GBV
DNs
Gms
BtH
Ibr
IOX
Gjz
KWm
IpY
IEl
AIh
LHS
HKC
BgR
ZC
HsH
ElS
KSm
KLD
rV
Jsr
FsF
AXo
LJV
Krw
DIo
AqA
CmV
FIf
AmG
IOZ
DbW
BFG
BYl
Hmj
KBD
Gun
GNY
JMU
EEH
JFQ
HVh
IcF
AuZ
CWT
Bdt
Hrt
HHz
DsB
DQ_
ANL
Dw
oL
aS
AWX
FoF
CNs
ESF
ClV
HDO
IQF
HLm
Kon
FHy
Krg
AbV
AGg
JmE
BQF
Kpo
DJK
DCg
CLu
FY
DzB
Boj
AUL
EAV
BaC
ILH
LIB
DJo
HlU
zD
Fie
HDv
BNf
EYW
Bxd
JN_
EKS
Jll
Eqo
JxU
BDc
FhH
gq
JtU
HGK
BQ
tN
C_D
Hhu
Gje
DnQ
FNY
Cyw
DL_
Cxq
H_P
Kig
CTr
ti
Exy
Jmk
KXN
FEs
LSi
KW_
FTn
DLr
JgR
IWU
LIL
AED
Dcs
HGY
FMP
Hjl
Hrd
HXE
AtH
AtF
Agk
IUL
Hho
KBV
HBc
HFv
CMG
D
ELY
FRC
FKn
EPz
AHU
KEi
KWy
ACH
xD
JN
CND
KfS
va
yJ
AAu
Gpg
EAY
CmD
Bdn
Hwf
GJ_
Jok
kA
AOF
Hlv
DbM
JxL
vn
Kdx
Iog
Cfj
HaW
KDw
GlE
Akb
Bxe
A_i
FRA
ACt
JdV
Bct
JTS
EqV
Fsn
BFh
KYl
CbP
LKB
GDd
JDk
IaW
KHs
KoJ
FuC
KyW
Bj_
KOq
CLd
FSx
JjI
cM
KTd
Fze
BBK
CDn
fj
ERB
IGa
Jmz
Ghx
Kqx
DFu
IbQ
HPI
FgH
IzG
FHl
FbR
Ajx
DFM
FHr
HSy
HlQ
Dhr
BUW
BSW
FTR
AEH
KXL
LU
Kjo
Jjk
AYi
Buq
Ezp
EFP
Pn
IIO
HwY
Kde
KGw
BVf
GSU
LTA
DVk
Fxi
CTX
FGB
Yx
DsE
CBj
Dse
Dnv
Idr
oA
DqL
Fhz
Azn
lg
EgG
Cgd
KKI
FRG
KAE
kD
xd
LSf
EwL
Csm
ElH
Eze
LBQ
Hwr
Ixx
iI
FHz
Isn
KcL
IgN
DyB
Ewr
HdO
FGb
Faf
CSX
IAm
EQE
Kuu
LNm
rh
IVH
IMi
DTV
Bmf
AZJ
LHn
iy
BwP
GpQ
AIg
GJM
EqX
GGO
ABK
DRI
KbT
Ahs
LCp
IGT
JrJ
IKm
Bfc
Ggg
BDF
Ila
DCF
Jtt
CIP
gL
GEd
FCg
IGk
KmV
Fvw
BbJ
LAO
KYm
KSl
EZQ
KQg
AgC
IYc
HVj
AQW
KYp
CAH
Dov
Bic
G_Y
HiR
Kqd
EH
Hio
Jpx
Gus
LQV
Adk
zW
KGX
JSG
AWF
Jhw
Na
xl
KWM
DpB
FhP
LFA
IHB
KhQ
AJb
JYj
up
BqZ
LMi
BYE
Haa
LBn
CbI
Fku
JYi
Ciy
AmI
ACE
DZm
sy
GOM
FmM
IIe
ok
CBD
DDV
J_l
ASB
CnL
ATI
HDI
HaN
cV
LEe
BIC
Ggd
BCj
GAt
Ezc
CBt
HTz
ox
AZ
sh
JCc
Jda
AgY
Kwj
Hxr
Hra
Ktt
KMa
BnW
JMp
LGg
Hab
GpO
FyR
EBQ
CzF
SU
LNy
BlU
BKI
DyU
Iiv
Imw
FeD
Goe
Fr
CGq
Jas
GVv
FpU
AYt
BnV
FpZ
cq
BGj
Bp_
CIT
Juw
AHl
Exx
hI
Kub
vs
EIh
xz
FwV
LEM
Fzg
Ejx
KZZ
KsB
UU
GO
Hih
Wt
Aku
ErP
AJZ
JIJ
Arq
qM
GUp
Hlu
IiN
Hzv
AFT
Ark
ATC
Jjm
GRm
ACZ
CTB
Aad
KQs
Gam
Jao
KC
sB
EkH
FVa
KNk
RT
JuW
HMc
Kgy
FfH
EmE
DTk
DcF
Kuc
JHR
DLo
Com
FpE
JDj
JoZ
Iot
CCV
DpV
Fi_
Cxy
BuA
HkV
Eke
GG_
Kwx
Bll
IRS
HOP
DWI
LWf
Hgg
Tv
Dih
JRO
AMN
Hqi
AF
BIf
BtV
Esp
B_
HgF
DUS
KJm
CB_
FVU
CQK
FWR
KLK
FTu
HMC
ChE
EKv
JnJ
DVj
Dod
CqE
APK
EKR
sP
KkQ
BSX
IeM
DVf
DSE
Gvb
DU
Hy
EV_
CWn
LGV
KwJ
ECu
GdQ
FFf
FyN
IJT
DqA
JQW
KWJ
DXP
A_H
HkJ
ITT
JKc
Gjq
xE
Gpl
FMy
KZV
GxU
JJ
FmB
EsN
Jxn
KSn
Acm
CnC
IKY
DQW
CMh
JlD
FIH
IzW
GoI
AQb
ATq
Job
HUv
ChQ
IRO
BmN
Dtq
Hun
GYR
AiB
FWX
HAD
FkZ
AcV
JFC
ARV
GjM
KMg
Ffa
IYx
JjX
Jup
IOu
Hgq
KgF
ENj
EG_
IzE
gC
nO
HyB
Jbl
DCh
AQP
ij
AJy
EYh
JxH
KnF
KiR
Gpt
AFH
DgA
Vq
Jun
Juc
KAK
ERS
FjW
F_q
LVN
EpJ
DIg
AWc
FtU
JIa
HsQ
HCY
HHT
Dnp
BfS
HNb
LWI
GhD
Jkb
EIY
KSX
FCq
CIN
Bum
LRa
Ol
AWs
BdC
FMD
Epq
Biq
ac
JMI
UB
B_p
Fml
KiF
Jfo
AIR
BBF
EaT
GZz
Jwg
LBU
CuT
Agl
KoK
IrT
Dvh
DP_
HQI
KEs
Aag
FwM
Fqc
FYN
FvD
Eus
yO
kF
Apl
ANB
Hav
Gv
D_i
EgA
FFK
CqD
CZE
JRG
ECx
EPY
Egr
BQH
JHH
_l
KXQ
Brm
FZ
Sm
FdK
BRG
UH
GRl
LDv
HLN
E_b
EIJ
Ftc
Ejr
JiD
Ny
Cvi
KAI
Hlo
FiE
IuT
HLV
JMB
IDs
IvG
GZL
ANH
Imx
GjF
GPl
Fla
Eur
DHo
HeI
DKi
Hst
HJo
AxD
ELi
ADK
EMa
EiZ
Ixv
Fpd
Gsj
ICL
IxM
zL
PO
Iyp
Jre
LNl
TD
wv
IOO
EYo
KCM
DSV
IMz
UE
Hly
Cgj
AAG
KKQ
AvG
KQw
EJY
JOi
ZO
CnI
Gia
Dvg
IoG
CAg
Kby
IUD
HzQ
EdW
pX
DWq
JJX
AoG
Brq
Hsu
LEs
IQm
LGq
LGo
Gtu
DMe
EFk
Ka_
FUE
YP
JpP
LWK
GTB
Hlp
KAc
HTU
yL
WS
Eel
Emz
AOD
CVi
Caf
yq
IGY
KHo
Fjh
p
FFA
Os
KdQ
LXG
DtI
Gal
tY
Vs
AMn
HCv
FDk
GTZ
AMA
ki
CrR
KBg
bZ
Jvw
HeB
ce
JyM
Iab
IMF
Jpm
DrA
lR
DSc
CFE
Gii
Crg
Zq
DWr
GpS
DYh
Dyt
Eaj
Jot
JHd
Hdr
GD
KSK
XT
KAV
QG
AxK
Bmi
EgC
IHq
KHR
Jiy
JcJ
HGu
IIT
UT
KLx
BYo
AlL
KVS
FWD
LQJ
AfX
AVg
LQn
FGy
Hkx
KDW
LOx
Dqs
Apz
Jfw
KcP
Ll
BLT
Axb
KgK
CVp
Kug
LKC
Kvd
EiP
Epp
IJt
HRN
Fa
AJt
AcD
vZ
Kji
Fab
di
GwN
Cwu
ANT
Kbf
EHn
LGu
HDp
ISe
A__
LJe
eo
AOL
ElY
Fwd
Bea
DBv
Cnf
Gk
BE
Hpy
Csn
Ahb
Ln
DUb
FpI
Aab
BFP
KkM
DPe
GwV
KVU
CtT
DbZ
Eiu
Fyz
ACW
Ox
GPY
ASY
IZa
ADt
GGf
EdB
CfE
I_h
IhB
uX
IW_
Ikh
AfZ
IBI
CGe
D_u
ta
KpV
IiX
ym
He
Bqv
LQm
EYe
JXK
DGO
ZB
KFj
LFV
Gyu
KHS
HBW
GPk
LDu
Jh_
BDR
ILl
AYF
CiU
Lg
KiB
LHv
H_l
Acg
FMh
ND
Koy
Gid
DHP
Fzr
CZp
LAQ
FrE
ASa
Kfx
DE
HYx
JsP
ADU
Gfx
Ive
uc
wQ
CUa
Ags
LJy
JFw
Aec
LKs
Kep
Afx
Kpw
Cqo
IDP
CGU
LEn
KdZ
HIT
xw
IAc
AWM
CaT
LJc
HOd
DqH
KvT
GgR
JzR
gR
ClF
qz
Jsp
KoV
Cj
Gxt
Xx
SB
IIV
Oa
Iam
FdW
AL_
FSj
LSH
DHR
KpZ
KrN
ANu
BTG
qo
Akx
FXK
IDF
BXw
NV
KnB
IIn
CzE
GFd
BbN
KdW
DlY
FEl
IdD
Klv
Ekc
Dpi
BzJ
BFi
Fks
ADM
AQc
EVi
vg
KlO
Ifc
Kek
GCY
JTG
FHs
HHx
JSt
Ewc
EBi
on
AiE
GH_
AQa
LDJ
LGh
GQk
FWd
Gnl
AMR
DcX
Ddu
FJO
Kiw
XV
xp
Kfe
FXF
HtO
KNP
Bwu
FjI
KBC
Jhd
DCk
JmG
LEL
Hya
Jcq
CvS
Dpn
Dkm
JHG
Cvk
AAq
JOo
GqX
Di
CHp
ST
HS
Jeg
Kmy
HhX
hJ
YQ
KmO
zd
J_y
CdB
Wg
DgT
DmX
AYu
Ayq
EXf
KBo
KDR
BSr
BoP
LMF
LPZ
KmZ
rC
BnF
bI
DBy
AqS
AJk
CV_
KVi
sx
GnI
GMo
BPN
Iiw
Icz
KhK
KJn
JyN
Iud
HyD
AM_
A_w
CUl
Alv
BZc
Dgu
aO
ASS
JjH
EPJ
JGk
KtY
JLb
hK
Jpf
Eqb
JjU
Hb
BfA
Iyb
GEB
KIz
GGa
LCL
AVq
JkG
HRJ
RB
KqW
Dtz
Aon
Hjx
DQB
KNO
BYe
zR
Bqe
Azz
CgO
of
Cgv
KOz
FAP
AQf
F_
Eys
EZG
CIV
LRu
LLv
FF_
EqM
Kwv
KAW
Hkz
DRf
EZx
IjD
Ic
GSy
KTO
Bk_
IKc
LGT
AXR
IWK
JuP
Bxf
LSl
KkE
GbI
Hri
Afl
IJC
HzP
JKC
DBp
CyE
JIb
ge
Fy_
AsX
GtM
LAc
EIn
JtE
KDG
BgH
JkO
Kam
AKw
DAt
DPi
Ak
KqA
ALy
EoX
HAl
KBe
KuX
sw
Fch
AUH
ASc
E_L
FOb
Kei
KGY
Gbr
K_D
d
DAT
GYr
Joc
Bwa
Ja
Epy
CB
BZp
Hys
JcG
JSc
LNJ
JJo
Kjh
Jrh
KEB
AG
EsK
Jsl
EUi
LCS
KV_
KEv
LIc
JKy
LHH
JFj
JwF
ByV
AYQ
Kzc
gT
ANv
GtX
Hdw
EyE
Dvf
Fou
DkI
Itm
eG
KFU
FVQ
KCb
Die
CmR
tk
AKr
DLF
BxJ
EJA
Koi
ENN
BCP
BcF
pp
Cwc
xA
HCh
Ckw
nh
Bmm
LB_
LBc
KBW
DEI
FHp
LNu
jT
GFS
GtG
Fsp
RI
Afd
EXM
Jzc
LPO
AHa
FTE
FBu
Jui
IOT
EQv
EZ_
GYe
KVT
ANx
ik
JKa
Iyn
DTx
GUm
Hth
sa
K_O
BzW
Yb
Gqb
KDV
BXO
DDa
FXr
JPL
EeB
SA
AV
KEo
rq
SS
Xu
HVg
ts
HXJ
GfY
LQE
DGx
Cic
FPi
E_A
Dfq
KOX
LPD
CJw
Ilg
IlS
Jnq
Kty
LCx
Aev
aQ
IjG
HjO
JjG
Bu
ECn
Huy
KGD
ArF
EgU
Gfs
PP
Kjn
HuN
AYU
PR
Gml
ErC
BcA
Dox
AMc
DC
FNM
Hfv
HMw
IId
Acd
KFT
KjT
Py
Fjb
GZm
BH
Hvm
Apv
DnD
KHJ
Kxt
KyB
AVK
Ksd
Ecj
KHg
EgX
IqP
AFo
BLJ
ANM
ApW
GPi
AWz
HfZ
KUv
LEi
GhV
EZm
CAE
ARe
vt
CLB
GGc
KGJ
HPA
KYz
sl
Iwq
AEM
CIb
AGf
eS
Eky
BDJ
RU
UF
HpV
Kjw
EnX
LJA
Hoh
ADw
AcT
bz
Kew
KvD
rk
J_g
nP
LVs
Fvi
LY
HMI
KuF
DNl
Dtm
BnN
Chd
tp
BLd
DrK
DPr
LWU
KAu
mB
HBO
Alq
FX
DOI
IY_
APA
BpO
LIT
Jsd
Emw
AVZ
Aft
GbU
AeC
AhT
Kaj
Byq
Kib
JxO
uv
Jmi
DCM
KVl
AVM
GJm
Hq
LWH
LI
As_
CYF
KTc
CiJ
IUz
Bxg
Chu
_P
IjM
Baj
BNF
cQ
KwO
FmE
bv
JwS
FeX
EXw
KvA
Kif
qZ
ATn
Ksa
az
AOe
Jrc
JAC
_S
Ix
LJk
Juj
FX_
GsS
NP
CJU
HRe
vu
Ich
iL
LPz
KxH
Fi
Jqq
Jqd
KGq
AsR
LJL
KbR
ASU
ARr
IzQ
JFB
ii
GZQ
Hkl
ABF
RC
LMo
GRu
BVj
Gd
LKd
JqU
Gle
FLj
HFI
tJ
dj
LLX
LEN
LWv
Uz
GYV
Jl_
Dg
HNZ
GYc
GwS
AYD
JrE
CLO
Ded
BAt
Edo
LFu
EHI
Hkm
Rs
JeH
GgF
KIE
CUS
Dx
Qc
EqI
FP
BSx
Aex
AIG
Vd
Cnw
hc
CUL
eX
AMb
ATy
Eyk
D_Y
CYB
_X
Bt
AfM
iG
Doj
Ib
BAb
HDC
Ksc
Ega
ALD
Gbv
Kfd
AAv
Jp
Ity
ADH
t
EEu
uK
ANh
GYQ
LVD
JjE
FjO
Ivd
Joz
LHl
BFM
FZf
HIE
AOz
KoW
LPa
Jze
Kck
Ksv
DRr
F__
LOt
KhL
JpE
KMO
KzY
LPK
CTx
IeX
LRz
JEj
w
Kqn
JgE
COC
HLH
JsL
IMy
Cea
Dmz
yE
Chm
qB
CsK
LBg
FHb
BVQ
iV
LJT
FSP
AHb
BXK
CBi
La
JrT
Kgr
Fan
LBR
JZi
Cet
HOK
GtE
KcO
oj
EIe
JmN
JUH
DQx
Apf
Asm
AXI
JmQ
FlX
CiO
UM
JvX
Kxn
AeD
PK
JZE
ex
KGC
AgF
AZR
AsN
FzW
AIE
LMV
KMX
KID
KMS
EIP
KQJ
C_C
Qm
JxA
KZ
Jdm
CUJ
EOg
GuD
KFn
Kze
HNK
JIY
LAi
Jgs
AXf
Ux
LTz
BC
Bc_
tf
DGW
Jj_
Atn
LAX
GuZ
AXM
HcC
ED_
LUx
AEz
KbJ
Ne
APU
JCo
Ezu
GMZ
BF_
JVd
KYN
LE_
pn
Jww
JqX
JMs
KVF
zP
LJR
JLd
LSd
ATJ
EyI
qj
JYu
AnK
GNs
Alf
ACJ
Ch_
KlJ
GHr
EOF
CfT
IUG
DfO
KSG
Hmg
JtO
JEi
BM
KUC
AwZ
GoH
JPZ
ABs
Kvk
BFX
AUs
Bev
KlU
FsI
kL
ABE
ASb
KrG
XB
BMK
Lu
Hi
BZJ
IxZ
Aiz
KTA
LBN
JyL
IZr
HJW
KJt
GcR
FZL
Kcc
JGy
mk
LEu
AHv
AQB
LLs
KTl
JXz
GQH
yw
EjI
PL
Dji
KYO
K_l
Kbz
AGm
CYX
FZY
BIP
YS
KBU
GoC
Jjd
Jxc
KZW
JzD
Cfo
LVM
LWb
pL
AIK
FYW
AYz
DPn
FYp
DOr
A_T
Gtk
AHt
CUP
KgS
KGo
IbK
DLt
DpE
JDl
CZW
Hwe
OF
kz
Ads
AXA
IQw
oW
AFu
AIe
GrK
CxZ
Jps
Ftr
LUl
Kbu
LCE
LFe
Jsv
gn
JK
Ac
GBo
ZD
KbU
JvW
Eds
qk
Kbt
EZt
AKW
CPC
KSc
LJb
I_F
AFI
IhN
Kmv
Fz_
mH
bB
Aaq
Ag_
JFk
EKg
GSe
GYy
CBq
AWN
Jwc
GgX
HCX
GCj
Drw
LOE
CrM
ILk
ARL
KVq
LKv
BGl
Ebi
BaJ
BaN
JbI
CfY
KDF
KnM
AIz
FPc
AKd
AOQ
CdG
Evu
ABO
Cfe
LJg
ASl
GWf
CuV
LQM
KbV
GIu
HMW
Dab
BQt
Gna
AxV
IJX
KkX
AE
FKY
bE
GBm
InO
KGc
JmL
EIA
KqC
Khu
DPX
JLP
Ird
Ktu
Ah
BuZ
GsG
GJE
GIx
Ak_
LOe
Ci
Kla
HYK
mY
KRF
wa
LXM
KSJ
ATp
uO
od
ASO
KMs
AnH
GML
LGN
BXu
AzM
Gvo
IDk
IaB
hq
AQm
um
HqU
Dyq
BLs
au
KWX
HLc
Jig
GED
Uh
DKn
Zp
LHw
